;  LST file generated by mikroListExporter - v.2.0 
; Date/Time: 6/5/2025 16:02:19
;----------------------------------------------

;Address Opcode 	ASM
0x0000	0x2A09      	GOTO       521
_Delay_50us:
;__Lib_Delays.mbas,41 :: 		sub procedure Delay_50us()
;__Lib_Delays.mbas,42 :: 		Delay_us(50)
0x0003	0x3053      	MOVLW      83
0x0004	0x1283      	BCF        STATUS, 5
0x0005	0x1303      	BCF        STATUS, 6
0x0006	0x00FD      	MOVWF      R13
L__Delay_50us7:
0x0007	0x0BFD      	DECFSZ     R13, 1
0x0008	0x2807      	GOTO       L__Delay_50us7
;__Lib_Delays.mbas,43 :: 		end sub
L_end_Delay_50us:
0x0009	0x0008      	RETURN
; end of _Delay_50us
_Delay_5500us:
;__Lib_Delays.mbas,53 :: 		sub procedure Delay_5500us()
;__Lib_Delays.mbas,54 :: 		Delay_us(5500)
0x000A	0x3024      	MOVLW      36
0x000B	0x1283      	BCF        STATUS, 5
0x000C	0x1303      	BCF        STATUS, 6
0x000D	0x00FC      	MOVWF      R12
0x000E	0x30B5      	MOVLW      181
0x000F	0x00FD      	MOVWF      R13
L__Delay_5500us13:
0x0010	0x0BFD      	DECFSZ     R13, 1
0x0011	0x2810      	GOTO       L__Delay_5500us13
0x0012	0x0BFC      	DECFSZ     R12, 1
0x0013	0x2810      	GOTO       L__Delay_5500us13
0x0014	0x0000      	NOP
0x0015	0x0000      	NOP
;__Lib_Delays.mbas,55 :: 		end sub
L_end_Delay_5500us:
0x0016	0x0008      	RETURN
; end of _Delay_5500us
_Delay_1us:
;__Lib_Delays.mbas,29 :: 		sub procedure Delay_1us()
;__Lib_Delays.mbas,30 :: 		Delay_us(1)
0x0017	0x0000      	NOP
0x0018	0x0000      	NOP
0x0019	0x0000      	NOP
0x001A	0x0000      	NOP
0x001B	0x0000      	NOP
;__Lib_Delays.mbas,31 :: 		end sub
L_end_Delay_1us:
0x001C	0x0008      	RETURN
; end of _Delay_1us
_Lcd_Cmd:
;__Lib_Lcd.mpas,33 :: 		
;__Lib_Lcd.mpas,34 :: 		
0x001D	0x1283      	BCF        STATUS, 5
0x001E	0x1303      	BCF        STATUS, 6
0x001F	0x1BC0      	BTFSC      FARG_Lcd_Cmd_out_char, 7
0x0020	0x2823      	GOTO       L__Lcd_Cmd46
0x0021	0x1186      	BCF        LCD_D7, BitPos(LCD_D7+0)
0x0022	0x2824      	GOTO       L__Lcd_Cmd47
L__Lcd_Cmd46:
0x0023	0x1586      	BSF        LCD_D7, BitPos(LCD_D7+0)
L__Lcd_Cmd47:
;__Lib_Lcd.mpas,35 :: 		
0x0024	0x1B40      	BTFSC      FARG_Lcd_Cmd_out_char, 6
0x0025	0x2828      	GOTO       L__Lcd_Cmd48
0x0026	0x1106      	BCF        LCD_D6, BitPos(LCD_D6+0)
0x0027	0x2829      	GOTO       L__Lcd_Cmd49
L__Lcd_Cmd48:
0x0028	0x1506      	BSF        LCD_D6, BitPos(LCD_D6+0)
L__Lcd_Cmd49:
;__Lib_Lcd.mpas,36 :: 		
0x0029	0x1AC0      	BTFSC      FARG_Lcd_Cmd_out_char, 5
0x002A	0x282D      	GOTO       L__Lcd_Cmd50
0x002B	0x1086      	BCF        LCD_D5, BitPos(LCD_D5+0)
0x002C	0x282E      	GOTO       L__Lcd_Cmd51
L__Lcd_Cmd50:
0x002D	0x1486      	BSF        LCD_D5, BitPos(LCD_D5+0)
L__Lcd_Cmd51:
;__Lib_Lcd.mpas,37 :: 		
0x002E	0x1A40      	BTFSC      FARG_Lcd_Cmd_out_char, 4
0x002F	0x2832      	GOTO       L__Lcd_Cmd52
0x0030	0x1006      	BCF        LCD_D4, BitPos(LCD_D4+0)
0x0031	0x2833      	GOTO       L__Lcd_Cmd53
L__Lcd_Cmd52:
0x0032	0x1406      	BSF        LCD_D4, BitPos(LCD_D4+0)
L__Lcd_Cmd53:
;__Lib_Lcd.mpas,39 :: 		
0x0033	0x1820      	BTFSC      __Lib_Lcd_cmd_status, BitPos(__Lib_Lcd_cmd_status+0)
0x0034	0x2837      	GOTO       L__Lcd_Cmd54
0x0035	0x1606      	BSF        LCD_RS, BitPos(LCD_RS+0)
0x0036	0x2838      	GOTO       L__Lcd_Cmd55
L__Lcd_Cmd54:
0x0037	0x1206      	BCF        LCD_RS, BitPos(LCD_RS+0)
L__Lcd_Cmd55:
;__Lib_Lcd.mpas,42 :: 		
0x0038	0x1686      	BSF        LCD_EN, BitPos(LCD_EN+0)
;__Lib_Lcd.mpas,43 :: 		
0x0039	0x2017      	CALL       _Delay_1us
;__Lib_Lcd.mpas,44 :: 		
0x003A	0x1286      	BCF        LCD_EN, BitPos(LCD_EN+0)
;__Lib_Lcd.mpas,47 :: 		
0x003B	0x19C0      	BTFSC      FARG_Lcd_Cmd_out_char, 3
0x003C	0x283F      	GOTO       L__Lcd_Cmd56
0x003D	0x1186      	BCF        LCD_D7, BitPos(LCD_D7+0)
0x003E	0x2840      	GOTO       L__Lcd_Cmd57
L__Lcd_Cmd56:
0x003F	0x1586      	BSF        LCD_D7, BitPos(LCD_D7+0)
L__Lcd_Cmd57:
;__Lib_Lcd.mpas,48 :: 		
0x0040	0x1940      	BTFSC      FARG_Lcd_Cmd_out_char, 2
0x0041	0x2844      	GOTO       L__Lcd_Cmd58
0x0042	0x1106      	BCF        LCD_D6, BitPos(LCD_D6+0)
0x0043	0x2845      	GOTO       L__Lcd_Cmd59
L__Lcd_Cmd58:
0x0044	0x1506      	BSF        LCD_D6, BitPos(LCD_D6+0)
L__Lcd_Cmd59:
;__Lib_Lcd.mpas,49 :: 		
0x0045	0x18C0      	BTFSC      FARG_Lcd_Cmd_out_char, 1
0x0046	0x2849      	GOTO       L__Lcd_Cmd60
0x0047	0x1086      	BCF        LCD_D5, BitPos(LCD_D5+0)
0x0048	0x284A      	GOTO       L__Lcd_Cmd61
L__Lcd_Cmd60:
0x0049	0x1486      	BSF        LCD_D5, BitPos(LCD_D5+0)
L__Lcd_Cmd61:
;__Lib_Lcd.mpas,50 :: 		
0x004A	0x1840      	BTFSC      FARG_Lcd_Cmd_out_char, 0
0x004B	0x284E      	GOTO       L__Lcd_Cmd62
0x004C	0x1006      	BCF        LCD_D4, BitPos(LCD_D4+0)
0x004D	0x284F      	GOTO       L__Lcd_Cmd63
L__Lcd_Cmd62:
0x004E	0x1406      	BSF        LCD_D4, BitPos(LCD_D4+0)
L__Lcd_Cmd63:
;__Lib_Lcd.mpas,52 :: 		
0x004F	0x1820      	BTFSC      __Lib_Lcd_cmd_status, BitPos(__Lib_Lcd_cmd_status+0)
0x0050	0x2853      	GOTO       L__Lcd_Cmd64
0x0051	0x1606      	BSF        LCD_RS, BitPos(LCD_RS+0)
0x0052	0x2854      	GOTO       L__Lcd_Cmd65
L__Lcd_Cmd64:
0x0053	0x1206      	BCF        LCD_RS, BitPos(LCD_RS+0)
L__Lcd_Cmd65:
;__Lib_Lcd.mpas,54 :: 		
0x0054	0x1686      	BSF        LCD_EN, BitPos(LCD_EN+0)
;__Lib_Lcd.mpas,55 :: 		
0x0055	0x2017      	CALL       _Delay_1us
;__Lib_Lcd.mpas,56 :: 		
0x0056	0x1286      	BCF        LCD_EN, BitPos(LCD_EN+0)
;__Lib_Lcd.mpas,58 :: 		
0x0057	0x1C20      	BTFSS      __Lib_Lcd_cmd_status, BitPos(__Lib_Lcd_cmd_status+0)
0x0058	0x285B      	GOTO       L__Lcd_Cmd2
;__Lib_Lcd.mpas,59 :: 		
0x0059	0x200A      	CALL       _Delay_5500us
0x005A	0x285C      	GOTO       L__Lcd_Cmd3
;__Lib_Lcd.mpas,60 :: 		
L__Lcd_Cmd2:
;__Lib_Lcd.mpas,61 :: 		
0x005B	0x2003      	CALL       _Delay_50us
L__Lcd_Cmd3:
;__Lib_Lcd.mpas,62 :: 		
L_end_Lcd_Cmd:
0x005C	0x0008      	RETURN
; end of _Lcd_Cmd
_Div_16x16_U:
;__Lib_Math.mpas,207 :: 		
;__Lib_Math.mpas,213 :: 		
0x005D	0x1283      	BCF        STATUS, 5
;__Lib_Math.mpas,214 :: 		
0x005E	0x1303      	BCF        STATUS, 6
;__Lib_Math.mpas,215 :: 		
0x005F	0x01F8      	CLRF       R8
;__Lib_Math.mpas,216 :: 		
0x0060	0x01F9      	CLRF       R9
;__Lib_Math.mpas,217 :: 		
0x0061	0x3010      	MOVLW      16
;__Lib_Math.mpas,218 :: 		
0x0062	0x00FC      	MOVWF      R12
;__Lib_Math.mpas,219 :: 		
0x0063	0x0D71      	RLF        R1, 0
;__Lib_Math.mpas,220 :: 		
0x0064	0x0DF8      	RLF        R8, 1
;__Lib_Math.mpas,221 :: 		
0x0065	0x0DF9      	RLF        R9, 1
;__Lib_Math.mpas,222 :: 		
0x0066	0x0874      	MOVF       R4, 0
;__Lib_Math.mpas,223 :: 		
0x0067	0x02F8      	SUBWF      R8, 1
;__Lib_Math.mpas,224 :: 		
0x0068	0x0875      	MOVF       R5, 0
;__Lib_Math.mpas,225 :: 		
0x0069	0x1C03      	BTFSS      STATUS, 0
;__Lib_Math.mpas,226 :: 		
0x006A	0x0F75      	INCFSZ     R5, 0
;__Lib_Math.mpas,227 :: 		
0x006B	0x02F9      	SUBWF      R9, 1
;__Lib_Math.mpas,228 :: 		
0x006C	0x1803      	BTFSC      STATUS, 0
;__Lib_Math.mpas,229 :: 		
0x006D	0x2875      	GOTO       $+8
;__Lib_Math.mpas,230 :: 		
0x006E	0x0874      	MOVF       R4, 0
;__Lib_Math.mpas,231 :: 		
0x006F	0x07F8      	ADDWF      R8, 1
;__Lib_Math.mpas,232 :: 		
0x0070	0x0875      	MOVF       R5, 0
;__Lib_Math.mpas,233 :: 		
0x0071	0x1803      	BTFSC      STATUS, 0
;__Lib_Math.mpas,234 :: 		
0x0072	0x0F75      	INCFSZ     R5, 0
;__Lib_Math.mpas,235 :: 		
0x0073	0x07F9      	ADDWF      R9, 1
;__Lib_Math.mpas,236 :: 		
0x0074	0x1003      	BCF        STATUS, 0
;__Lib_Math.mpas,237 :: 		
0x0075	0x0DF0      	RLF        R0, 1
;__Lib_Math.mpas,238 :: 		
0x0076	0x0DF1      	RLF        R1, 1
;__Lib_Math.mpas,239 :: 		
0x0077	0x0BFC      	DECFSZ     R12, 1
;__Lib_Math.mpas,240 :: 		
0x0078	0x2863      	GOTO       $-21
;__Lib_Math.mpas,242 :: 		
L_end_Div_16x16_U:
0x0079	0x0008      	RETURN
; end of _Div_16x16_U
_Mul_16x16_U:
;__Lib_Math.mpas,121 :: 		
;__Lib_Math.mpas,127 :: 		
0x007A	0x1283      	BCF        STATUS, 5
;__Lib_Math.mpas,128 :: 		
0x007B	0x1303      	BCF        STATUS, 6
;__Lib_Math.mpas,129 :: 		
0x007C	0x01FB      	CLRF       R11
;__Lib_Math.mpas,130 :: 		
0x007D	0x01FA      	CLRF       R10
;__Lib_Math.mpas,131 :: 		
0x007E	0x01F9      	CLRF       R9
;__Lib_Math.mpas,132 :: 		
0x007F	0x3080      	MOVLW      128
;__Lib_Math.mpas,133 :: 		
0x0080	0x00F8      	MOVWF      R8
;__Lib_Math.mpas,134 :: 		
0x0081	0x0CF1      	RRF        R1, 1
;__Lib_Math.mpas,135 :: 		
0x0082	0x0CF0      	RRF        R0, 1
;__Lib_Math.mpas,136 :: 		
0x0083	0x1C03      	BTFSS      STATUS, 0
;__Lib_Math.mpas,137 :: 		
0x0084	0x288E      	GOTO       $+10
;__Lib_Math.mpas,138 :: 		
0x0085	0x0874      	MOVF       R4, 0
;__Lib_Math.mpas,139 :: 		
0x0086	0x07F9      	ADDWF      R9, 1
;__Lib_Math.mpas,140 :: 		
0x0087	0x0875      	MOVF       R5, 0
;__Lib_Math.mpas,141 :: 		
0x0088	0x1803      	BTFSC      STATUS, 0
;__Lib_Math.mpas,142 :: 		
0x0089	0x0F75      	INCFSZ     R5, 0
;__Lib_Math.mpas,143 :: 		
0x008A	0x07FA      	ADDWF      R10, 1
;__Lib_Math.mpas,144 :: 		
0x008B	0x1803      	BTFSC      STATUS, 0
;__Lib_Math.mpas,145 :: 		
0x008C	0x0AFB      	INCF       R11, 1
;__Lib_Math.mpas,146 :: 		
0x008D	0x1003      	BCF        STATUS, 0
;__Lib_Math.mpas,147 :: 		
0x008E	0x1FF0      	BTFSS      R0, 7
;__Lib_Math.mpas,148 :: 		
0x008F	0x2896      	GOTO       $+7
;__Lib_Math.mpas,149 :: 		
0x0090	0x0874      	MOVF       R4, 0
;__Lib_Math.mpas,150 :: 		
0x0091	0x07FA      	ADDWF      R10, 1
;__Lib_Math.mpas,151 :: 		
0x0092	0x0875      	MOVF       R5, 0
;__Lib_Math.mpas,152 :: 		
0x0093	0x1803      	BTFSC      STATUS, 0
;__Lib_Math.mpas,153 :: 		
0x0094	0x0F75      	INCFSZ     R5, 0
;__Lib_Math.mpas,154 :: 		
0x0095	0x07FB      	ADDWF      R11, 1
;__Lib_Math.mpas,155 :: 		
0x0096	0x0CFB      	RRF        R11, 1
;__Lib_Math.mpas,156 :: 		
0x0097	0x0CFA      	RRF        R10, 1
;__Lib_Math.mpas,157 :: 		
0x0098	0x0CF9      	RRF        R9, 1
;__Lib_Math.mpas,158 :: 		
0x0099	0x0CF8      	RRF        R8, 1
;__Lib_Math.mpas,159 :: 		
0x009A	0x1C03      	BTFSS      STATUS, 0
;__Lib_Math.mpas,160 :: 		
0x009B	0x2881      	GOTO       $-26
;__Lib_Math.mpas,161 :: 		
0x009C	0x087B      	MOVF       R11, 0
;__Lib_Math.mpas,162 :: 		
0x009D	0x00F3      	MOVWF      R3
;__Lib_Math.mpas,163 :: 		
0x009E	0x087A      	MOVF       R10, 0
;__Lib_Math.mpas,164 :: 		
0x009F	0x00F2      	MOVWF      R2
;__Lib_Math.mpas,165 :: 		
0x00A0	0x0879      	MOVF       R9, 0
;__Lib_Math.mpas,166 :: 		
0x00A1	0x00F1      	MOVWF      R1
;__Lib_Math.mpas,167 :: 		
0x00A2	0x0878      	MOVF       R8, 0
;__Lib_Math.mpas,168 :: 		
0x00A3	0x00F0      	MOVWF      R0
;__Lib_Math.mpas,170 :: 		
L_end_Mul_16x16_U:
0x00A4	0x0008      	RETURN
; end of _Mul_16x16_U
_Lcd_Chr_CP:
;__Lib_Lcd.mpas,65 :: 		
;__Lib_Lcd.mpas,66 :: 		
0x00A5	0x1283      	BCF        STATUS, 5
0x00A6	0x1303      	BCF        STATUS, 6
0x00A7	0x1020      	BCF        __Lib_Lcd_cmd_status, BitPos(__Lib_Lcd_cmd_status+0)
;__Lib_Lcd.mpas,67 :: 		
0x00A8	0x083F      	MOVF       FARG_Lcd_Chr_CP_Out_Char, 0
0x00A9	0x00C0      	MOVWF      FARG_Lcd_Cmd_out_char
0x00AA	0x201D      	CALL       _Lcd_Cmd
;__Lib_Lcd.mpas,68 :: 		
0x00AB	0x1420      	BSF        __Lib_Lcd_cmd_status, BitPos(__Lib_Lcd_cmd_status+0)
;__Lib_Lcd.mpas,69 :: 		
L_end_Lcd_Chr_CP:
0x00AC	0x0008      	RETURN
; end of _Lcd_Chr_CP
_Delay_22us:
;__Lib_Delays.mbas,37 :: 		sub procedure Delay_22us()
;__Lib_Delays.mbas,38 :: 		Delay_us(22)
0x00AD	0x3024      	MOVLW      36
0x00AE	0x1283      	BCF        STATUS, 5
0x00AF	0x1303      	BCF        STATUS, 6
0x00B0	0x00FD      	MOVWF      R13
L__Delay_22us5:
0x00B1	0x0BFD      	DECFSZ     R13, 1
0x00B2	0x28B1      	GOTO       L__Delay_22us5
0x00B3	0x0000      	NOP
;__Lib_Delays.mbas,39 :: 		end sub
L_end_Delay_22us:
0x00B4	0x0008      	RETURN
; end of _Delay_22us
_WordToStr:
;__Lib_Conversions.mpas,145 :: 		
;__Lib_Conversions.mpas,146 :: 		
0x00B5	0x1283      	BCF        STATUS, 5
0x00B6	0x1303      	BCF        STATUS, 6
0x00B7	0x083D      	MOVF       FARG_WordToStr_output, 0
0x00B8	0x0084      	MOVWF      FSR
0x00B9	0x3020      	MOVLW      32
0x00BA	0x0080      	MOVWF      INDF
0x00BB	0x0A84      	INCF       FSR, 1
0x00BC	0x3020      	MOVLW      32
0x00BD	0x0080      	MOVWF      INDF
0x00BE	0x0A84      	INCF       FSR, 1
0x00BF	0x3020      	MOVLW      32
0x00C0	0x0080      	MOVWF      INDF
0x00C1	0x0A84      	INCF       FSR, 1
0x00C2	0x3020      	MOVLW      32
0x00C3	0x0080      	MOVWF      INDF
0x00C4	0x0A84      	INCF       FSR, 1
0x00C5	0x3030      	MOVLW      48
0x00C6	0x0080      	MOVWF      INDF
0x00C7	0x0A84      	INCF       FSR, 1
0x00C8	0x0180      	CLRF       INDF
0x00C9	0x0A84      	INCF       FSR, 1
;__Lib_Conversions.mpas,147 :: 		
0x00CA	0x3004      	MOVLW      4
0x00CB	0x073D      	ADDWF      FARG_WordToStr_output, 0
0x00CC	0x00BE      	MOVWF      WordToStr_ptr
;__Lib_Conversions.mpas,148 :: 		
L__WordToStr20:
0x00CD	0x3000      	MOVLW      0
0x00CE	0x063C      	XORWF      FARG_WordToStr_input+1, 0
0x00CF	0x1D03      	BTFSS      STATUS, 2
0x00D0	0x28D3      	GOTO       L__WordToStr532
0x00D1	0x3000      	MOVLW      0
0x00D2	0x063B      	XORWF      FARG_WordToStr_input, 0
L__WordToStr532:
0x00D3	0x1903      	BTFSC      STATUS, 2
0x00D4	0x28F5      	GOTO       L__WordToStr21
;__Lib_Conversions.mpas,150 :: 		
0x00D5	0x300A      	MOVLW      10
0x00D6	0x00F4      	MOVWF      R4
0x00D7	0x01F5      	CLRF       R4+1
0x00D8	0x083B      	MOVF       FARG_WordToStr_input, 0
0x00D9	0x00F0      	MOVWF      R0
0x00DA	0x083C      	MOVF       FARG_WordToStr_input+1, 0
0x00DB	0x00F1      	MOVWF      R0+1
0x00DC	0x205D      	CALL       _Div_16x16_U
0x00DD	0x0878      	MOVF       R8, 0
0x00DE	0x00F0      	MOVWF      R0
0x00DF	0x0879      	MOVF       R8+1, 0
0x00E0	0x00F1      	MOVWF      R0+1
0x00E1	0x3030      	MOVLW      48
0x00E2	0x07F0      	ADDWF      R0, 1
0x00E3	0x083E      	MOVF       WordToStr_ptr, 0
0x00E4	0x0084      	MOVWF      FSR
0x00E5	0x0870      	MOVF       R0, 0
0x00E6	0x0080      	MOVWF      INDF
;__Lib_Conversions.mpas,151 :: 		
0x00E7	0x300A      	MOVLW      10
0x00E8	0x00F4      	MOVWF      R4
0x00E9	0x01F5      	CLRF       R4+1
0x00EA	0x083B      	MOVF       FARG_WordToStr_input, 0
0x00EB	0x00F0      	MOVWF      R0
0x00EC	0x083C      	MOVF       FARG_WordToStr_input+1, 0
0x00ED	0x00F1      	MOVWF      R0+1
0x00EE	0x205D      	CALL       _Div_16x16_U
0x00EF	0x0870      	MOVF       R0, 0
0x00F0	0x00BB      	MOVWF      FARG_WordToStr_input
0x00F1	0x0871      	MOVF       R0+1, 0
0x00F2	0x00BC      	MOVWF      FARG_WordToStr_input+1
;__Lib_Conversions.mpas,152 :: 		
0x00F3	0x03BE      	DECF       WordToStr_ptr, 1
;__Lib_Conversions.mpas,153 :: 		
0x00F4	0x28CD      	GOTO       L__WordToStr20
L__WordToStr21:
;__Lib_Conversions.mpas,154 :: 		
L_end_WordToStr:
0x00F5	0x0008      	RETURN
; end of _WordToStr
_Lcd_Out:
;__Lib_Lcd.mpas,207 :: 		
;__Lib_Lcd.mpas,210 :: 		
0x00F6	0x1283      	BCF        STATUS, 5
0x00F7	0x1303      	BCF        STATUS, 6
0x00F8	0x083B      	MOVF       FARG_Lcd_Out_row, 0
0x00F9	0x3A01      	XORLW      1
0x00FA	0x1D03      	BTFSS      STATUS, 2
0x00FB	0x28FF      	GOTO       L__Lcd_Out30
0x00FC	0x3080      	MOVLW      128
0x00FD	0x00BB      	MOVWF      FARG_Lcd_Out_row
0x00FE	0x2916      	GOTO       L__Lcd_Out27
L__Lcd_Out30:
;__Lib_Lcd.mpas,211 :: 		
0x00FF	0x083B      	MOVF       FARG_Lcd_Out_row, 0
0x0100	0x3A02      	XORLW      2
0x0101	0x1D03      	BTFSS      STATUS, 2
0x0102	0x2906      	GOTO       L__Lcd_Out33
0x0103	0x30C0      	MOVLW      192
0x0104	0x00BB      	MOVWF      FARG_Lcd_Out_row
0x0105	0x2916      	GOTO       L__Lcd_Out27
L__Lcd_Out33:
;__Lib_Lcd.mpas,212 :: 		
0x0106	0x083B      	MOVF       FARG_Lcd_Out_row, 0
0x0107	0x3A03      	XORLW      3
0x0108	0x1D03      	BTFSS      STATUS, 2
0x0109	0x290D      	GOTO       L__Lcd_Out36
0x010A	0x3094      	MOVLW      148
0x010B	0x00BB      	MOVWF      FARG_Lcd_Out_row
0x010C	0x2916      	GOTO       L__Lcd_Out27
L__Lcd_Out36:
;__Lib_Lcd.mpas,213 :: 		
0x010D	0x083B      	MOVF       FARG_Lcd_Out_row, 0
0x010E	0x3A04      	XORLW      4
0x010F	0x1D03      	BTFSS      STATUS, 2
0x0110	0x2914      	GOTO       L__Lcd_Out39
0x0111	0x30D4      	MOVLW      212
0x0112	0x00BB      	MOVWF      FARG_Lcd_Out_row
;__Lib_Lcd.mpas,214 :: 		
0x0113	0x2916      	GOTO       L__Lcd_Out27
L__Lcd_Out39:
;__Lib_Lcd.mpas,215 :: 		
0x0114	0x3080      	MOVLW      128
0x0115	0x00BB      	MOVWF      FARG_Lcd_Out_row
L__Lcd_Out27:
;__Lib_Lcd.mpas,218 :: 		
0x0116	0x033C      	DECF       FARG_Lcd_Out_column, 0
0x0117	0x00F0      	MOVWF      R0
0x0118	0x083B      	MOVF       FARG_Lcd_Out_row, 0
0x0119	0x07F0      	ADDWF      R0, 1
0x011A	0x0870      	MOVF       R0, 0
0x011B	0x00BB      	MOVWF      FARG_Lcd_Out_row
;__Lib_Lcd.mpas,220 :: 		
0x011C	0x0870      	MOVF       R0, 0
0x011D	0x00C0      	MOVWF      FARG_Lcd_Cmd_out_char
0x011E	0x201D      	CALL       _Lcd_Cmd
;__Lib_Lcd.mpas,221 :: 		
0x011F	0x1020      	BCF        __Lib_Lcd_cmd_status, BitPos(__Lib_Lcd_cmd_status+0)
;__Lib_Lcd.mpas,222 :: 		
0x0120	0x01BE      	CLRF       Lcd_Out_i
;__Lib_Lcd.mpas,223 :: 		
L__Lcd_Out41:
0x0121	0x083E      	MOVF       Lcd_Out_i, 0
0x0122	0x073D      	ADDWF      FARG_Lcd_Out_text, 0
0x0123	0x0084      	MOVWF      FSR
0x0124	0x0800      	MOVF       INDF, 0
0x0125	0x3A00      	XORLW      0
0x0126	0x1903      	BTFSC      STATUS, 2
0x0127	0x2930      	GOTO       L__Lcd_Out42
;__Lib_Lcd.mpas,225 :: 		
0x0128	0x083E      	MOVF       Lcd_Out_i, 0
0x0129	0x073D      	ADDWF      FARG_Lcd_Out_text, 0
0x012A	0x0084      	MOVWF      FSR
0x012B	0x0800      	MOVF       INDF, 0
0x012C	0x00BF      	MOVWF      FARG_Lcd_Chr_CP_Out_Char
0x012D	0x20A5      	CALL       _Lcd_Chr_CP
;__Lib_Lcd.mpas,226 :: 		
0x012E	0x0ABE      	INCF       Lcd_Out_i, 1
;__Lib_Lcd.mpas,227 :: 		
0x012F	0x2921      	GOTO       L__Lcd_Out41
L__Lcd_Out42:
;__Lib_Lcd.mpas,228 :: 		
0x0130	0x1420      	BSF        __Lib_Lcd_cmd_status, BitPos(__Lib_Lcd_cmd_status+0)
;__Lib_Lcd.mpas,229 :: 		
L_end_Lcd_Out:
0x0131	0x0008      	RETURN
; end of _Lcd_Out
_PWM1_Init:
;__Lib_PWM_c21.mpas,15 :: 		
;__Lib_PWM_c21.mpas,17 :: 		
0x0132	0x1283      	BCF        STATUS, 5
0x0133	0x1303      	BCF        STATUS, 6
0x0134	0x0195      	CLRF       CCPR1L
;__Lib_PWM_c21.mpas,18 :: 		
0x0135	0x1217      	BCF        CCP1CON, 4
;__Lib_PWM_c21.mpas,19 :: 		
0x0136	0x1297      	BCF        CCP1CON, 5
;__Lib_PWM_c21.mpas,20 :: 		
L_end_PWM1_Init:
0x0137	0x0008      	RETURN
; end of _PWM1_Init
_PWM1_Start:
;__Lib_PWM_c21.mpas,34 :: 		
;__Lib_PWM_c21.mpas,35 :: 		
0x0138	0x1683      	BSF        STATUS, 5
0x0139	0x1303      	BCF        STATUS, 6
0x013A	0x1107      	BCF        TRISC2_bit, BitPos(TRISC2_bit+0)
;__Lib_PWM_c21.mpas,36 :: 		
0x013B	0x1283      	BCF        STATUS, 5
0x013C	0x1512      	BSF        T2CON, 2
;__Lib_PWM_c21.mpas,37 :: 		
0x013D	0x300C      	MOVLW      12
0x013E	0x0497      	IORWF      CCP1CON, 1
;__Lib_PWM_c21.mpas,38 :: 		
L_end_PWM1_Start:
0x013F	0x0008      	RETURN
; end of _PWM1_Start
_Lcd_Init:
;__Lib_Lcd.mpas,104 :: 		
;__Lib_Lcd.mpas,106 :: 		
0x0140	0x1683      	BSF        STATUS, 5
0x0141	0x1303      	BCF        STATUS, 6
0x0142	0x1286      	BCF        LCD_EN_Direction, BitPos(LCD_EN_Direction+0)
;__Lib_Lcd.mpas,107 :: 		
0x0143	0x1206      	BCF        LCD_RS_Direction, BitPos(LCD_RS_Direction+0)
;__Lib_Lcd.mpas,108 :: 		
0x0144	0x1006      	BCF        LCD_D4_Direction, BitPos(LCD_D4_Direction+0)
;__Lib_Lcd.mpas,109 :: 		
0x0145	0x1086      	BCF        LCD_D5_Direction, BitPos(LCD_D5_Direction+0)
;__Lib_Lcd.mpas,110 :: 		
0x0146	0x1106      	BCF        LCD_D6_Direction, BitPos(LCD_D6_Direction+0)
;__Lib_Lcd.mpas,111 :: 		
0x0147	0x1186      	BCF        LCD_D7_Direction, BitPos(LCD_D7_Direction+0)
;__Lib_Lcd.mpas,113 :: 		
0x0148	0x1283      	BCF        STATUS, 5
0x0149	0x1286      	BCF        LCD_EN, BitPos(LCD_EN+0)
;__Lib_Lcd.mpas,114 :: 		
0x014A	0x1206      	BCF        LCD_RS, BitPos(LCD_RS+0)
;__Lib_Lcd.mpas,115 :: 		
0x014B	0x1186      	BCF        LCD_D7, BitPos(LCD_D7+0)
;__Lib_Lcd.mpas,116 :: 		
0x014C	0x1106      	BCF        LCD_D6, BitPos(LCD_D6+0)
;__Lib_Lcd.mpas,117 :: 		
0x014D	0x1086      	BCF        LCD_D5, BitPos(LCD_D5+0)
;__Lib_Lcd.mpas,118 :: 		
0x014E	0x1006      	BCF        LCD_D4, BitPos(LCD_D4+0)
;__Lib_Lcd.mpas,120 :: 		
0x014F	0x200A      	CALL       _Delay_5500us
;__Lib_Lcd.mpas,121 :: 		
0x0150	0x200A      	CALL       _Delay_5500us
;__Lib_Lcd.mpas,122 :: 		
0x0151	0x200A      	CALL       _Delay_5500us
;__Lib_Lcd.mpas,125 :: 		
0x0152	0x1486      	BSF        LCD_D5, BitPos(LCD_D5+0)
;__Lib_Lcd.mpas,126 :: 		
0x0153	0x1406      	BSF        LCD_D4, BitPos(LCD_D4+0)
;__Lib_Lcd.mpas,127 :: 		
0x0154	0x1686      	BSF        LCD_EN, BitPos(LCD_EN+0)
;__Lib_Lcd.mpas,128 :: 		
0x0155	0x2017      	CALL       _Delay_1us
;__Lib_Lcd.mpas,129 :: 		
0x0156	0x1286      	BCF        LCD_EN, BitPos(LCD_EN+0)
;__Lib_Lcd.mpas,130 :: 		
0x0157	0x200A      	CALL       _Delay_5500us
;__Lib_Lcd.mpas,132 :: 		
0x0158	0x1686      	BSF        LCD_EN, BitPos(LCD_EN+0)
;__Lib_Lcd.mpas,133 :: 		
0x0159	0x2017      	CALL       _Delay_1us
;__Lib_Lcd.mpas,134 :: 		
0x015A	0x1286      	BCF        LCD_EN, BitPos(LCD_EN+0)
;__Lib_Lcd.mpas,135 :: 		
0x015B	0x200A      	CALL       _Delay_5500us
;__Lib_Lcd.mpas,137 :: 		
0x015C	0x1686      	BSF        LCD_EN, BitPos(LCD_EN+0)
;__Lib_Lcd.mpas,138 :: 		
0x015D	0x2017      	CALL       _Delay_1us
;__Lib_Lcd.mpas,139 :: 		
0x015E	0x1286      	BCF        LCD_EN, BitPos(LCD_EN+0)
;__Lib_Lcd.mpas,140 :: 		
0x015F	0x200A      	CALL       _Delay_5500us
;__Lib_Lcd.mpas,143 :: 		
0x0160	0x1006      	BCF        LCD_D4, BitPos(LCD_D4+0)
;__Lib_Lcd.mpas,144 :: 		
0x0161	0x1686      	BSF        LCD_EN, BitPos(LCD_EN+0)
;__Lib_Lcd.mpas,145 :: 		
0x0162	0x2017      	CALL       _Delay_1us
;__Lib_Lcd.mpas,146 :: 		
0x0163	0x1286      	BCF        LCD_EN, BitPos(LCD_EN+0)
;__Lib_Lcd.mpas,147 :: 		
0x0164	0x200A      	CALL       _Delay_5500us
;__Lib_Lcd.mpas,150 :: 		
0x0165	0x1686      	BSF        LCD_EN, BitPos(LCD_EN+0)
;__Lib_Lcd.mpas,151 :: 		
0x0166	0x2017      	CALL       _Delay_1us
;__Lib_Lcd.mpas,152 :: 		
0x0167	0x1286      	BCF        LCD_EN, BitPos(LCD_EN+0)
;__Lib_Lcd.mpas,154 :: 		
0x0168	0x1086      	BCF        LCD_D5, BitPos(LCD_D5+0)
;__Lib_Lcd.mpas,155 :: 		
0x0169	0x1586      	BSF        LCD_D7, BitPos(LCD_D7+0)
;__Lib_Lcd.mpas,156 :: 		
0x016A	0x1686      	BSF        LCD_EN, BitPos(LCD_EN+0)
;__Lib_Lcd.mpas,157 :: 		
0x016B	0x2017      	CALL       _Delay_1us
;__Lib_Lcd.mpas,158 :: 		
0x016C	0x1286      	BCF        LCD_EN, BitPos(LCD_EN+0)
;__Lib_Lcd.mpas,159 :: 		
0x016D	0x200A      	CALL       _Delay_5500us
;__Lib_Lcd.mpas,162 :: 		
0x016E	0x1186      	BCF        LCD_D7, BitPos(LCD_D7+0)
;__Lib_Lcd.mpas,163 :: 		
0x016F	0x1406      	BSF        LCD_D4, BitPos(LCD_D4+0)
;__Lib_Lcd.mpas,164 :: 		
0x0170	0x1686      	BSF        LCD_EN, BitPos(LCD_EN+0)
;__Lib_Lcd.mpas,165 :: 		
0x0171	0x2017      	CALL       _Delay_1us
;__Lib_Lcd.mpas,166 :: 		
0x0172	0x1286      	BCF        LCD_EN, BitPos(LCD_EN+0)
;__Lib_Lcd.mpas,168 :: 		
0x0173	0x1006      	BCF        LCD_D4, BitPos(LCD_D4+0)
;__Lib_Lcd.mpas,169 :: 		
0x0174	0x1686      	BSF        LCD_EN, BitPos(LCD_EN+0)
;__Lib_Lcd.mpas,170 :: 		
0x0175	0x2017      	CALL       _Delay_1us
;__Lib_Lcd.mpas,171 :: 		
0x0176	0x1286      	BCF        LCD_EN, BitPos(LCD_EN+0)
;__Lib_Lcd.mpas,172 :: 		
0x0177	0x200A      	CALL       _Delay_5500us
;__Lib_Lcd.mpas,175 :: 		
0x0178	0x1686      	BSF        LCD_EN, BitPos(LCD_EN+0)
;__Lib_Lcd.mpas,176 :: 		
0x0179	0x2017      	CALL       _Delay_1us
;__Lib_Lcd.mpas,177 :: 		
0x017A	0x1286      	BCF        LCD_EN, BitPos(LCD_EN+0)
;__Lib_Lcd.mpas,179 :: 		
0x017B	0x1406      	BSF        LCD_D4, BitPos(LCD_D4+0)
;__Lib_Lcd.mpas,180 :: 		
0x017C	0x1686      	BSF        LCD_EN, BitPos(LCD_EN+0)
;__Lib_Lcd.mpas,181 :: 		
0x017D	0x2017      	CALL       _Delay_1us
;__Lib_Lcd.mpas,182 :: 		
0x017E	0x1286      	BCF        LCD_EN, BitPos(LCD_EN+0)
;__Lib_Lcd.mpas,183 :: 		
0x017F	0x200A      	CALL       _Delay_5500us
;__Lib_Lcd.mpas,186 :: 		
0x0180	0x1006      	BCF        LCD_D4, BitPos(LCD_D4+0)
;__Lib_Lcd.mpas,187 :: 		
0x0181	0x1686      	BSF        LCD_EN, BitPos(LCD_EN+0)
;__Lib_Lcd.mpas,188 :: 		
0x0182	0x2017      	CALL       _Delay_1us
;__Lib_Lcd.mpas,189 :: 		
0x0183	0x1286      	BCF        LCD_EN, BitPos(LCD_EN+0)
;__Lib_Lcd.mpas,191 :: 		
0x0184	0x1586      	BSF        LCD_D7, BitPos(LCD_D7+0)
;__Lib_Lcd.mpas,192 :: 		
0x0185	0x1506      	BSF        LCD_D6, BitPos(LCD_D6+0)
;__Lib_Lcd.mpas,193 :: 		
0x0186	0x1486      	BSF        LCD_D5, BitPos(LCD_D5+0)
;__Lib_Lcd.mpas,194 :: 		
0x0187	0x1406      	BSF        LCD_D4, BitPos(LCD_D4+0)
;__Lib_Lcd.mpas,195 :: 		
0x0188	0x1686      	BSF        LCD_EN, BitPos(LCD_EN+0)
;__Lib_Lcd.mpas,196 :: 		
0x0189	0x2017      	CALL       _Delay_1us
;__Lib_Lcd.mpas,197 :: 		
0x018A	0x1286      	BCF        LCD_EN, BitPos(LCD_EN+0)
;__Lib_Lcd.mpas,199 :: 		
0x018B	0x200A      	CALL       _Delay_5500us
;__Lib_Lcd.mpas,201 :: 		
0x018C	0x1420      	BSF        __Lib_Lcd_cmd_status, BitPos(__Lib_Lcd_cmd_status+0)
;__Lib_Lcd.mpas,202 :: 		
L_end_Lcd_Init:
0x018D	0x0008      	RETURN
; end of _Lcd_Init
_ADC_Init:
;__Lib_ADC_88X.mpas,28 :: 		
;__Lib_ADC_88X.mpas,29 :: 		
0x018E	0x30FF      	MOVLW      _ADC_Get_Sample
0x018F	0x1283      	BCF        STATUS, 5
0x0190	0x1303      	BCF        STATUS, 6
0x0191	0x00A1      	MOVWF      _ADC_Get_Sample_Ptr
0x0192	0x30FF      	MOVLW      hi_addr(_ADC_Get_Sample)
0x0193	0x00A2      	MOVWF      _ADC_Get_Sample_Ptr+1
0x0194	0x30FF      	MOVLW      FARG_ADC_Get_Sample_channel
0x0195	0x00A3      	MOVWF      _ADC_Get_Sample_Ptr+2
0x0196	0x30FF      	MOVLW      hi_addr(FARG_ADC_Get_Sample_channel)
;__Lib_ADC_88X.mpas,31 :: 		
0x0197	0x30C3      	MOVLW      195
0x0198	0x059F      	ANDWF      ADCON0, 1
;__Lib_ADC_88X.mpas,36 :: 		
0x0199	0x30C0      	MOVLW      192
0x019A	0x009F      	MOVWF      ADCON0
;__Lib_ADC_88X.mpas,37 :: 		
0x019B	0x30CF      	MOVLW      207
0x019C	0x1683      	BSF        STATUS, 5
0x019D	0x059F      	ANDWF      ADCON1, 1
;__Lib_ADC_88X.mpas,38 :: 		
0x019E	0x179F      	BSF        ADCON1, 7
;__Lib_ADC_88X.mpas,41 :: 		
0x019F	0x1283      	BCF        STATUS, 5
0x01A0	0x141F      	BSF        ADCON0, 0
;__Lib_ADC_88X.mpas,42 :: 		
L_end_ADC_Init:
0x01A1	0x0008      	RETURN
; end of _ADC_Init
_PWM1_Set_Duty:
;__Lib_PWM_c21.mpas,25 :: 		
;__Lib_PWM_c21.mpas,26 :: 		
0x01A2	0x1683      	BSF        STATUS, 5
0x01A3	0x1303      	BCF        STATUS, 6
0x01A4	0x0812      	MOVF       PR2, 0
0x01A5	0x3E01      	ADDLW      1
0x01A6	0x00F0      	MOVWF      R0
0x01A7	0x3000      	MOVLW      0
0x01A8	0x1803      	BTFSC      STATUS, 0
0x01A9	0x3E01      	ADDLW      1
0x01AA	0x00F1      	MOVWF      R0+1
0x01AB	0x1283      	BCF        STATUS, 5
0x01AC	0x083B      	MOVF       FARG_PWM1_Set_Duty_new_duty, 0
0x01AD	0x00F4      	MOVWF      R4
0x01AE	0x01F5      	CLRF       R4+1
0x01AF	0x207A      	CALL       _Mul_16x16_U
0x01B0	0x3006      	MOVLW      6
0x01B1	0x00F2      	MOVWF      R2
0x01B2	0x0870      	MOVF       R0, 0
0x01B3	0x00F4      	MOVWF      R4
0x01B4	0x0871      	MOVF       R0+1, 0
0x01B5	0x00F5      	MOVWF      R4+1
0x01B6	0x0872      	MOVF       R2, 0
L__PWM1_Set_Duty10:
0x01B7	0x1903      	BTFSC      STATUS, 2
0x01B8	0x29BE      	GOTO       L__PWM1_Set_Duty11
0x01B9	0x0CF5      	RRF        R4+1, 1
0x01BA	0x0CF4      	RRF        R4, 1
0x01BB	0x13F5      	BCF        R4+1, 7
0x01BC	0x3EFF      	ADDLW      255
0x01BD	0x29B7      	GOTO       L__PWM1_Set_Duty10
L__PWM1_Set_Duty11:
;__Lib_PWM_c21.mpas,27 :: 		
0x01BE	0x3004      	MOVLW      4
0x01BF	0x00F1      	MOVWF      R1
0x01C0	0x0874      	MOVF       R4, 0
0x01C1	0x00F0      	MOVWF      R0
0x01C2	0x0871      	MOVF       R1, 0
L__PWM1_Set_Duty12:
0x01C3	0x1903      	BTFSC      STATUS, 2
0x01C4	0x29C9      	GOTO       L__PWM1_Set_Duty13
0x01C5	0x0DF0      	RLF        R0, 1
0x01C6	0x1070      	BCF        R0, 0
0x01C7	0x3EFF      	ADDLW      255
0x01C8	0x29C3      	GOTO       L__PWM1_Set_Duty12
L__PWM1_Set_Duty13:
0x01C9	0x3030      	MOVLW      48
0x01CA	0x0570      	ANDWF      R0, 0
0x01CB	0x00F3      	MOVWF      R3
;__Lib_PWM_c21.mpas,28 :: 		
0x01CC	0x0874      	MOVF       R4, 0
0x01CD	0x00F0      	MOVWF      R0
0x01CE	0x0875      	MOVF       R4+1, 0
0x01CF	0x00F1      	MOVWF      R0+1
0x01D0	0x0CF1      	RRF        R0+1, 1
0x01D1	0x0CF0      	RRF        R0, 1
0x01D2	0x13F1      	BCF        R0+1, 7
0x01D3	0x0CF1      	RRF        R0+1, 1
0x01D4	0x0CF0      	RRF        R0, 1
0x01D5	0x13F1      	BCF        R0+1, 7
0x01D6	0x0870      	MOVF       R0, 0
0x01D7	0x0095      	MOVWF      CCPR1L
;__Lib_PWM_c21.mpas,29 :: 		
0x01D8	0x300F      	MOVLW      15
0x01D9	0x0597      	ANDWF      CCP1CON, 1
;__Lib_PWM_c21.mpas,30 :: 		
0x01DA	0x0873      	MOVF       R3, 0
0x01DB	0x0497      	IORWF      CCP1CON, 1
;__Lib_PWM_c21.mpas,31 :: 		
L_end_PWM1_Set_Duty:
0x01DC	0x0008      	RETURN
; end of _PWM1_Set_Duty
_ADC_Read:
;__Lib_ADC_88X.mpas,89 :: 		
;__Lib_ADC_88X.mpas,91 :: 		
0x01DD	0x30C3      	MOVLW      195
0x01DE	0x1283      	BCF        STATUS, 5
0x01DF	0x1303      	BCF        STATUS, 6
0x01E0	0x059F      	ANDWF      ADCON0, 1
;__Lib_ADC_88X.mpas,96 :: 		
0x01E1	0x30C0      	MOVLW      192
0x01E2	0x009F      	MOVWF      ADCON0
;__Lib_ADC_88X.mpas,97 :: 		
0x01E3	0x083B      	MOVF       FARG_ADC_Read_channel, 0
0x01E4	0x00F0      	MOVWF      R0
0x01E5	0x0DF0      	RLF        R0, 1
0x01E6	0x1070      	BCF        R0, 0
0x01E7	0x0DF0      	RLF        R0, 1
0x01E8	0x1070      	BCF        R0, 0
0x01E9	0x0870      	MOVF       R0, 0
0x01EA	0x049F      	IORWF      ADCON0, 1
;__Lib_ADC_88X.mpas,98 :: 		
0x01EB	0x30CF      	MOVLW      207
0x01EC	0x1683      	BSF        STATUS, 5
0x01ED	0x059F      	ANDWF      ADCON1, 1
;__Lib_ADC_88X.mpas,99 :: 		
0x01EE	0x179F      	BSF        ADCON1, 7
;__Lib_ADC_88X.mpas,102 :: 		
0x01EF	0x1283      	BCF        STATUS, 5
0x01F0	0x141F      	BSF        ADCON0, 0
;__Lib_ADC_88X.mpas,105 :: 		
0x01F1	0x20AD      	CALL       _Delay_22us
;__Lib_ADC_88X.mpas,108 :: 		
0x01F2	0x149F      	BSF        ADCON0, 1
;__Lib_ADC_88X.mpas,111 :: 		
L__ADC_Read10:
0x01F3	0x1C9F      	BTFSS      ADCON0, 1
0x01F4	0x29F7      	GOTO       L__ADC_Read11
0x01F5	0x0000      	NOP
0x01F6	0x29F3      	GOTO       L__ADC_Read10
L__ADC_Read11:
;__Lib_ADC_88X.mpas,114 :: 		
0x01F7	0x101F      	BCF        ADCON0, 0
;__Lib_ADC_88X.mpas,117 :: 		
0x01F8	0x081E      	MOVF       ADRESH, 0
0x01F9	0x00F1      	MOVWF      R0+1
0x01FA	0x01F0      	CLRF       R0
0x01FB	0x1683      	BSF        STATUS, 5
0x01FC	0x081E      	MOVF       ADRESL, 0
0x01FD	0x0470      	IORWF      R0, 0
0x01FE	0x1283      	BCF        STATUS, 5
0x01FF	0x00BC      	MOVWF      ADC_Read_local_result
0x0200	0x0871      	MOVF       R0+1, 0
0x0201	0x00BD      	MOVWF      ADC_Read_local_result+1
0x0202	0x3000      	MOVLW      0
0x0203	0x04BD      	IORWF      ADC_Read_local_result+1, 1
;__Lib_ADC_88X.mpas,119 :: 		
0x0204	0x083C      	MOVF       ADC_Read_local_result, 0
0x0205	0x00F0      	MOVWF      R0
0x0206	0x083D      	MOVF       ADC_Read_local_result+1, 0
0x0207	0x00F1      	MOVWF      R0+1
L_end_ADC_Read:
0x0208	0x0008      	RETURN
; end of _ADC_Read
_main:
;Manejo_Teclado_LCD.mbas,28 :: 		main:
;Manejo_Teclado_LCD.mbas,29 :: 		ansel = 1
0x0209	0x3001      	MOVLW      1
0x020A	0x1683      	BSF        STATUS, 5
0x020B	0x1703      	BSF        STATUS, 6
0x020C	0x0088      	MOVWF      ANSEL
;Manejo_Teclado_LCD.mbas,30 :: 		anselh = 0
0x020D	0x0189      	CLRF       ANSELH
;Manejo_Teclado_LCD.mbas,31 :: 		trisa = 1
0x020E	0x3001      	MOVLW      1
0x020F	0x1303      	BCF        STATUS, 6
0x0210	0x0085      	MOVWF      TRISA
;Manejo_Teclado_LCD.mbas,32 :: 		trisc.2 = 0
0x0211	0x1107      	BCF        TRISC, 2
;Manejo_Teclado_LCD.mbas,33 :: 		portc.2 = 0
0x0212	0x1283      	BCF        STATUS, 5
0x0213	0x1107      	BCF        PORTC, 2
;Manejo_Teclado_LCD.mbas,35 :: 		Lcd_init()
0x0214	0x2140      	CALL       _Lcd_Init
;Manejo_Teclado_LCD.mbas,36 :: 		Lcd_cmd(_lcd_cursor_off)
0x0215	0x300C      	MOVLW      12
0x0216	0x00C0      	MOVWF      FARG_Lcd_Cmd_out_char
0x0217	0x201D      	CALL       _Lcd_Cmd
;Manejo_Teclado_LCD.mbas,37 :: 		Lcd_out(1, 1, "PWM: ")
0x0218	0x3001      	MOVLW      1
0x0219	0x00BB      	MOVWF      FARG_Lcd_Out_row
0x021A	0x3001      	MOVLW      1
0x021B	0x00BC      	MOVWF      FARG_Lcd_Out_column
0x021C	0x3050      	MOVLW      80
0x021D	0x00B5      	MOVWF      ?LocalText_main
0x021E	0x3057      	MOVLW      87
0x021F	0x00B6      	MOVWF      ?LocalText_main+1
0x0220	0x304D      	MOVLW      77
0x0221	0x00B7      	MOVWF      ?LocalText_main+2
0x0222	0x303A      	MOVLW      58
0x0223	0x00B8      	MOVWF      ?LocalText_main+3
0x0224	0x3020      	MOVLW      32
0x0225	0x00B9      	MOVWF      ?LocalText_main+4
0x0226	0x01BA      	CLRF       ?LocalText_main+5
0x0227	0x3035      	MOVLW      ?LocalText_main
0x0228	0x00BD      	MOVWF      FARG_Lcd_Out_text
0x0229	0x20F6      	CALL       _Lcd_Out
;Manejo_Teclado_LCD.mbas,38 :: 		Lcd_out(2, 1, "ADC: ")
0x022A	0x3002      	MOVLW      2
0x022B	0x00BB      	MOVWF      FARG_Lcd_Out_row
0x022C	0x3001      	MOVLW      1
0x022D	0x00BC      	MOVWF      FARG_Lcd_Out_column
0x022E	0x3041      	MOVLW      65
0x022F	0x00B5      	MOVWF      ?LocalText_main
0x0230	0x3044      	MOVLW      68
0x0231	0x00B6      	MOVWF      ?LocalText_main+1
0x0232	0x3043      	MOVLW      67
0x0233	0x00B7      	MOVWF      ?LocalText_main+2
0x0234	0x303A      	MOVLW      58
0x0235	0x00B8      	MOVWF      ?LocalText_main+3
0x0236	0x3020      	MOVLW      32
0x0237	0x00B9      	MOVWF      ?LocalText_main+4
0x0238	0x01BA      	CLRF       ?LocalText_main+5
0x0239	0x3035      	MOVLW      ?LocalText_main
0x023A	0x00BD      	MOVWF      FARG_Lcd_Out_text
0x023B	0x20F6      	CALL       _Lcd_Out
;Manejo_Teclado_LCD.mbas,39 :: 		ADC_Init()
0x023C	0x218E      	CALL       _ADC_Init
;Manejo_Teclado_LCD.mbas,40 :: 		PWM1_Init(5000)
0x023D	0x1012      	BCF        T2CON, 0
0x023E	0x1092      	BCF        T2CON, 1
0x023F	0x1412      	BSF        T2CON, 0
0x0240	0x1092      	BCF        T2CON, 1
0x0241	0x30F9      	MOVLW      249
0x0242	0x1683      	BSF        STATUS, 5
0x0243	0x0092      	MOVWF      PR2
0x0244	0x2132      	CALL       _PWM1_Init
;Manejo_Teclado_LCD.mbas,41 :: 		PWM1_Start()
0x0245	0x2138      	CALL       _PWM1_Start
;Manejo_Teclado_LCD.mbas,42 :: 		PWM1_Set_Duty(0)
0x0246	0x01BB      	CLRF       FARG_PWM1_Set_Duty_new_duty
0x0247	0x21A2      	CALL       _PWM1_Set_Duty
;Manejo_Teclado_LCD.mbas,44 :: 		while (1)
L__main2:
;Manejo_Teclado_LCD.mbas,45 :: 		dato = ADC_Read(0)
0x0248	0x01BB      	CLRF       FARG_ADC_Read_channel
0x0249	0x21DD      	CALL       _ADC_Read
0x024A	0x0870      	MOVF       R0, 0
0x024B	0x00A5      	MOVWF      _dato
0x024C	0x0871      	MOVF       R0+1, 0
0x024D	0x00A6      	MOVWF      _dato+1
;Manejo_Teclado_LCD.mbas,46 :: 		valor = dato / 4
0x024E	0x0870      	MOVF       R0, 0
0x024F	0x00F2      	MOVWF      R2
0x0250	0x0871      	MOVF       R0+1, 0
0x0251	0x00F3      	MOVWF      R2+1
0x0252	0x0CF3      	RRF        R2+1, 1
0x0253	0x0CF2      	RRF        R2, 1
0x0254	0x13F3      	BCF        R2+1, 7
0x0255	0x0CF3      	RRF        R2+1, 1
0x0256	0x0CF2      	RRF        R2, 1
0x0257	0x13F3      	BCF        R2+1, 7
0x0258	0x0872      	MOVF       R2, 0
0x0259	0x00A4      	MOVWF      _valor
;Manejo_Teclado_LCD.mbas,47 :: 		WordToStr(valor, txt_pwm)
0x025A	0x0872      	MOVF       R2, 0
0x025B	0x00BB      	MOVWF      FARG_WordToStr_input
0x025C	0x01BC      	CLRF       FARG_WordToStr_input+1
0x025D	0x302E      	MOVLW      _txt_pwm
0x025E	0x00BD      	MOVWF      FARG_WordToStr_output
0x025F	0x20B5      	CALL       _WordToStr
;Manejo_Teclado_LCD.mbas,48 :: 		WordToStr(dato, txt_adc)
0x0260	0x0825      	MOVF       _dato, 0
0x0261	0x00BB      	MOVWF      FARG_WordToStr_input
0x0262	0x0826      	MOVF       _dato+1, 0
0x0263	0x00BC      	MOVWF      FARG_WordToStr_input+1
0x0264	0x3027      	MOVLW      _txt_adc
0x0265	0x00BD      	MOVWF      FARG_WordToStr_output
0x0266	0x20B5      	CALL       _WordToStr
;Manejo_Teclado_LCD.mbas,49 :: 		Lcd_Out(1, 6, txt_pwm)
0x0267	0x3001      	MOVLW      1
0x0268	0x00BB      	MOVWF      FARG_Lcd_Out_row
0x0269	0x3006      	MOVLW      6
0x026A	0x00BC      	MOVWF      FARG_Lcd_Out_column
0x026B	0x302E      	MOVLW      _txt_pwm
0x026C	0x00BD      	MOVWF      FARG_Lcd_Out_text
0x026D	0x20F6      	CALL       _Lcd_Out
;Manejo_Teclado_LCD.mbas,50 :: 		Lcd_Out(2, 6, txt_adc)
0x026E	0x3002      	MOVLW      2
0x026F	0x00BB      	MOVWF      FARG_Lcd_Out_row
0x0270	0x3006      	MOVLW      6
0x0271	0x00BC      	MOVWF      FARG_Lcd_Out_column
0x0272	0x3027      	MOVLW      _txt_adc
0x0273	0x00BD      	MOVWF      FARG_Lcd_Out_text
0x0274	0x20F6      	CALL       _Lcd_Out
;Manejo_Teclado_LCD.mbas,51 :: 		PWM1_Set_Duty(valor)
0x0275	0x0824      	MOVF       _valor, 0
0x0276	0x00BB      	MOVWF      FARG_PWM1_Set_Duty_new_duty
0x0277	0x21A2      	CALL       _PWM1_Set_Duty
;Manejo_Teclado_LCD.mbas,52 :: 		wend
0x0278	0x2A48      	GOTO       L__main2
L_end_main:
0x0279	0x2A79      	GOTO       $+0
; end of _main
Symbol List:
//** Routines locations **
//ADDRESS    SIZE    PROCEDURE
//----------------------------------------------
0x0003       [7]    _Delay_50us
0x000A      [13]    _Delay_5500us
0x0017       [6]    _Delay_1us
0x001D      [64]    _Lcd_Cmd
0x005D      [29]    _Div_16x16_U
0x007A      [43]    _Mul_16x16_U
0x00A5       [8]    _Lcd_Chr_CP
0x00AD       [8]    _Delay_22us
0x00B5      [65]    _WordToStr
0x00F6      [60]    _Lcd_Out
0x0132       [6]    _PWM1_Init
0x0138       [8]    _PWM1_Start
0x0140      [78]    _Lcd_Init
0x018E      [20]    _ADC_Init
0x01A2      [59]    _PWM1_Set_Duty
0x01DD      [44]    _ADC_Read
0x0209     [113]    _main
//** Variables locations ** 
//ADDRESS    SIZE    VARIABLE
//----------------------------------------------
0x0003       [1]    STATUS
0x0004       [1]    FSR
0x0006       [0]    RB2_bit
0x0006       [0]    RB3_bit
0x0006       [0]    RB0_bit
0x0006       [0]    LCD_D5
0x0006       [0]    LCD_D4
0x0006       [0]    RB5_bit
0x0006       [0]    LCD_D6
0x0006       [0]    LCD_D7
0x0006       [0]    RB4_bit
0x0006       [0]    RB1_bit
0x0006       [0]    LCD_RS
0x0006       [0]    LCD_EN
0x0007       [1]    PORTC
0x0012       [1]    T2CON
0x0015       [1]    CCPR1L
0x0017       [1]    CCP1CON
0x001E       [1]    ADRESH
0x001F       [1]    ADCON0
0x0020       [0]    __Lib_Lcd_cmd_status
0x0021       [3]    _ADC_Get_Sample_Ptr
0x0024       [1]    _valor
0x0025       [2]    _dato
0x0027       [7]    _txt_adc
0x002E       [7]    _txt_pwm
0x0035       [6]    ?LocalText_main
0x003B       [1]    FARG_PWM1_Set_Duty_new_duty
0x003B       [1]    FARG_ADC_Read_channel
0x003B       [1]    FARG_Lcd_Out_row
0x003B       [2]    FARG_WordToStr_input
0x003B       [4]    FARG_PWM1_Init_PWM_Freq
0x003C       [1]    FARG_Lcd_Out_column
0x003C       [2]    ADC_Read_local_result
0x003D       [1]    FARG_Lcd_Out_text
0x003D       [1]    FARG_WordToStr_output
0x003E       [1]    Lcd_Out_i
0x003E       [1]    WordToStr_ptr
0x003F       [1]    FARG_Lcd_Chr_CP_Out_Char
0x0040       [1]    FARG_Lcd_Cmd_out_char
0x0070       [1]    R0
0x0071       [1]    R1
0x0072       [1]    R2
0x0073       [1]    R3
0x0074       [1]    R4
0x0075       [1]    R5
0x0076       [1]    R6
0x0077       [1]    R7
0x0078       [1]    R8
0x0079       [1]    R9
0x007A       [1]    R10
0x007B       [1]    R11
0x007C       [1]    R12
0x007D       [1]    R13
0x007E       [1]    R14
0x007F       [1]    R15
0x0085       [1]    TRISA
0x0086       [0]    LCD_EN_Direction
0x0086       [0]    LCD_RS_Direction
0x0086       [0]    TRISB0_bit
0x0086       [0]    LCD_D5_Direction
0x0086       [0]    LCD_D6_Direction
0x0086       [0]    LCD_D4_Direction
0x0086       [0]    TRISB5_bit
0x0086       [0]    TRISB1_bit
0x0086       [0]    LCD_D7_Direction
0x0086       [0]    TRISB2_bit
0x0086       [0]    TRISB4_bit
0x0086       [0]    TRISB3_bit
0x0087       [0]    TRISC2_bit
0x0087       [1]    TRISC
0x0092       [1]    PR2
0x009E       [1]    ADRESL
0x009F       [1]    ADCON1
0x0188       [1]    ANSEL
0x0189       [1]    ANSELH
