;  LST file generated by mikroListExporter - v.2.0 
; Date/Time: 25/11/2024 20:28:43
;----------------------------------------------

;Address Opcode 	ASM
0x0000	0x2949      	GOTO       329
_numero:
;Contador2Digitos_SEMAFORO.mbas,10 :: 		sub procedure numero (dim valor as byte)     'Procedimiento con llevada "numero"
;Contador2Digitos_SEMAFORO.mbas,12 :: 		case 0 dato = 63      'Dar una condición al caso "0"
0x0003	0x1283      	BCF        STATUS, 5
0x0004	0x1303      	BCF        STATUS, 6
0x0005	0x0826      	MOVF       FARG_numero_valor, 0
0x0006	0x3A00      	XORLW      0
0x0007	0x1D03      	BTFSS      STATUS, 2
0x0008	0x280C      	GOTO       L__numero4
0x0009	0x303F      	MOVLW      63
0x000A	0x00A2      	MOVWF      _dato
0x000B	0x284B      	GOTO       L__numero1
L__numero4:
;Contador2Digitos_SEMAFORO.mbas,13 :: 		case 1 dato = 6       'Dar una condición al caso "1"
0x000C	0x0826      	MOVF       FARG_numero_valor, 0
0x000D	0x3A01      	XORLW      1
0x000E	0x1D03      	BTFSS      STATUS, 2
0x000F	0x2813      	GOTO       L__numero7
0x0010	0x3006      	MOVLW      6
0x0011	0x00A2      	MOVWF      _dato
0x0012	0x284B      	GOTO       L__numero1
L__numero7:
;Contador2Digitos_SEMAFORO.mbas,14 :: 		case 2 dato = 91      'Dar una condición al caso "2"
0x0013	0x0826      	MOVF       FARG_numero_valor, 0
0x0014	0x3A02      	XORLW      2
0x0015	0x1D03      	BTFSS      STATUS, 2
0x0016	0x281A      	GOTO       L__numero10
0x0017	0x305B      	MOVLW      91
0x0018	0x00A2      	MOVWF      _dato
0x0019	0x284B      	GOTO       L__numero1
L__numero10:
;Contador2Digitos_SEMAFORO.mbas,15 :: 		case 3 dato = 79      'Dar una condición al caso "3"
0x001A	0x0826      	MOVF       FARG_numero_valor, 0
0x001B	0x3A03      	XORLW      3
0x001C	0x1D03      	BTFSS      STATUS, 2
0x001D	0x2821      	GOTO       L__numero13
0x001E	0x304F      	MOVLW      79
0x001F	0x00A2      	MOVWF      _dato
0x0020	0x284B      	GOTO       L__numero1
L__numero13:
;Contador2Digitos_SEMAFORO.mbas,16 :: 		case 4 dato = 102     'Dar una condición al caso "4"
0x0021	0x0826      	MOVF       FARG_numero_valor, 0
0x0022	0x3A04      	XORLW      4
0x0023	0x1D03      	BTFSS      STATUS, 2
0x0024	0x2828      	GOTO       L__numero16
0x0025	0x3066      	MOVLW      102
0x0026	0x00A2      	MOVWF      _dato
0x0027	0x284B      	GOTO       L__numero1
L__numero16:
;Contador2Digitos_SEMAFORO.mbas,17 :: 		case 5 dato = 109     'Dar una condición al caso "5"
0x0028	0x0826      	MOVF       FARG_numero_valor, 0
0x0029	0x3A05      	XORLW      5
0x002A	0x1D03      	BTFSS      STATUS, 2
0x002B	0x282F      	GOTO       L__numero19
0x002C	0x306D      	MOVLW      109
0x002D	0x00A2      	MOVWF      _dato
0x002E	0x284B      	GOTO       L__numero1
L__numero19:
;Contador2Digitos_SEMAFORO.mbas,18 :: 		case 6 dato = 125     'Dar una condición al caso "6"
0x002F	0x0826      	MOVF       FARG_numero_valor, 0
0x0030	0x3A06      	XORLW      6
0x0031	0x1D03      	BTFSS      STATUS, 2
0x0032	0x2836      	GOTO       L__numero22
0x0033	0x307D      	MOVLW      125
0x0034	0x00A2      	MOVWF      _dato
0x0035	0x284B      	GOTO       L__numero1
L__numero22:
;Contador2Digitos_SEMAFORO.mbas,19 :: 		case 7 dato = 7       'Dar una condición al caso "7"
0x0036	0x0826      	MOVF       FARG_numero_valor, 0
0x0037	0x3A07      	XORLW      7
0x0038	0x1D03      	BTFSS      STATUS, 2
0x0039	0x283D      	GOTO       L__numero25
0x003A	0x3007      	MOVLW      7
0x003B	0x00A2      	MOVWF      _dato
0x003C	0x284B      	GOTO       L__numero1
L__numero25:
;Contador2Digitos_SEMAFORO.mbas,20 :: 		case 8 dato = 127     'Dar una condición al caso "8"
0x003D	0x0826      	MOVF       FARG_numero_valor, 0
0x003E	0x3A08      	XORLW      8
0x003F	0x1D03      	BTFSS      STATUS, 2
0x0040	0x2844      	GOTO       L__numero28
0x0041	0x307F      	MOVLW      127
0x0042	0x00A2      	MOVWF      _dato
0x0043	0x284B      	GOTO       L__numero1
L__numero28:
;Contador2Digitos_SEMAFORO.mbas,21 :: 		case 9 dato = 111     'Dar una condición al caso "9"
0x0044	0x0826      	MOVF       FARG_numero_valor, 0
0x0045	0x3A09      	XORLW      9
0x0046	0x1D03      	BTFSS      STATUS, 2
0x0047	0x284B      	GOTO       L__numero31
0x0048	0x306F      	MOVLW      111
0x0049	0x00A2      	MOVWF      _dato
0x004A	0x284B      	GOTO       L__numero1
L__numero31:
L__numero1:
;Contador2Digitos_SEMAFORO.mbas,23 :: 		end sub 'Fin del procedimiento con llevada "numero"
L_end_numero:
0x004B	0x0008      	RETURN
; end of _numero
_Div_8x8_U:
;__Lib_Math.mpas,173 :: 		
;__Lib_Math.mpas,180 :: 		
0x004C	0x1283      	BCF        STATUS, 5
0x004D	0x1303      	BCF        STATUS, 6
0x004E	0x0874      	MOVF       R4, 0
0x004F	0x3A00      	XORLW      0
0x0050	0x1D03      	BTFSS      STATUS, 2
0x0051	0x2855      	GOTO       L__Div_8x8_U4
;__Lib_Math.mpas,182 :: 		
0x0052	0x30FF      	MOVLW      255
0x0053	0x00F0      	MOVWF      R0
;__Lib_Math.mpas,183 :: 		
0x0054	0x2865      	GOTO       L_end__Div_8x8_U
;__Lib_Math.mpas,184 :: 		
L__Div_8x8_U4:
;__Lib_Math.mpas,187 :: 		
0x0055	0x1283      	BCF        STATUS, 5
;__Lib_Math.mpas,188 :: 		
0x0056	0x1303      	BCF        STATUS, 6
;__Lib_Math.mpas,189 :: 		
0x0057	0x01F8      	CLRF       R8
;__Lib_Math.mpas,190 :: 		
0x0058	0x3008      	MOVLW      8
;__Lib_Math.mpas,191 :: 		
0x0059	0x00FC      	MOVWF      R12
;__Lib_Math.mpas,192 :: 		
0x005A	0x0D70      	RLF        R0, 0
;__Lib_Math.mpas,193 :: 		
0x005B	0x0DF8      	RLF        R8, 1
;__Lib_Math.mpas,194 :: 		
0x005C	0x0874      	MOVF       R4, 0
;__Lib_Math.mpas,195 :: 		
0x005D	0x02F8      	SUBWF      R8, 1
;__Lib_Math.mpas,196 :: 		
0x005E	0x1803      	BTFSC      STATUS, 0
;__Lib_Math.mpas,197 :: 		
0x005F	0x2862      	GOTO       $+3
;__Lib_Math.mpas,198 :: 		
0x0060	0x07F8      	ADDWF      R8, 1
;__Lib_Math.mpas,199 :: 		
0x0061	0x1003      	BCF        STATUS, 0
;__Lib_Math.mpas,200 :: 		
0x0062	0x0DF0      	RLF        R0, 1
;__Lib_Math.mpas,201 :: 		
0x0063	0x0BFC      	DECFSZ     R12, 1
;__Lib_Math.mpas,202 :: 		
0x0064	0x285A      	GOTO       $-10
;__Lib_Math.mpas,204 :: 		
L_end__Div_8x8_U:
L_end_Div_8x8_U:
0x0065	0x0008      	RETURN
; end of _Div_8x8_U
_Mul_8x8_U:
;__Lib_Math.mpas,87 :: 		
;__Lib_Math.mpas,93 :: 		
0x0066	0x1283      	BCF        STATUS, 5
;__Lib_Math.mpas,94 :: 		
0x0067	0x1303      	BCF        STATUS, 6
;__Lib_Math.mpas,95 :: 		
0x0068	0x0870      	MOVF       R0, 0
;__Lib_Math.mpas,96 :: 		
0x0069	0x00F1      	MOVWF      R1
;__Lib_Math.mpas,97 :: 		
0x006A	0x01F0      	CLRF       R0
;__Lib_Math.mpas,98 :: 		
0x006B	0x3008      	MOVLW      8
;__Lib_Math.mpas,99 :: 		
0x006C	0x00FC      	MOVWF      R12
;__Lib_Math.mpas,100 :: 		
0x006D	0x0871      	MOVF       R1, 0
;__Lib_Math.mpas,101 :: 		
0x006E	0x0CF4      	RRF        R4, 1
;__Lib_Math.mpas,102 :: 		
0x006F	0x1803      	BTFSC      STATUS, 0
;__Lib_Math.mpas,103 :: 		
0x0070	0x2875      	GOTO       $+5
;__Lib_Math.mpas,104 :: 		
0x0071	0x0BFC      	DECFSZ     R12, 1
;__Lib_Math.mpas,105 :: 		
0x0072	0x286E      	GOTO       $-4
;__Lib_Math.mpas,106 :: 		
0x0073	0x01F1      	CLRF       R1
;__Lib_Math.mpas,107 :: 		
0x0074	0x3400      	RETLW      0
;__Lib_Math.mpas,108 :: 		
0x0075	0x1003      	BCF        STATUS, 0
;__Lib_Math.mpas,109 :: 		
0x0076	0x287A      	GOTO       $+4
;__Lib_Math.mpas,110 :: 		
0x0077	0x0CF4      	RRF        R4, 1
;__Lib_Math.mpas,111 :: 		
0x0078	0x1803      	BTFSC      STATUS, 0
;__Lib_Math.mpas,112 :: 		
0x0079	0x07F1      	ADDWF      R1, 1
;__Lib_Math.mpas,113 :: 		
0x007A	0x0CF1      	RRF        R1, 1
;__Lib_Math.mpas,114 :: 		
0x007B	0x0CF0      	RRF        R0, 1
;__Lib_Math.mpas,115 :: 		
0x007C	0x0BFC      	DECFSZ     R12, 1
;__Lib_Math.mpas,116 :: 		
0x007D	0x2877      	GOTO       $-6
;__Lib_Math.mpas,118 :: 		
L_end_Mul_8x8_U:
0x007E	0x0008      	RETURN
; end of _Mul_8x8_U
_condicion:
;Contador2Digitos_SEMAFORO.mbas,25 :: 		sub procedure condicion        'Procedimiento "condicion"
;Contador2Digitos_SEMAFORO.mbas,26 :: 		if (contador > 5) and (repet = 0) then portd = 0XA1 end if 'Condición para el primer "if" contador tiene que ser mayor a 5, y la variable "repet" debe estar en 0 para que se cumpla la condición
0x007F	0x1283      	BCF        STATUS, 5
0x0080	0x1303      	BCF        STATUS, 6
0x0081	0x0824      	MOVF       _contador, 0
0x0082	0x3C05      	SUBLW      5
0x0083	0x30FF      	MOVLW      255
0x0084	0x1803      	BTFSC      STATUS, 0
0x0085	0x3000      	MOVLW      0
0x0086	0x00F1      	MOVWF      R1
0x0087	0x1823      	BTFSC      _repet, BitPos(_repet+0)
0x0088	0x288B      	GOTO       L__condicion83
0x0089	0x1403      	BSF        STATUS, 0
0x008A	0x288C      	GOTO       L__condicion84
L__condicion83:
0x008B	0x1003      	BCF        STATUS, 0
L__condicion84:
0x008C	0x01F0      	CLRF       R0
0x008D	0x1803      	BTFSC      STATUS, 0
0x008E	0x0AF0      	INCF       R0, 1
0x008F	0x0871      	MOVF       R1, 0
0x0090	0x05F0      	ANDWF      R0, 1
0x0091	0x1903      	BTFSC      STATUS, 2
0x0092	0x2895      	GOTO       L__condicion34
0x0093	0x30A1      	MOVLW      161
0x0094	0x0088      	MOVWF      PORTD
L__condicion34:
;Contador2Digitos_SEMAFORO.mbas,27 :: 		if (contador < 5) and (contador > 0) and (repet = 0) then  'Condición para el segundo "if" contador tiene que ser menor a 5, mayor a 0, y la variable "repet" debe estar en 0 para que se cumpla la condición
0x0095	0x3005      	MOVLW      5
0x0096	0x0224      	SUBWF      _contador, 0
0x0097	0x30FF      	MOVLW      255
0x0098	0x1803      	BTFSC      STATUS, 0
0x0099	0x3000      	MOVLW      0
0x009A	0x00F1      	MOVWF      R1
0x009B	0x0824      	MOVF       _contador, 0
0x009C	0x3C00      	SUBLW      0
0x009D	0x30FF      	MOVLW      255
0x009E	0x1803      	BTFSC      STATUS, 0
0x009F	0x3000      	MOVLW      0
0x00A0	0x00F0      	MOVWF      R0
0x00A1	0x0870      	MOVF       R0, 0
0x00A2	0x05F1      	ANDWF      R1, 1
0x00A3	0x1823      	BTFSC      _repet, BitPos(_repet+0)
0x00A4	0x28A7      	GOTO       L__condicion85
0x00A5	0x1403      	BSF        STATUS, 0
0x00A6	0x28A8      	GOTO       L__condicion86
L__condicion85:
0x00A7	0x1003      	BCF        STATUS, 0
L__condicion86:
0x00A8	0x01F0      	CLRF       R0
0x00A9	0x1803      	BTFSC      STATUS, 0
0x00AA	0x0AF0      	INCF       R0, 1
0x00AB	0x0871      	MOVF       R1, 0
0x00AC	0x05F0      	ANDWF      R0, 1
0x00AD	0x1903      	BTFSC      STATUS, 2
0x00AE	0x28C5      	GOTO       L__condicion37
;Contador2Digitos_SEMAFORO.mbas,28 :: 		portd = 0x91   'Sale dato "0x91" (en hexadecimal) por el puerto D
0x00AF	0x3091      	MOVLW      145
0x00B0	0x0088      	MOVWF      PORTD
;Contador2Digitos_SEMAFORO.mbas,29 :: 		delay_ms(10)   'Retraso de 10ms
0x00B1	0x3041      	MOVLW      65
0x00B2	0x00FC      	MOVWF      R12
0x00B3	0x30EE      	MOVLW      238
0x00B4	0x00FD      	MOVWF      R13
L__condicion39:
0x00B5	0x0BFD      	DECFSZ     R13, 1
0x00B6	0x28B5      	GOTO       L__condicion39
0x00B7	0x0BFC      	DECFSZ     R12, 1
0x00B8	0x28B5      	GOTO       L__condicion39
0x00B9	0x0000      	NOP
;Contador2Digitos_SEMAFORO.mbas,30 :: 		portd = 0x11   'Sale dato "0x11" (en hexadecimal) por el puerto D
0x00BA	0x3011      	MOVLW      17
0x00BB	0x0088      	MOVWF      PORTD
;Contador2Digitos_SEMAFORO.mbas,31 :: 		delay_ms(10)   'Retraso de 10ms
0x00BC	0x3041      	MOVLW      65
0x00BD	0x00FC      	MOVWF      R12
0x00BE	0x30EE      	MOVLW      238
0x00BF	0x00FD      	MOVWF      R13
L__condicion40:
0x00C0	0x0BFD      	DECFSZ     R13, 1
0x00C1	0x28C0      	GOTO       L__condicion40
0x00C2	0x0BFC      	DECFSZ     R12, 1
0x00C3	0x28C0      	GOTO       L__condicion40
0x00C4	0x0000      	NOP
L__condicion37:
;Contador2Digitos_SEMAFORO.mbas,33 :: 		if (contador = 0) and (repet = 0) then portd = 0x89 end if  'Condición para el tercer "if" contador tiene que ser igual a 0, y la variable "repet" debe estar en 0 para que se cumpla la condición
0x00C5	0x0824      	MOVF       _contador, 0
0x00C6	0x3A00      	XORLW      0
0x00C7	0x30FF      	MOVLW      255
0x00C8	0x1D03      	BTFSS      STATUS, 2
0x00C9	0x3000      	MOVLW      0
0x00CA	0x00F1      	MOVWF      R1
0x00CB	0x1823      	BTFSC      _repet, BitPos(_repet+0)
0x00CC	0x28CF      	GOTO       L__condicion87
0x00CD	0x1403      	BSF        STATUS, 0
0x00CE	0x28D0      	GOTO       L__condicion88
L__condicion87:
0x00CF	0x1003      	BCF        STATUS, 0
L__condicion88:
0x00D0	0x01F0      	CLRF       R0
0x00D1	0x1803      	BTFSC      STATUS, 0
0x00D2	0x0AF0      	INCF       R0, 1
0x00D3	0x0871      	MOVF       R1, 0
0x00D4	0x05F0      	ANDWF      R0, 1
0x00D5	0x1903      	BTFSC      STATUS, 2
0x00D6	0x28D9      	GOTO       L__condicion42
0x00D7	0x3089      	MOVLW      137
0x00D8	0x0088      	MOVWF      PORTD
L__condicion42:
;Contador2Digitos_SEMAFORO.mbas,34 :: 		if (contador > 5) and (repet = 1) then portd = 0x4C end if  'Condición para el cuarto "if" contador tiene que ser mayor a 5, y la variable "repet" debe estar en 1 para que se cumpla la condición
0x00D9	0x0824      	MOVF       _contador, 0
0x00DA	0x3C05      	SUBLW      5
0x00DB	0x30FF      	MOVLW      255
0x00DC	0x1803      	BTFSC      STATUS, 0
0x00DD	0x3000      	MOVLW      0
0x00DE	0x00F1      	MOVWF      R1
0x00DF	0x1823      	BTFSC      _repet, BitPos(_repet+0)
0x00E0	0x28E3      	GOTO       L__condicion89
0x00E1	0x1003      	BCF        STATUS, 0
0x00E2	0x28E4      	GOTO       L__condicion90
L__condicion89:
0x00E3	0x1403      	BSF        STATUS, 0
L__condicion90:
0x00E4	0x01F0      	CLRF       R0
0x00E5	0x1803      	BTFSC      STATUS, 0
0x00E6	0x0AF0      	INCF       R0, 1
0x00E7	0x0871      	MOVF       R1, 0
0x00E8	0x05F0      	ANDWF      R0, 1
0x00E9	0x1903      	BTFSC      STATUS, 2
0x00EA	0x28ED      	GOTO       L__condicion45
0x00EB	0x304C      	MOVLW      76
0x00EC	0x0088      	MOVWF      PORTD
L__condicion45:
;Contador2Digitos_SEMAFORO.mbas,35 :: 		if (contador < 5) and (contador > 0) and (repet = 1) then portd = 0x4A end if  'Condición para el quinto "if" contador tiene que ser menor a 5, mayor a 0, y la variable "repet" debe estar en 1 para que se cumpla la condición
0x00ED	0x3005      	MOVLW      5
0x00EE	0x0224      	SUBWF      _contador, 0
0x00EF	0x30FF      	MOVLW      255
0x00F0	0x1803      	BTFSC      STATUS, 0
0x00F1	0x3000      	MOVLW      0
0x00F2	0x00F1      	MOVWF      R1
0x00F3	0x0824      	MOVF       _contador, 0
0x00F4	0x3C00      	SUBLW      0
0x00F5	0x30FF      	MOVLW      255
0x00F6	0x1803      	BTFSC      STATUS, 0
0x00F7	0x3000      	MOVLW      0
0x00F8	0x00F0      	MOVWF      R0
0x00F9	0x0870      	MOVF       R0, 0
0x00FA	0x05F1      	ANDWF      R1, 1
0x00FB	0x1823      	BTFSC      _repet, BitPos(_repet+0)
0x00FC	0x28FF      	GOTO       L__condicion91
0x00FD	0x1003      	BCF        STATUS, 0
0x00FE	0x2900      	GOTO       L__condicion92
L__condicion91:
0x00FF	0x1403      	BSF        STATUS, 0
L__condicion92:
0x0100	0x01F0      	CLRF       R0
0x0101	0x1803      	BTFSC      STATUS, 0
0x0102	0x0AF0      	INCF       R0, 1
0x0103	0x0871      	MOVF       R1, 0
0x0104	0x05F0      	ANDWF      R0, 1
0x0105	0x1903      	BTFSC      STATUS, 2
0x0106	0x2909      	GOTO       L__condicion48
0x0107	0x304A      	MOVLW      74
0x0108	0x0088      	MOVWF      PORTD
L__condicion48:
;Contador2Digitos_SEMAFORO.mbas,36 :: 		if (contador = 0) and (repet = 1) then portd = 0x49 end if  'Condición para el tercer "if" contador tiene que ser igual a 0, y la variable "repet" debe estar en 1 para que se cumpla la condición
0x0109	0x0824      	MOVF       _contador, 0
0x010A	0x3A00      	XORLW      0
0x010B	0x30FF      	MOVLW      255
0x010C	0x1D03      	BTFSS      STATUS, 2
0x010D	0x3000      	MOVLW      0
0x010E	0x00F1      	MOVWF      R1
0x010F	0x1823      	BTFSC      _repet, BitPos(_repet+0)
0x0110	0x2913      	GOTO       L__condicion93
0x0111	0x1003      	BCF        STATUS, 0
0x0112	0x2914      	GOTO       L__condicion94
L__condicion93:
0x0113	0x1403      	BSF        STATUS, 0
L__condicion94:
0x0114	0x01F0      	CLRF       R0
0x0115	0x1803      	BTFSC      STATUS, 0
0x0116	0x0AF0      	INCF       R0, 1
0x0117	0x0871      	MOVF       R1, 0
0x0118	0x05F0      	ANDWF      R0, 1
0x0119	0x1903      	BTFSC      STATUS, 2
0x011A	0x291D      	GOTO       L__condicion51
0x011B	0x3049      	MOVLW      73
0x011C	0x0088      	MOVWF      PORTD
L__condicion51:
;Contador2Digitos_SEMAFORO.mbas,37 :: 		if contador = 0 then  'Condición para el último "if", si el contador es igual a 0, entonces existirá una rotulación desde 0 a 255 veces para visualizar el numero 00, en los diplays por aproximadamente 1 segundo
0x011D	0x0824      	MOVF       _contador, 0
0x011E	0x3A00      	XORLW      0
0x011F	0x1D03      	BTFSS      STATUS, 2
0x0120	0x2948      	GOTO       L__condicion54
;Contador2Digitos_SEMAFORO.mbas,38 :: 		for veces = 0 to 255          'Bucle for desde 0 a 255 para la rotulación del display
0x0121	0x01A5      	CLRF       _veces
L__condicion57:
;Contador2Digitos_SEMAFORO.mbas,39 :: 		portc = 0             'Abro transistores
0x0122	0x0187      	CLRF       PORTC
;Contador2Digitos_SEMAFORO.mbas,40 :: 		numero (unidad)       'Llamo al procedimiento
0x0123	0x0820      	MOVF       _unidad, 0
0x0124	0x00A6      	MOVWF      FARG_numero_valor
0x0125	0x2003      	CALL       _numero
;Contador2Digitos_SEMAFORO.mbas,41 :: 		portb = dato          'Coloco el dato que quiero visualizar en el display
0x0126	0x0822      	MOVF       _dato, 0
0x0127	0x0086      	MOVWF      PORTB
;Contador2Digitos_SEMAFORO.mbas,42 :: 		portc = 2             'Cierro transistores
0x0128	0x3002      	MOVLW      2
0x0129	0x0087      	MOVWF      PORTC
;Contador2Digitos_SEMAFORO.mbas,43 :: 		delay_ms(1)           'retraso de 1ms
0x012A	0x3007      	MOVLW      7
0x012B	0x00FC      	MOVWF      R12
0x012C	0x307D      	MOVLW      125
0x012D	0x00FD      	MOVWF      R13
L__condicion61:
0x012E	0x0BFD      	DECFSZ     R13, 1
0x012F	0x292E      	GOTO       L__condicion61
0x0130	0x0BFC      	DECFSZ     R12, 1
0x0131	0x292E      	GOTO       L__condicion61
;Contador2Digitos_SEMAFORO.mbas,45 :: 		portc = 0             'Abro transistores
0x0132	0x0187      	CLRF       PORTC
;Contador2Digitos_SEMAFORO.mbas,46 :: 		numero (decena)       'Llamo al procedimiento
0x0133	0x0821      	MOVF       _decena, 0
0x0134	0x00A6      	MOVWF      FARG_numero_valor
0x0135	0x2003      	CALL       _numero
;Contador2Digitos_SEMAFORO.mbas,47 :: 		portb = dato          'Coloco el dato que quiero visualizar en el display
0x0136	0x0822      	MOVF       _dato, 0
0x0137	0x0086      	MOVWF      PORTB
;Contador2Digitos_SEMAFORO.mbas,48 :: 		portc = 1             'Cierro transistores
0x0138	0x3001      	MOVLW      1
0x0139	0x0087      	MOVWF      PORTC
;Contador2Digitos_SEMAFORO.mbas,49 :: 		delay_ms(1)           'retraso de 1ms
0x013A	0x3007      	MOVLW      7
0x013B	0x00FC      	MOVWF      R12
0x013C	0x307D      	MOVLW      125
0x013D	0x00FD      	MOVWF      R13
L__condicion62:
0x013E	0x0BFD      	DECFSZ     R13, 1
0x013F	0x293E      	GOTO       L__condicion62
0x0140	0x0BFC      	DECFSZ     R12, 1
0x0141	0x293E      	GOTO       L__condicion62
;Contador2Digitos_SEMAFORO.mbas,50 :: 		next veces                'Final del bucle for para la rotulación del display
0x0142	0x0825      	MOVF       _veces, 0
0x0143	0x3AFF      	XORLW      255
0x0144	0x1903      	BTFSC      STATUS, 2
0x0145	0x2948      	GOTO       L__condicion60
0x0146	0x0AA5      	INCF       _veces, 1
0x0147	0x2922      	GOTO       L__condicion57
L__condicion60:
L__condicion54:
;Contador2Digitos_SEMAFORO.mbas,53 :: 		end sub 'Fin procedimiento "condición"
L_end_condicion:
0x0148	0x0008      	RETURN
; end of _condicion
_main:
;Contador2Digitos_SEMAFORO.mbas,55 :: 		main:
;Contador2Digitos_SEMAFORO.mbas,57 :: 		trisa = 0       'Configurar puerto A como salida
0x0149	0x1683      	BSF        STATUS, 5
0x014A	0x1303      	BCF        STATUS, 6
0x014B	0x0185      	CLRF       TRISA
;Contador2Digitos_SEMAFORO.mbas,58 :: 		trisb = 0       'Configurar puerto B como salida
0x014C	0x0186      	CLRF       TRISB
;Contador2Digitos_SEMAFORO.mbas,59 :: 		trisc = 0       'Configurar puerto C como salida
0x014D	0x0187      	CLRF       TRISC
;Contador2Digitos_SEMAFORO.mbas,60 :: 		trisd = 0       'Configurar puerto D como salida
0x014E	0x0188      	CLRF       TRISD
;Contador2Digitos_SEMAFORO.mbas,61 :: 		porta = 0       'Condición inicial del puerto A en 0
0x014F	0x1283      	BCF        STATUS, 5
0x0150	0x0185      	CLRF       PORTA
;Contador2Digitos_SEMAFORO.mbas,62 :: 		portb = 0       'Condición inicial del puerto B en 0
0x0151	0x0186      	CLRF       PORTB
;Contador2Digitos_SEMAFORO.mbas,63 :: 		portc = 0       'Condición inicial del puerto C en 0
0x0152	0x0187      	CLRF       PORTC
;Contador2Digitos_SEMAFORO.mbas,64 :: 		portd = 0       'Condición inicial del puerto D en 0
0x0153	0x0188      	CLRF       PORTD
;Contador2Digitos_SEMAFORO.mbas,65 :: 		anselh = 0      'Configurar puerto B como digital
0x0154	0x1683      	BSF        STATUS, 5
0x0155	0x1703      	BSF        STATUS, 6
0x0156	0x0189      	CLRF       ANSELH
;Contador2Digitos_SEMAFORO.mbas,66 :: 		ansel = 0       'Configurar puerto A como digital
0x0157	0x0188      	CLRF       ANSEL
;Contador2Digitos_SEMAFORO.mbas,67 :: 		repet = 0       'Condición inicial de 0 de la variable "repet"
0x0158	0x1283      	BCF        STATUS, 5
0x0159	0x1303      	BCF        STATUS, 6
0x015A	0x1023      	BCF        _repet, BitPos(_repet+0)
;Contador2Digitos_SEMAFORO.mbas,69 :: 		while (1)       'Inicio bucle infinito
L__main65:
;Contador2Digitos_SEMAFORO.mbas,70 :: 		For contador = 54 to 0 step -1        'Bucle for "contador" desde 54 a 0 descendente (pasos de -1)
0x015B	0x3036      	MOVLW      54
0x015C	0x00A4      	MOVWF      _contador
L__main70:
;Contador2Digitos_SEMAFORO.mbas,71 :: 		decena = contador / 10            'Equivalente matemático de la variable "decena"
0x015D	0x300A      	MOVLW      10
0x015E	0x00F4      	MOVWF      R4
0x015F	0x0824      	MOVF       _contador, 0
0x0160	0x00F0      	MOVWF      R0
0x0161	0x204C      	CALL       _Div_8x8_U
0x0162	0x0870      	MOVF       R0, 0
0x0163	0x00A1      	MOVWF      _decena
;Contador2Digitos_SEMAFORO.mbas,72 :: 		unidad = contador - (decena * 10) 'Equivalente matemático de la variable "unidad"
0x0164	0x300A      	MOVLW      10
0x0165	0x00F4      	MOVWF      R4
0x0166	0x2066      	CALL       _Mul_8x8_U
0x0167	0x0870      	MOVF       R0, 0
0x0168	0x0224      	SUBWF      _contador, 0
0x0169	0x00A0      	MOVWF      _unidad
;Contador2Digitos_SEMAFORO.mbas,73 :: 		condicion                         'Llamo al procedimiento "condicion"
0x016A	0x207F      	CALL       _condicion
;Contador2Digitos_SEMAFORO.mbas,75 :: 		for veces = 0 to 255       'Bulce for "veces" de 0 a 255 para rotulación del display
0x016B	0x01A5      	CLRF       _veces
L__main75:
;Contador2Digitos_SEMAFORO.mbas,76 :: 		portc = 0              'Abro transistores
0x016C	0x0187      	CLRF       PORTC
;Contador2Digitos_SEMAFORO.mbas,77 :: 		numero (unidad)        'Llamo al procedimiento
0x016D	0x0820      	MOVF       _unidad, 0
0x016E	0x00A6      	MOVWF      FARG_numero_valor
0x016F	0x2003      	CALL       _numero
;Contador2Digitos_SEMAFORO.mbas,78 :: 		portb = dato           'Coloco el dato que quiero visualizar en el display
0x0170	0x0822      	MOVF       _dato, 0
0x0171	0x0086      	MOVWF      PORTB
;Contador2Digitos_SEMAFORO.mbas,79 :: 		portc = 2              'Cierro transistores
0x0172	0x3002      	MOVLW      2
0x0173	0x0087      	MOVWF      PORTC
;Contador2Digitos_SEMAFORO.mbas,80 :: 		delay_ms(1)            'retraso de 1ms
0x0174	0x3007      	MOVLW      7
0x0175	0x00FC      	MOVWF      R12
0x0176	0x307D      	MOVLW      125
0x0177	0x00FD      	MOVWF      R13
L__main79:
0x0178	0x0BFD      	DECFSZ     R13, 1
0x0179	0x2978      	GOTO       L__main79
0x017A	0x0BFC      	DECFSZ     R12, 1
0x017B	0x2978      	GOTO       L__main79
;Contador2Digitos_SEMAFORO.mbas,82 :: 		portc = 0              'Abro transistores
0x017C	0x0187      	CLRF       PORTC
;Contador2Digitos_SEMAFORO.mbas,83 :: 		numero (decena)        'Llamo al procedimiento
0x017D	0x0821      	MOVF       _decena, 0
0x017E	0x00A6      	MOVWF      FARG_numero_valor
0x017F	0x2003      	CALL       _numero
;Contador2Digitos_SEMAFORO.mbas,84 :: 		portb = dato           'Coloco el dato que quiero visualizar en el display
0x0180	0x0822      	MOVF       _dato, 0
0x0181	0x0086      	MOVWF      PORTB
;Contador2Digitos_SEMAFORO.mbas,85 :: 		portc = 1              'Cierro transistores
0x0182	0x3001      	MOVLW      1
0x0183	0x0087      	MOVWF      PORTC
;Contador2Digitos_SEMAFORO.mbas,86 :: 		delay_ms(1)            'retraso de 1ms
0x0184	0x3007      	MOVLW      7
0x0185	0x00FC      	MOVWF      R12
0x0186	0x307D      	MOVLW      125
0x0187	0x00FD      	MOVWF      R13
L__main80:
0x0188	0x0BFD      	DECFSZ     R13, 1
0x0189	0x2988      	GOTO       L__main80
0x018A	0x0BFC      	DECFSZ     R12, 1
0x018B	0x2988      	GOTO       L__main80
;Contador2Digitos_SEMAFORO.mbas,87 :: 		next veces                 'Final del bucle for "veces" para la rotulación del display
0x018C	0x0825      	MOVF       _veces, 0
0x018D	0x3AFF      	XORLW      255
0x018E	0x1903      	BTFSC      STATUS, 2
0x018F	0x2992      	GOTO       L__main78
0x0190	0x0AA5      	INCF       _veces, 1
0x0191	0x296C      	GOTO       L__main75
L__main78:
;Contador2Digitos_SEMAFORO.mbas,88 :: 		next contador                         'Final del bucle "contador"
0x0192	0x0824      	MOVF       _contador, 0
0x0193	0x3A00      	XORLW      0
0x0194	0x1903      	BTFSC      STATUS, 2
0x0195	0x2999      	GOTO       L__main73
0x0196	0x30FF      	MOVLW      255
0x0197	0x07A4      	ADDWF      _contador, 1
0x0198	0x295D      	GOTO       L__main70
L__main73:
;Contador2Digitos_SEMAFORO.mbas,89 :: 		repet = not repet                   'Condición de la variable "repet" al finalizar cada bucle
0x0199	0x3001      	MOVLW      1
0x019A	0x06A3      	XORWF      _repet, 1
;Contador2Digitos_SEMAFORO.mbas,90 :: 		wend            'Final bucle infinito
0x019B	0x295B      	GOTO       L__main65
L_end_main:
0x019C	0x299C      	GOTO       $+0
; end of _main
Symbol List:
//** Routines locations **
//ADDRESS    SIZE    PROCEDURE
//----------------------------------------------
0x0003      [73]    _numero
0x004C      [26]    _Div_8x8_U
0x0066      [25]    _Mul_8x8_U
0x007F     [202]    _condicion
0x0149      [84]    _main
//** Variables locations ** 
//ADDRESS    SIZE    VARIABLE
//----------------------------------------------
0x0003       [1]    STATUS
0x0005       [1]    PORTA
0x0006       [1]    PORTB
0x0007       [1]    PORTC
0x0008       [1]    PORTD
0x0020       [1]    _unidad
0x0021       [1]    _decena
0x0022       [1]    _dato
0x0023       [0]    _repet
0x0024       [1]    _contador
0x0025       [1]    _veces
0x0026       [1]    FARG_numero_valor
0x0070       [1]    R0
0x0071       [1]    R1
0x0072       [1]    R2
0x0073       [1]    R3
0x0074       [1]    R4
0x0075       [1]    R5
0x0076       [1]    R6
0x0077       [1]    R7
0x0078       [1]    R8
0x0079       [1]    R9
0x007A       [1]    R10
0x007B       [1]    R11
0x007C       [1]    R12
0x007D       [1]    R13
0x007E       [1]    R14
0x007F       [1]    R15
0x0085       [1]    TRISA
0x0086       [1]    TRISB
0x0087       [1]    TRISC
0x0088       [1]    TRISD
0x0188       [1]    ANSEL
0x0189       [1]    ANSELH
