;  LST file generated by mikroListExporter - v.2.0 
; Date/Time: 23/11/2024 16:12:45
;----------------------------------------------

;Address Opcode 	ASM
0x0000	0x287F      	GOTO       127
_Div_8x8_U:
;__Lib_Math.mpas,173 :: 		
;__Lib_Math.mpas,180 :: 		
0x0003	0x1283      	BCF        STATUS, 5
0x0004	0x1303      	BCF        STATUS, 6
0x0005	0x0874      	MOVF       R4, 0
0x0006	0x3A00      	XORLW      0
0x0007	0x1D03      	BTFSS      STATUS, 2
0x0008	0x280C      	GOTO       L__Div_8x8_U4
;__Lib_Math.mpas,182 :: 		
0x0009	0x30FF      	MOVLW      255
0x000A	0x00F0      	MOVWF      R0
;__Lib_Math.mpas,183 :: 		
0x000B	0x281C      	GOTO       L_end__Div_8x8_U
;__Lib_Math.mpas,184 :: 		
L__Div_8x8_U4:
;__Lib_Math.mpas,187 :: 		
0x000C	0x1283      	BCF        STATUS, 5
;__Lib_Math.mpas,188 :: 		
0x000D	0x1303      	BCF        STATUS, 6
;__Lib_Math.mpas,189 :: 		
0x000E	0x01F8      	CLRF       R8
;__Lib_Math.mpas,190 :: 		
0x000F	0x3008      	MOVLW      8
;__Lib_Math.mpas,191 :: 		
0x0010	0x00FC      	MOVWF      R12
;__Lib_Math.mpas,192 :: 		
0x0011	0x0D70      	RLF        R0, 0
;__Lib_Math.mpas,193 :: 		
0x0012	0x0DF8      	RLF        R8, 1
;__Lib_Math.mpas,194 :: 		
0x0013	0x0874      	MOVF       R4, 0
;__Lib_Math.mpas,195 :: 		
0x0014	0x02F8      	SUBWF      R8, 1
;__Lib_Math.mpas,196 :: 		
0x0015	0x1803      	BTFSC      STATUS, 0
;__Lib_Math.mpas,197 :: 		
0x0016	0x2819      	GOTO       $+3
;__Lib_Math.mpas,198 :: 		
0x0017	0x07F8      	ADDWF      R8, 1
;__Lib_Math.mpas,199 :: 		
0x0018	0x1003      	BCF        STATUS, 0
;__Lib_Math.mpas,200 :: 		
0x0019	0x0DF0      	RLF        R0, 1
;__Lib_Math.mpas,201 :: 		
0x001A	0x0BFC      	DECFSZ     R12, 1
;__Lib_Math.mpas,202 :: 		
0x001B	0x2811      	GOTO       $-10
;__Lib_Math.mpas,204 :: 		
L_end__Div_8x8_U:
L_end_Div_8x8_U:
0x001C	0x0008      	RETURN
; end of _Div_8x8_U
_numero:
;Contador2Digitos_If.mbas,6 :: 		sub procedure numero (dim valor as byte)
;Contador2Digitos_If.mbas,8 :: 		case 0 dato = 63      'Dar una condición al caso "0"
0x001D	0x1283      	BCF        STATUS, 5
0x001E	0x1303      	BCF        STATUS, 6
0x001F	0x0825      	MOVF       FARG_numero_valor, 0
0x0020	0x3A00      	XORLW      0
0x0021	0x1D03      	BTFSS      STATUS, 2
0x0022	0x2826      	GOTO       L__numero4
0x0023	0x303F      	MOVLW      63
0x0024	0x00A1      	MOVWF      _dato
0x0025	0x2865      	GOTO       L__numero1
L__numero4:
;Contador2Digitos_If.mbas,9 :: 		case 1 dato = 6       'Dar una condición al caso "1"
0x0026	0x0825      	MOVF       FARG_numero_valor, 0
0x0027	0x3A01      	XORLW      1
0x0028	0x1D03      	BTFSS      STATUS, 2
0x0029	0x282D      	GOTO       L__numero7
0x002A	0x3006      	MOVLW      6
0x002B	0x00A1      	MOVWF      _dato
0x002C	0x2865      	GOTO       L__numero1
L__numero7:
;Contador2Digitos_If.mbas,10 :: 		case 2 dato = 91      'Dar una condición al caso "2"
0x002D	0x0825      	MOVF       FARG_numero_valor, 0
0x002E	0x3A02      	XORLW      2
0x002F	0x1D03      	BTFSS      STATUS, 2
0x0030	0x2834      	GOTO       L__numero10
0x0031	0x305B      	MOVLW      91
0x0032	0x00A1      	MOVWF      _dato
0x0033	0x2865      	GOTO       L__numero1
L__numero10:
;Contador2Digitos_If.mbas,11 :: 		case 3 dato = 79      'Dar una condición al caso "3"
0x0034	0x0825      	MOVF       FARG_numero_valor, 0
0x0035	0x3A03      	XORLW      3
0x0036	0x1D03      	BTFSS      STATUS, 2
0x0037	0x283B      	GOTO       L__numero13
0x0038	0x304F      	MOVLW      79
0x0039	0x00A1      	MOVWF      _dato
0x003A	0x2865      	GOTO       L__numero1
L__numero13:
;Contador2Digitos_If.mbas,12 :: 		case 4 dato = 102     'Dar una condición al caso "4"
0x003B	0x0825      	MOVF       FARG_numero_valor, 0
0x003C	0x3A04      	XORLW      4
0x003D	0x1D03      	BTFSS      STATUS, 2
0x003E	0x2842      	GOTO       L__numero16
0x003F	0x3066      	MOVLW      102
0x0040	0x00A1      	MOVWF      _dato
0x0041	0x2865      	GOTO       L__numero1
L__numero16:
;Contador2Digitos_If.mbas,13 :: 		case 5 dato = 109     'Dar una condición al caso "5"
0x0042	0x0825      	MOVF       FARG_numero_valor, 0
0x0043	0x3A05      	XORLW      5
0x0044	0x1D03      	BTFSS      STATUS, 2
0x0045	0x2849      	GOTO       L__numero19
0x0046	0x306D      	MOVLW      109
0x0047	0x00A1      	MOVWF      _dato
0x0048	0x2865      	GOTO       L__numero1
L__numero19:
;Contador2Digitos_If.mbas,14 :: 		case 6 dato = 125     'Dar una condición al caso "6"
0x0049	0x0825      	MOVF       FARG_numero_valor, 0
0x004A	0x3A06      	XORLW      6
0x004B	0x1D03      	BTFSS      STATUS, 2
0x004C	0x2850      	GOTO       L__numero22
0x004D	0x307D      	MOVLW      125
0x004E	0x00A1      	MOVWF      _dato
0x004F	0x2865      	GOTO       L__numero1
L__numero22:
;Contador2Digitos_If.mbas,15 :: 		case 7 dato = 7       'Dar una condición al caso "7"
0x0050	0x0825      	MOVF       FARG_numero_valor, 0
0x0051	0x3A07      	XORLW      7
0x0052	0x1D03      	BTFSS      STATUS, 2
0x0053	0x2857      	GOTO       L__numero25
0x0054	0x3007      	MOVLW      7
0x0055	0x00A1      	MOVWF      _dato
0x0056	0x2865      	GOTO       L__numero1
L__numero25:
;Contador2Digitos_If.mbas,16 :: 		case 8 dato = 127     'Dar una condición al caso "8"
0x0057	0x0825      	MOVF       FARG_numero_valor, 0
0x0058	0x3A08      	XORLW      8
0x0059	0x1D03      	BTFSS      STATUS, 2
0x005A	0x285E      	GOTO       L__numero28
0x005B	0x307F      	MOVLW      127
0x005C	0x00A1      	MOVWF      _dato
0x005D	0x2865      	GOTO       L__numero1
L__numero28:
;Contador2Digitos_If.mbas,17 :: 		case 9 dato = 111     'Dar una condición al caso "9"
0x005E	0x0825      	MOVF       FARG_numero_valor, 0
0x005F	0x3A09      	XORLW      9
0x0060	0x1D03      	BTFSS      STATUS, 2
0x0061	0x2865      	GOTO       L__numero31
0x0062	0x306F      	MOVLW      111
0x0063	0x00A1      	MOVWF      _dato
0x0064	0x2865      	GOTO       L__numero1
L__numero31:
L__numero1:
;Contador2Digitos_If.mbas,19 :: 		end sub
L_end_numero:
0x0065	0x0008      	RETURN
; end of _numero
_Mul_8x8_U:
;__Lib_Math.mpas,87 :: 		
;__Lib_Math.mpas,93 :: 		
0x0066	0x1283      	BCF        STATUS, 5
;__Lib_Math.mpas,94 :: 		
0x0067	0x1303      	BCF        STATUS, 6
;__Lib_Math.mpas,95 :: 		
0x0068	0x0870      	MOVF       R0, 0
;__Lib_Math.mpas,96 :: 		
0x0069	0x00F1      	MOVWF      R1
;__Lib_Math.mpas,97 :: 		
0x006A	0x01F0      	CLRF       R0
;__Lib_Math.mpas,98 :: 		
0x006B	0x3008      	MOVLW      8
;__Lib_Math.mpas,99 :: 		
0x006C	0x00FC      	MOVWF      R12
;__Lib_Math.mpas,100 :: 		
0x006D	0x0871      	MOVF       R1, 0
;__Lib_Math.mpas,101 :: 		
0x006E	0x0CF4      	RRF        R4, 1
;__Lib_Math.mpas,102 :: 		
0x006F	0x1803      	BTFSC      STATUS, 0
;__Lib_Math.mpas,103 :: 		
0x0070	0x2875      	GOTO       $+5
;__Lib_Math.mpas,104 :: 		
0x0071	0x0BFC      	DECFSZ     R12, 1
;__Lib_Math.mpas,105 :: 		
0x0072	0x286E      	GOTO       $-4
;__Lib_Math.mpas,106 :: 		
0x0073	0x01F1      	CLRF       R1
;__Lib_Math.mpas,107 :: 		
0x0074	0x3400      	RETLW      0
;__Lib_Math.mpas,108 :: 		
0x0075	0x1003      	BCF        STATUS, 0
;__Lib_Math.mpas,109 :: 		
0x0076	0x287A      	GOTO       $+4
;__Lib_Math.mpas,110 :: 		
0x0077	0x0CF4      	RRF        R4, 1
;__Lib_Math.mpas,111 :: 		
0x0078	0x1803      	BTFSC      STATUS, 0
;__Lib_Math.mpas,112 :: 		
0x0079	0x07F1      	ADDWF      R1, 1
;__Lib_Math.mpas,113 :: 		
0x007A	0x0CF1      	RRF        R1, 1
;__Lib_Math.mpas,114 :: 		
0x007B	0x0CF0      	RRF        R0, 1
;__Lib_Math.mpas,115 :: 		
0x007C	0x0BFC      	DECFSZ     R12, 1
;__Lib_Math.mpas,116 :: 		
0x007D	0x2877      	GOTO       $-6
;__Lib_Math.mpas,118 :: 		
L_end_Mul_8x8_U:
0x007E	0x0008      	RETURN
; end of _Mul_8x8_U
_main:
;Contador2Digitos_If.mbas,20 :: 		main:
;Contador2Digitos_If.mbas,22 :: 		For contador = 54 to 0 step -1
0x007F	0x3036      	MOVLW      54
0x0080	0x1283      	BCF        STATUS, 5
0x0081	0x1303      	BCF        STATUS, 6
0x0082	0x00A0      	MOVWF      _contador
L__main34:
;Contador2Digitos_If.mbas,23 :: 		decena = contador/10
0x0083	0x300A      	MOVLW      10
0x0084	0x00F4      	MOVWF      R4
0x0085	0x0820      	MOVF       _contador, 0
0x0086	0x00F0      	MOVWF      R0
0x0087	0x2003      	CALL       _Div_8x8_U
0x0088	0x0870      	MOVF       R0, 0
0x0089	0x00A2      	MOVWF      _decena
;Contador2Digitos_If.mbas,24 :: 		unidad = contador-decena*10
0x008A	0x300A      	MOVLW      10
0x008B	0x00F4      	MOVWF      R4
0x008C	0x2066      	CALL       _Mul_8x8_U
0x008D	0x0870      	MOVF       R0, 0
0x008E	0x0220      	SUBWF      _contador, 0
0x008F	0x00A4      	MOVWF      _unidad
;Contador2Digitos_If.mbas,25 :: 		for veces = 0 to 100
0x0090	0x01A3      	CLRF       _veces
L__main39:
;Contador2Digitos_If.mbas,26 :: 		portd = 0
0x0091	0x0188      	CLRF       PORTD
;Contador2Digitos_If.mbas,27 :: 		numero (unidad)
0x0092	0x0824      	MOVF       _unidad, 0
0x0093	0x00A5      	MOVWF      FARG_numero_valor
0x0094	0x201D      	CALL       _numero
;Contador2Digitos_If.mbas,28 :: 		portb = dato
0x0095	0x0821      	MOVF       _dato, 0
0x0096	0x0086      	MOVWF      PORTB
;Contador2Digitos_If.mbas,29 :: 		portd = 2
0x0097	0x3002      	MOVLW      2
0x0098	0x0088      	MOVWF      PORTD
;Contador2Digitos_If.mbas,30 :: 		delay_ms(1)
0x0099	0x3007      	MOVLW      7
0x009A	0x00FC      	MOVWF      R12
0x009B	0x307D      	MOVLW      125
0x009C	0x00FD      	MOVWF      R13
L__main43:
0x009D	0x0BFD      	DECFSZ     R13, 1
0x009E	0x289D      	GOTO       L__main43
0x009F	0x0BFC      	DECFSZ     R12, 1
0x00A0	0x289D      	GOTO       L__main43
;Contador2Digitos_If.mbas,32 :: 		portd = 0
0x00A1	0x0188      	CLRF       PORTD
;Contador2Digitos_If.mbas,33 :: 		numero (unidad)
0x00A2	0x0824      	MOVF       _unidad, 0
0x00A3	0x00A5      	MOVWF      FARG_numero_valor
0x00A4	0x201D      	CALL       _numero
;Contador2Digitos_If.mbas,34 :: 		portb = dato
0x00A5	0x0821      	MOVF       _dato, 0
0x00A6	0x0086      	MOVWF      PORTB
;Contador2Digitos_If.mbas,35 :: 		portd = 1
0x00A7	0x3001      	MOVLW      1
0x00A8	0x0088      	MOVWF      PORTD
;Contador2Digitos_If.mbas,36 :: 		delay_ms(1)
0x00A9	0x3007      	MOVLW      7
0x00AA	0x00FC      	MOVWF      R12
0x00AB	0x307D      	MOVLW      125
0x00AC	0x00FD      	MOVWF      R13
L__main44:
0x00AD	0x0BFD      	DECFSZ     R13, 1
0x00AE	0x28AD      	GOTO       L__main44
0x00AF	0x0BFC      	DECFSZ     R12, 1
0x00B0	0x28AD      	GOTO       L__main44
;Contador2Digitos_If.mbas,37 :: 		next veces
0x00B1	0x0823      	MOVF       _veces, 0
0x00B2	0x3A64      	XORLW      100
0x00B3	0x1903      	BTFSC      STATUS, 2
0x00B4	0x28B7      	GOTO       L__main42
0x00B5	0x0AA3      	INCF       _veces, 1
0x00B6	0x2891      	GOTO       L__main39
L__main42:
;Contador2Digitos_If.mbas,38 :: 		next contador
0x00B7	0x0820      	MOVF       _contador, 0
0x00B8	0x3A00      	XORLW      0
0x00B9	0x1903      	BTFSC      STATUS, 2
0x00BA	0x28BE      	GOTO       L__main37
0x00BB	0x30FF      	MOVLW      255
0x00BC	0x07A0      	ADDWF      _contador, 1
0x00BD	0x2883      	GOTO       L__main34
L__main37:
L_end_main:
0x00BE	0x28BE      	GOTO       $+0
; end of _main
Symbol List:
//** Routines locations **
//ADDRESS    SIZE    PROCEDURE
//----------------------------------------------
0x0003      [26]    _Div_8x8_U
0x001D      [73]    _numero
0x0066      [25]    _Mul_8x8_U
0x007F      [64]    _main
//** Variables locations ** 
//ADDRESS    SIZE    VARIABLE
//----------------------------------------------
0x0003       [1]    STATUS
0x0006       [1]    PORTB
0x0008       [1]    PORTD
0x0020       [1]    _contador
0x0021       [1]    _dato
0x0022       [1]    _decena
0x0023       [1]    _veces
0x0024       [1]    _unidad
0x0025       [1]    FARG_numero_valor
0x0070       [1]    R0
0x0071       [1]    R1
0x0072       [1]    R2
0x0073       [1]    R3
0x0074       [1]    R4
0x0075       [1]    R5
0x0076       [1]    R6
0x0077       [1]    R7
0x0078       [1]    R8
0x0079       [1]    R9
0x007A       [1]    R10
0x007B       [1]    R11
0x007C       [1]    R12
0x007D       [1]    R13
0x007E       [1]    R14
0x007F       [1]    R15
