;  LST file generated by mikroListExporter - v.2.0 
; Date/Time: 18/11/2024 21:29:49
;----------------------------------------------

;Address Opcode 	ASM
0x0000	0x289C      	GOTO       156
_letras:
;SelectCase_Procedimientos_ManejoDisplay4D_gitos.mbas,12 :: 		sub procedure letras          'Inicio de procedimiento "letras"
;SelectCase_Procedimientos_ManejoDisplay4D_gitos.mbas,14 :: 		case "A" dato = 119          'Dar una condición al caso "A"
0x0003	0x1283      	BCF        STATUS, 5
0x0004	0x1303      	BCF        STATUS, 6
0x0005	0x0824      	MOVF       _caracter, 0
0x0006	0x3A41      	XORLW      65
0x0007	0x1D03      	BTFSS      STATUS, 2
0x0008	0x280C      	GOTO       L__letras4
0x0009	0x3077      	MOVLW      119
0x000A	0x00A2      	MOVWF      _dato
0x000B	0x2852      	GOTO       L__letras1
L__letras4:
;SelectCase_Procedimientos_ManejoDisplay4D_gitos.mbas,15 :: 		case "H" dato = 118          'Dar una condición al caso "H"
0x000C	0x0824      	MOVF       _caracter, 0
0x000D	0x3A48      	XORLW      72
0x000E	0x1D03      	BTFSS      STATUS, 2
0x000F	0x2813      	GOTO       L__letras7
0x0010	0x3076      	MOVLW      118
0x0011	0x00A2      	MOVWF      _dato
0x0012	0x2852      	GOTO       L__letras1
L__letras7:
;SelectCase_Procedimientos_ManejoDisplay4D_gitos.mbas,16 :: 		case "O" dato = 63           'Dar una condición al caso "O"
0x0013	0x0824      	MOVF       _caracter, 0
0x0014	0x3A4F      	XORLW      79
0x0015	0x1D03      	BTFSS      STATUS, 2
0x0016	0x281A      	GOTO       L__letras10
0x0017	0x303F      	MOVLW      63
0x0018	0x00A2      	MOVWF      _dato
0x0019	0x2852      	GOTO       L__letras1
L__letras10:
;SelectCase_Procedimientos_ManejoDisplay4D_gitos.mbas,17 :: 		case "L" dato = 56           'Dar una condición al caso "L"
0x001A	0x0824      	MOVF       _caracter, 0
0x001B	0x3A4C      	XORLW      76
0x001C	0x1D03      	BTFSS      STATUS, 2
0x001D	0x2821      	GOTO       L__letras13
0x001E	0x3038      	MOVLW      56
0x001F	0x00A2      	MOVWF      _dato
0x0020	0x2852      	GOTO       L__letras1
L__letras13:
;SelectCase_Procedimientos_ManejoDisplay4D_gitos.mbas,18 :: 		case "U" dato = 62           'Dar una condición al caso "U"
0x0021	0x0824      	MOVF       _caracter, 0
0x0022	0x3A55      	XORLW      85
0x0023	0x1D03      	BTFSS      STATUS, 2
0x0024	0x2828      	GOTO       L__letras16
0x0025	0x303E      	MOVLW      62
0x0026	0x00A2      	MOVWF      _dato
0x0027	0x2852      	GOTO       L__letras1
L__letras16:
;SelectCase_Procedimientos_ManejoDisplay4D_gitos.mbas,19 :: 		case "E" dato = 121          'Dar una condición al caso "E"
0x0028	0x0824      	MOVF       _caracter, 0
0x0029	0x3A45      	XORLW      69
0x002A	0x1D03      	BTFSS      STATUS, 2
0x002B	0x282F      	GOTO       L__letras19
0x002C	0x3079      	MOVLW      121
0x002D	0x00A2      	MOVWF      _dato
0x002E	0x2852      	GOTO       L__letras1
L__letras19:
;SelectCase_Procedimientos_ManejoDisplay4D_gitos.mbas,20 :: 		case "T" dato = 120          'Dar una condición al caso "T"
0x002F	0x0824      	MOVF       _caracter, 0
0x0030	0x3A54      	XORLW      84
0x0031	0x1D03      	BTFSS      STATUS, 2
0x0032	0x2836      	GOTO       L__letras22
0x0033	0x3078      	MOVLW      120
0x0034	0x00A2      	MOVWF      _dato
0x0035	0x2852      	GOTO       L__letras1
L__letras22:
;SelectCase_Procedimientos_ManejoDisplay4D_gitos.mbas,21 :: 		case "S" dato = 109          'Dar una condición al caso "S"
0x0036	0x0824      	MOVF       _caracter, 0
0x0037	0x3A53      	XORLW      83
0x0038	0x1D03      	BTFSS      STATUS, 2
0x0039	0x283D      	GOTO       L__letras25
0x003A	0x306D      	MOVLW      109
0x003B	0x00A2      	MOVWF      _dato
0x003C	0x2852      	GOTO       L__letras1
L__letras25:
;SelectCase_Procedimientos_ManejoDisplay4D_gitos.mbas,22 :: 		case "P" dato = 115          'Dar una condición al caso "P"
0x003D	0x0824      	MOVF       _caracter, 0
0x003E	0x3A50      	XORLW      80
0x003F	0x1D03      	BTFSS      STATUS, 2
0x0040	0x2844      	GOTO       L__letras28
0x0041	0x3073      	MOVLW      115
0x0042	0x00A2      	MOVWF      _dato
0x0043	0x2852      	GOTO       L__letras1
L__letras28:
;SelectCase_Procedimientos_ManejoDisplay4D_gitos.mbas,23 :: 		case "I" dato = 48           'Dar una condición al caso "I"
0x0044	0x0824      	MOVF       _caracter, 0
0x0045	0x3A49      	XORLW      73
0x0046	0x1D03      	BTFSS      STATUS, 2
0x0047	0x284B      	GOTO       L__letras31
0x0048	0x3030      	MOVLW      48
0x0049	0x00A2      	MOVWF      _dato
0x004A	0x2852      	GOTO       L__letras1
L__letras31:
;SelectCase_Procedimientos_ManejoDisplay4D_gitos.mbas,24 :: 		case "C" dato = 57           'Dar una condición al caso "C"
0x004B	0x0824      	MOVF       _caracter, 0
0x004C	0x3A43      	XORLW      67
0x004D	0x1D03      	BTFSS      STATUS, 2
0x004E	0x2852      	GOTO       L__letras34
0x004F	0x3039      	MOVLW      57
0x0050	0x00A2      	MOVWF      _dato
0x0051	0x2852      	GOTO       L__letras1
L__letras34:
L__letras1:
;SelectCase_Procedimientos_ManejoDisplay4D_gitos.mbas,26 :: 		end sub         'Fin del procedimiento "letras"
L_end_letras:
0x0052	0x0008      	RETURN
; end of _letras
_numeros:
;SelectCase_Procedimientos_ManejoDisplay4D_gitos.mbas,28 :: 		sub procedure numeros    'Inicio de procedimiento "numeros"
;SelectCase_Procedimientos_ManejoDisplay4D_gitos.mbas,30 :: 		case 0 dato = 63      'Dar una condición al caso "0"
0x0053	0x1283      	BCF        STATUS, 5
0x0054	0x1303      	BCF        STATUS, 6
0x0055	0x0823      	MOVF       _digito, 0
0x0056	0x3A00      	XORLW      0
0x0057	0x1D03      	BTFSS      STATUS, 2
0x0058	0x285C      	GOTO       L__numeros39
0x0059	0x303F      	MOVLW      63
0x005A	0x00A2      	MOVWF      _dato
0x005B	0x289B      	GOTO       L__numeros36
L__numeros39:
;SelectCase_Procedimientos_ManejoDisplay4D_gitos.mbas,31 :: 		case 1 dato = 6       'Dar una condición al caso "1"
0x005C	0x0823      	MOVF       _digito, 0
0x005D	0x3A01      	XORLW      1
0x005E	0x1D03      	BTFSS      STATUS, 2
0x005F	0x2863      	GOTO       L__numeros42
0x0060	0x3006      	MOVLW      6
0x0061	0x00A2      	MOVWF      _dato
0x0062	0x289B      	GOTO       L__numeros36
L__numeros42:
;SelectCase_Procedimientos_ManejoDisplay4D_gitos.mbas,32 :: 		case 2 dato = 91      'Dar una condición al caso "2"
0x0063	0x0823      	MOVF       _digito, 0
0x0064	0x3A02      	XORLW      2
0x0065	0x1D03      	BTFSS      STATUS, 2
0x0066	0x286A      	GOTO       L__numeros45
0x0067	0x305B      	MOVLW      91
0x0068	0x00A2      	MOVWF      _dato
0x0069	0x289B      	GOTO       L__numeros36
L__numeros45:
;SelectCase_Procedimientos_ManejoDisplay4D_gitos.mbas,33 :: 		case 3 dato = 79      'Dar una condición al caso "3"
0x006A	0x0823      	MOVF       _digito, 0
0x006B	0x3A03      	XORLW      3
0x006C	0x1D03      	BTFSS      STATUS, 2
0x006D	0x2871      	GOTO       L__numeros48
0x006E	0x304F      	MOVLW      79
0x006F	0x00A2      	MOVWF      _dato
0x0070	0x289B      	GOTO       L__numeros36
L__numeros48:
;SelectCase_Procedimientos_ManejoDisplay4D_gitos.mbas,34 :: 		case 4 dato = 102     'Dar una condición al caso "4"
0x0071	0x0823      	MOVF       _digito, 0
0x0072	0x3A04      	XORLW      4
0x0073	0x1D03      	BTFSS      STATUS, 2
0x0074	0x2878      	GOTO       L__numeros51
0x0075	0x3066      	MOVLW      102
0x0076	0x00A2      	MOVWF      _dato
0x0077	0x289B      	GOTO       L__numeros36
L__numeros51:
;SelectCase_Procedimientos_ManejoDisplay4D_gitos.mbas,35 :: 		case 5 dato = 109     'Dar una condición al caso "5"
0x0078	0x0823      	MOVF       _digito, 0
0x0079	0x3A05      	XORLW      5
0x007A	0x1D03      	BTFSS      STATUS, 2
0x007B	0x287F      	GOTO       L__numeros54
0x007C	0x306D      	MOVLW      109
0x007D	0x00A2      	MOVWF      _dato
0x007E	0x289B      	GOTO       L__numeros36
L__numeros54:
;SelectCase_Procedimientos_ManejoDisplay4D_gitos.mbas,36 :: 		case 6 dato = 125     'Dar una condición al caso "6"
0x007F	0x0823      	MOVF       _digito, 0
0x0080	0x3A06      	XORLW      6
0x0081	0x1D03      	BTFSS      STATUS, 2
0x0082	0x2886      	GOTO       L__numeros57
0x0083	0x307D      	MOVLW      125
0x0084	0x00A2      	MOVWF      _dato
0x0085	0x289B      	GOTO       L__numeros36
L__numeros57:
;SelectCase_Procedimientos_ManejoDisplay4D_gitos.mbas,37 :: 		case 7 dato = 7       'Dar una condición al caso "7"
0x0086	0x0823      	MOVF       _digito, 0
0x0087	0x3A07      	XORLW      7
0x0088	0x1D03      	BTFSS      STATUS, 2
0x0089	0x288D      	GOTO       L__numeros60
0x008A	0x3007      	MOVLW      7
0x008B	0x00A2      	MOVWF      _dato
0x008C	0x289B      	GOTO       L__numeros36
L__numeros60:
;SelectCase_Procedimientos_ManejoDisplay4D_gitos.mbas,38 :: 		case 8 dato = 127     'Dar una condición al caso "8"
0x008D	0x0823      	MOVF       _digito, 0
0x008E	0x3A08      	XORLW      8
0x008F	0x1D03      	BTFSS      STATUS, 2
0x0090	0x2894      	GOTO       L__numeros63
0x0091	0x307F      	MOVLW      127
0x0092	0x00A2      	MOVWF      _dato
0x0093	0x289B      	GOTO       L__numeros36
L__numeros63:
;SelectCase_Procedimientos_ManejoDisplay4D_gitos.mbas,39 :: 		case 9 dato = 111     'Dar una condición al caso "9"
0x0094	0x0823      	MOVF       _digito, 0
0x0095	0x3A09      	XORLW      9
0x0096	0x1D03      	BTFSS      STATUS, 2
0x0097	0x289B      	GOTO       L__numeros66
0x0098	0x306F      	MOVLW      111
0x0099	0x00A2      	MOVWF      _dato
0x009A	0x289B      	GOTO       L__numeros36
L__numeros66:
L__numeros36:
;SelectCase_Procedimientos_ManejoDisplay4D_gitos.mbas,41 :: 		end sub         'Fin de procedimiento "numeros"
L_end_numeros:
0x009B	0x0008      	RETURN
; end of _numeros
_main:
;SelectCase_Procedimientos_ManejoDisplay4D_gitos.mbas,43 :: 		main:
;SelectCase_Procedimientos_ManejoDisplay4D_gitos.mbas,45 :: 		trisb=0  'Configurar puerto b como salida
0x009C	0x1683      	BSF        STATUS, 5
0x009D	0x1303      	BCF        STATUS, 6
0x009E	0x0186      	CLRF       TRISB
;SelectCase_Procedimientos_ManejoDisplay4D_gitos.mbas,46 :: 		trisd=0  'Configurar puerto d como salida
0x009F	0x0188      	CLRF       TRISD
;SelectCase_Procedimientos_ManejoDisplay4D_gitos.mbas,47 :: 		portb=0  'Puerto b inicia apagado
0x00A0	0x1283      	BCF        STATUS, 5
0x00A1	0x0186      	CLRF       PORTB
;SelectCase_Procedimientos_ManejoDisplay4D_gitos.mbas,48 :: 		portd=0  'Puerto d inicia apagado
0x00A2	0x0188      	CLRF       PORTD
;SelectCase_Procedimientos_ManejoDisplay4D_gitos.mbas,49 :: 		anselh=0 'Configuración del puerto b como digital
0x00A3	0x1683      	BSF        STATUS, 5
0x00A4	0x1703      	BSF        STATUS, 6
0x00A5	0x0189      	CLRF       ANSELH
;SelectCase_Procedimientos_ManejoDisplay4D_gitos.mbas,51 :: 		while (1)               'Inicio de bucle infinito
L__main69:
;SelectCase_Procedimientos_ManejoDisplay4D_gitos.mbas,52 :: 		For contaaux = 0 to 255   'Inicio bucle for para mostrar "HOLA" en el display de 4 dígitos por aproximadamente 2 segundos
0x00A6	0x1283      	BCF        STATUS, 5
0x00A7	0x1303      	BCF        STATUS, 6
0x00A8	0x01A0      	CLRF       _contaaux
L__main74:
;SelectCase_Procedimientos_ManejoDisplay4D_gitos.mbas,53 :: 		caracter = "H"  'Definir un dato inicial a la variable "caracter"
0x00A9	0x3048      	MOVLW      72
0x00AA	0x00A4      	MOVWF      _caracter
;SelectCase_Procedimientos_ManejoDisplay4D_gitos.mbas,54 :: 		letras           'Llamar al procedimiento "letras"
0x00AB	0x2003      	CALL       _letras
;SelectCase_Procedimientos_ManejoDisplay4D_gitos.mbas,55 :: 		portd = 0        'Abrir los 4 transistores
0x00AC	0x0188      	CLRF       PORTD
;SelectCase_Procedimientos_ManejoDisplay4D_gitos.mbas,56 :: 		portb = dato     'Definir la variable dato al puerto b
0x00AD	0x0822      	MOVF       _dato, 0
0x00AE	0x0086      	MOVWF      PORTB
;SelectCase_Procedimientos_ManejoDisplay4D_gitos.mbas,57 :: 		portd = 0x10     'Cerrar el transistor del primer display
0x00AF	0x3010      	MOVLW      16
0x00B0	0x0088      	MOVWF      PORTD
;SelectCase_Procedimientos_ManejoDisplay4D_gitos.mbas,58 :: 		delay_ms(2)      'Retraso de 2ms
0x00B1	0x300D      	MOVLW      13
0x00B2	0x00FC      	MOVWF      R12
0x00B3	0x30FB      	MOVLW      251
0x00B4	0x00FD      	MOVWF      R13
L__main78:
0x00B5	0x0BFD      	DECFSZ     R13, 1
0x00B6	0x28B5      	GOTO       L__main78
0x00B7	0x0BFC      	DECFSZ     R12, 1
0x00B8	0x28B5      	GOTO       L__main78
0x00B9	0x0000      	NOP
0x00BA	0x0000      	NOP
;SelectCase_Procedimientos_ManejoDisplay4D_gitos.mbas,60 :: 		caracter = "O"   'Definir un dato inicial a la variable "caracter"
0x00BB	0x304F      	MOVLW      79
0x00BC	0x00A4      	MOVWF      _caracter
;SelectCase_Procedimientos_ManejoDisplay4D_gitos.mbas,61 :: 		letras           'Llamar al procedimiento "letras"
0x00BD	0x2003      	CALL       _letras
;SelectCase_Procedimientos_ManejoDisplay4D_gitos.mbas,62 :: 		portd = 0        'Abrir los 4 transistores
0x00BE	0x0188      	CLRF       PORTD
;SelectCase_Procedimientos_ManejoDisplay4D_gitos.mbas,63 :: 		portb = dato     'Definir la variable dato al puerto b
0x00BF	0x0822      	MOVF       _dato, 0
0x00C0	0x0086      	MOVWF      PORTB
;SelectCase_Procedimientos_ManejoDisplay4D_gitos.mbas,64 :: 		portd = 0x20     'Cerrar el transistor del segundo display
0x00C1	0x3020      	MOVLW      32
0x00C2	0x0088      	MOVWF      PORTD
;SelectCase_Procedimientos_ManejoDisplay4D_gitos.mbas,65 :: 		delay_ms(2)      'Retraso de 2ms
0x00C3	0x300D      	MOVLW      13
0x00C4	0x00FC      	MOVWF      R12
0x00C5	0x30FB      	MOVLW      251
0x00C6	0x00FD      	MOVWF      R13
L__main79:
0x00C7	0x0BFD      	DECFSZ     R13, 1
0x00C8	0x28C7      	GOTO       L__main79
0x00C9	0x0BFC      	DECFSZ     R12, 1
0x00CA	0x28C7      	GOTO       L__main79
0x00CB	0x0000      	NOP
0x00CC	0x0000      	NOP
;SelectCase_Procedimientos_ManejoDisplay4D_gitos.mbas,67 :: 		caracter = "L"   'Definir un dato inicial a la variable "caracter"
0x00CD	0x304C      	MOVLW      76
0x00CE	0x00A4      	MOVWF      _caracter
;SelectCase_Procedimientos_ManejoDisplay4D_gitos.mbas,68 :: 		letras           'Llamar al procedimiento "letras"
0x00CF	0x2003      	CALL       _letras
;SelectCase_Procedimientos_ManejoDisplay4D_gitos.mbas,69 :: 		portd = 0        'Abrir los 4 transistores
0x00D0	0x0188      	CLRF       PORTD
;SelectCase_Procedimientos_ManejoDisplay4D_gitos.mbas,70 :: 		portb = dato     'Definir la variable dato al puerto b
0x00D1	0x0822      	MOVF       _dato, 0
0x00D2	0x0086      	MOVWF      PORTB
;SelectCase_Procedimientos_ManejoDisplay4D_gitos.mbas,71 :: 		portd = 0x40     'Cerrar el transistor del tercer display
0x00D3	0x3040      	MOVLW      64
0x00D4	0x0088      	MOVWF      PORTD
;SelectCase_Procedimientos_ManejoDisplay4D_gitos.mbas,72 :: 		delay_ms(2)      'Retraso de 2ms
0x00D5	0x300D      	MOVLW      13
0x00D6	0x00FC      	MOVWF      R12
0x00D7	0x30FB      	MOVLW      251
0x00D8	0x00FD      	MOVWF      R13
L__main80:
0x00D9	0x0BFD      	DECFSZ     R13, 1
0x00DA	0x28D9      	GOTO       L__main80
0x00DB	0x0BFC      	DECFSZ     R12, 1
0x00DC	0x28D9      	GOTO       L__main80
0x00DD	0x0000      	NOP
0x00DE	0x0000      	NOP
;SelectCase_Procedimientos_ManejoDisplay4D_gitos.mbas,74 :: 		caracter = "A"   'Definir un dato inicial a la variable "caracter"
0x00DF	0x3041      	MOVLW      65
0x00E0	0x00A4      	MOVWF      _caracter
;SelectCase_Procedimientos_ManejoDisplay4D_gitos.mbas,75 :: 		letras           'Llamar al procedimiento "letras"
0x00E1	0x2003      	CALL       _letras
;SelectCase_Procedimientos_ManejoDisplay4D_gitos.mbas,76 :: 		portd = 0        'Abrir los 4 transistores
0x00E2	0x0188      	CLRF       PORTD
;SelectCase_Procedimientos_ManejoDisplay4D_gitos.mbas,77 :: 		portb = dato     'Definir la variable dato al puerto b
0x00E3	0x0822      	MOVF       _dato, 0
0x00E4	0x0086      	MOVWF      PORTB
;SelectCase_Procedimientos_ManejoDisplay4D_gitos.mbas,78 :: 		portd = 0x80     'Cerrar el transistor del cuarto display
0x00E5	0x3080      	MOVLW      128
0x00E6	0x0088      	MOVWF      PORTD
;SelectCase_Procedimientos_ManejoDisplay4D_gitos.mbas,79 :: 		delay_ms(2)      'Retraso de 2ms
0x00E7	0x300D      	MOVLW      13
0x00E8	0x00FC      	MOVWF      R12
0x00E9	0x30FB      	MOVLW      251
0x00EA	0x00FD      	MOVWF      R13
L__main81:
0x00EB	0x0BFD      	DECFSZ     R13, 1
0x00EC	0x28EB      	GOTO       L__main81
0x00ED	0x0BFC      	DECFSZ     R12, 1
0x00EE	0x28EB      	GOTO       L__main81
0x00EF	0x0000      	NOP
0x00F0	0x0000      	NOP
;SelectCase_Procedimientos_ManejoDisplay4D_gitos.mbas,80 :: 		next contaaux        'Fin bucle for para mostrar "HOLA" en el display de 4 dígitos
0x00F1	0x0820      	MOVF       _contaaux, 0
0x00F2	0x3AFF      	XORLW      255
0x00F3	0x1903      	BTFSC      STATUS, 2
0x00F4	0x28F7      	GOTO       L__main77
0x00F5	0x0AA0      	INCF       _contaaux, 1
0x00F6	0x28A9      	GOTO       L__main74
L__main77:
;SelectCase_Procedimientos_ManejoDisplay4D_gitos.mbas,82 :: 		portd = 0        'Apagar todos los displays
0x00F7	0x0188      	CLRF       PORTD
;SelectCase_Procedimientos_ManejoDisplay4D_gitos.mbas,83 :: 		delay_ms(500)    'Retraso de 500ms
0x00F8	0x300D      	MOVLW      13
0x00F9	0x00FB      	MOVWF      R11
0x00FA	0x30AF      	MOVLW      175
0x00FB	0x00FC      	MOVWF      R12
0x00FC	0x30B6      	MOVLW      182
0x00FD	0x00FD      	MOVWF      R13
L__main82:
0x00FE	0x0BFD      	DECFSZ     R13, 1
0x00FF	0x28FE      	GOTO       L__main82
0x0100	0x0BFC      	DECFSZ     R12, 1
0x0101	0x28FE      	GOTO       L__main82
0x0102	0x0BFB      	DECFSZ     R11, 1
0x0103	0x28FE      	GOTO       L__main82
0x0104	0x0000      	NOP
;SelectCase_Procedimientos_ManejoDisplay4D_gitos.mbas,85 :: 		digito = 0       'Definir un dato inicial a la variable "digito"
0x0105	0x01A3      	CLRF       _digito
;SelectCase_Procedimientos_ManejoDisplay4D_gitos.mbas,86 :: 		numeros          'Llamar al procedimiento "numeros"
0x0106	0x2053      	CALL       _numeros
;SelectCase_Procedimientos_ManejoDisplay4D_gitos.mbas,87 :: 		portd = 0        'Abrir los 4 transistores
0x0107	0x0188      	CLRF       PORTD
;SelectCase_Procedimientos_ManejoDisplay4D_gitos.mbas,88 :: 		portb = dato     'Definir la variable dato al puerto b
0x0108	0x0822      	MOVF       _dato, 0
0x0109	0x0086      	MOVWF      PORTB
;SelectCase_Procedimientos_ManejoDisplay4D_gitos.mbas,89 :: 		portd = 0x80     'Cerrar el transistor del cuarto display
0x010A	0x3080      	MOVLW      128
0x010B	0x0088      	MOVWF      PORTD
;SelectCase_Procedimientos_ManejoDisplay4D_gitos.mbas,90 :: 		delay_ms(400)    'Retraso de 400ms
0x010C	0x300B      	MOVLW      11
0x010D	0x00FB      	MOVWF      R11
0x010E	0x3026      	MOVLW      38
0x010F	0x00FC      	MOVWF      R12
0x0110	0x305D      	MOVLW      93
0x0111	0x00FD      	MOVWF      R13
L__main83:
0x0112	0x0BFD      	DECFSZ     R13, 1
0x0113	0x2912      	GOTO       L__main83
0x0114	0x0BFC      	DECFSZ     R12, 1
0x0115	0x2912      	GOTO       L__main83
0x0116	0x0BFB      	DECFSZ     R11, 1
0x0117	0x2912      	GOTO       L__main83
0x0118	0x0000      	NOP
0x0119	0x0000      	NOP
;SelectCase_Procedimientos_ManejoDisplay4D_gitos.mbas,92 :: 		digito = 1       'Definir un dato inicial a la variable "digito"
0x011A	0x3001      	MOVLW      1
0x011B	0x00A3      	MOVWF      _digito
;SelectCase_Procedimientos_ManejoDisplay4D_gitos.mbas,93 :: 		numeros          'Llamar al procedimiento "numeros"
0x011C	0x2053      	CALL       _numeros
;SelectCase_Procedimientos_ManejoDisplay4D_gitos.mbas,94 :: 		portd = 0        'Abrir los 4 transistores
0x011D	0x0188      	CLRF       PORTD
;SelectCase_Procedimientos_ManejoDisplay4D_gitos.mbas,95 :: 		portb = dato     'Definir la variable dato al puerto b
0x011E	0x0822      	MOVF       _dato, 0
0x011F	0x0086      	MOVWF      PORTB
;SelectCase_Procedimientos_ManejoDisplay4D_gitos.mbas,96 :: 		portd = 0x40     'Cerrar el transistor del tercer display
0x0120	0x3040      	MOVLW      64
0x0121	0x0088      	MOVWF      PORTD
;SelectCase_Procedimientos_ManejoDisplay4D_gitos.mbas,97 :: 		delay_ms(400)    'Retraso de 400ms
0x0122	0x300B      	MOVLW      11
0x0123	0x00FB      	MOVWF      R11
0x0124	0x3026      	MOVLW      38
0x0125	0x00FC      	MOVWF      R12
0x0126	0x305D      	MOVLW      93
0x0127	0x00FD      	MOVWF      R13
L__main84:
0x0128	0x0BFD      	DECFSZ     R13, 1
0x0129	0x2928      	GOTO       L__main84
0x012A	0x0BFC      	DECFSZ     R12, 1
0x012B	0x2928      	GOTO       L__main84
0x012C	0x0BFB      	DECFSZ     R11, 1
0x012D	0x2928      	GOTO       L__main84
0x012E	0x0000      	NOP
0x012F	0x0000      	NOP
;SelectCase_Procedimientos_ManejoDisplay4D_gitos.mbas,99 :: 		digito = 2       'Definir un dato inicial a la variable "digito"
0x0130	0x3002      	MOVLW      2
0x0131	0x00A3      	MOVWF      _digito
;SelectCase_Procedimientos_ManejoDisplay4D_gitos.mbas,100 :: 		numeros          'Llamar al procedimiento "numeros"
0x0132	0x2053      	CALL       _numeros
;SelectCase_Procedimientos_ManejoDisplay4D_gitos.mbas,101 :: 		portd = 0        'Abrir los 4 transistores
0x0133	0x0188      	CLRF       PORTD
;SelectCase_Procedimientos_ManejoDisplay4D_gitos.mbas,102 :: 		portb = dato     'Definir la variable dato al puerto b
0x0134	0x0822      	MOVF       _dato, 0
0x0135	0x0086      	MOVWF      PORTB
;SelectCase_Procedimientos_ManejoDisplay4D_gitos.mbas,103 :: 		portd = 0x20     'Cerrar el transistor del segundo display
0x0136	0x3020      	MOVLW      32
0x0137	0x0088      	MOVWF      PORTD
;SelectCase_Procedimientos_ManejoDisplay4D_gitos.mbas,104 :: 		delay_ms(400)    'Retraso de 400ms
0x0138	0x300B      	MOVLW      11
0x0139	0x00FB      	MOVWF      R11
0x013A	0x3026      	MOVLW      38
0x013B	0x00FC      	MOVWF      R12
0x013C	0x305D      	MOVLW      93
0x013D	0x00FD      	MOVWF      R13
L__main85:
0x013E	0x0BFD      	DECFSZ     R13, 1
0x013F	0x293E      	GOTO       L__main85
0x0140	0x0BFC      	DECFSZ     R12, 1
0x0141	0x293E      	GOTO       L__main85
0x0142	0x0BFB      	DECFSZ     R11, 1
0x0143	0x293E      	GOTO       L__main85
0x0144	0x0000      	NOP
0x0145	0x0000      	NOP
;SelectCase_Procedimientos_ManejoDisplay4D_gitos.mbas,106 :: 		digito = 3       'Definir un dato inicial a la variable "digito"
0x0146	0x3003      	MOVLW      3
0x0147	0x00A3      	MOVWF      _digito
;SelectCase_Procedimientos_ManejoDisplay4D_gitos.mbas,107 :: 		numeros          'Llamar al procedimiento "numeros"
0x0148	0x2053      	CALL       _numeros
;SelectCase_Procedimientos_ManejoDisplay4D_gitos.mbas,108 :: 		portd = 0        'Abrir los 4 transistores
0x0149	0x0188      	CLRF       PORTD
;SelectCase_Procedimientos_ManejoDisplay4D_gitos.mbas,109 :: 		portb = dato     'Definir la variable dato al puerto b
0x014A	0x0822      	MOVF       _dato, 0
0x014B	0x0086      	MOVWF      PORTB
;SelectCase_Procedimientos_ManejoDisplay4D_gitos.mbas,110 :: 		portd = 0x10     'Cerrar el transistor del primer display
0x014C	0x3010      	MOVLW      16
0x014D	0x0088      	MOVWF      PORTD
;SelectCase_Procedimientos_ManejoDisplay4D_gitos.mbas,111 :: 		delay_ms(400)    'Retraso de 400ms
0x014E	0x300B      	MOVLW      11
0x014F	0x00FB      	MOVWF      R11
0x0150	0x3026      	MOVLW      38
0x0151	0x00FC      	MOVWF      R12
0x0152	0x305D      	MOVLW      93
0x0153	0x00FD      	MOVWF      R13
L__main86:
0x0154	0x0BFD      	DECFSZ     R13, 1
0x0155	0x2954      	GOTO       L__main86
0x0156	0x0BFC      	DECFSZ     R12, 1
0x0157	0x2954      	GOTO       L__main86
0x0158	0x0BFB      	DECFSZ     R11, 1
0x0159	0x2954      	GOTO       L__main86
0x015A	0x0000      	NOP
0x015B	0x0000      	NOP
;SelectCase_Procedimientos_ManejoDisplay4D_gitos.mbas,113 :: 		portd=0          'Apagar todos los displays
0x015C	0x0188      	CLRF       PORTD
;SelectCase_Procedimientos_ManejoDisplay4D_gitos.mbas,114 :: 		delay_ms(500)    'Retraso de 500ms
0x015D	0x300D      	MOVLW      13
0x015E	0x00FB      	MOVWF      R11
0x015F	0x30AF      	MOVLW      175
0x0160	0x00FC      	MOVWF      R12
0x0161	0x30B6      	MOVLW      182
0x0162	0x00FD      	MOVWF      R13
L__main87:
0x0163	0x0BFD      	DECFSZ     R13, 1
0x0164	0x2963      	GOTO       L__main87
0x0165	0x0BFC      	DECFSZ     R12, 1
0x0166	0x2963      	GOTO       L__main87
0x0167	0x0BFB      	DECFSZ     R11, 1
0x0168	0x2963      	GOTO       L__main87
0x0169	0x0000      	NOP
;SelectCase_Procedimientos_ManejoDisplay4D_gitos.mbas,116 :: 		For veces = 0 to 2      'Inicio bucle for para mostrar "PIC " con recorrido ida y vuelta en el display de 4 dígitos
0x016A	0x01A1      	CLRF       _veces
L__main89:
;SelectCase_Procedimientos_ManejoDisplay4D_gitos.mbas,117 :: 		For contaaux = 0 to 100       'Inicio bucle for para mostrar "P   " en el display de 4 dígitos
0x016B	0x01A0      	CLRF       _contaaux
L__main94:
;SelectCase_Procedimientos_ManejoDisplay4D_gitos.mbas,118 :: 		caracter = "P"   'Definir un dato inicial a la variable "caracter"
0x016C	0x3050      	MOVLW      80
0x016D	0x00A4      	MOVWF      _caracter
;SelectCase_Procedimientos_ManejoDisplay4D_gitos.mbas,119 :: 		letras           'Llamar al procedimiento "letras"
0x016E	0x2003      	CALL       _letras
;SelectCase_Procedimientos_ManejoDisplay4D_gitos.mbas,120 :: 		portd = 0        'Abrir los 4 transistores
0x016F	0x0188      	CLRF       PORTD
;SelectCase_Procedimientos_ManejoDisplay4D_gitos.mbas,121 :: 		portb = dato     'Definir la variable dato al puerto b
0x0170	0x0822      	MOVF       _dato, 0
0x0171	0x0086      	MOVWF      PORTB
;SelectCase_Procedimientos_ManejoDisplay4D_gitos.mbas,122 :: 		portd = 0x80     'Cerrar el transistor del cuarto display
0x0172	0x3080      	MOVLW      128
0x0173	0x0088      	MOVWF      PORTD
;SelectCase_Procedimientos_ManejoDisplay4D_gitos.mbas,123 :: 		delay_ms(2)      'Retraso de 2ms
0x0174	0x300D      	MOVLW      13
0x0175	0x00FC      	MOVWF      R12
0x0176	0x30FB      	MOVLW      251
0x0177	0x00FD      	MOVWF      R13
L__main98:
0x0178	0x0BFD      	DECFSZ     R13, 1
0x0179	0x2978      	GOTO       L__main98
0x017A	0x0BFC      	DECFSZ     R12, 1
0x017B	0x2978      	GOTO       L__main98
0x017C	0x0000      	NOP
0x017D	0x0000      	NOP
;SelectCase_Procedimientos_ManejoDisplay4D_gitos.mbas,124 :: 		next contaaux       'Fin bucle for para mostrar "P   " en el display de 4 dígitos
0x017E	0x0820      	MOVF       _contaaux, 0
0x017F	0x3A64      	XORLW      100
0x0180	0x1903      	BTFSC      STATUS, 2
0x0181	0x2984      	GOTO       L__main97
0x0182	0x0AA0      	INCF       _contaaux, 1
0x0183	0x296C      	GOTO       L__main94
L__main97:
;SelectCase_Procedimientos_ManejoDisplay4D_gitos.mbas,126 :: 		For contaaux = 0 to 100  'Inicio bucle for para mostrar "PI   " en el display de 4 dígitos
0x0184	0x01A0      	CLRF       _contaaux
L__main100:
;SelectCase_Procedimientos_ManejoDisplay4D_gitos.mbas,127 :: 		caracter = "P"   'Definir un dato inicial a la variable "caracter"
0x0185	0x3050      	MOVLW      80
0x0186	0x00A4      	MOVWF      _caracter
;SelectCase_Procedimientos_ManejoDisplay4D_gitos.mbas,128 :: 		letras           'Llamar al procedimiento "letras"
0x0187	0x2003      	CALL       _letras
;SelectCase_Procedimientos_ManejoDisplay4D_gitos.mbas,129 :: 		portd = 0        'Abrir los 4 transistores
0x0188	0x0188      	CLRF       PORTD
;SelectCase_Procedimientos_ManejoDisplay4D_gitos.mbas,130 :: 		portb = dato     'Definir la variable dato al puerto b
0x0189	0x0822      	MOVF       _dato, 0
0x018A	0x0086      	MOVWF      PORTB
;SelectCase_Procedimientos_ManejoDisplay4D_gitos.mbas,131 :: 		portd = 0x40     'Cerrar el transistor del tercer display
0x018B	0x3040      	MOVLW      64
0x018C	0x0088      	MOVWF      PORTD
;SelectCase_Procedimientos_ManejoDisplay4D_gitos.mbas,132 :: 		delay_ms(2)      'Retraso de 2ms
0x018D	0x300D      	MOVLW      13
0x018E	0x00FC      	MOVWF      R12
0x018F	0x30FB      	MOVLW      251
0x0190	0x00FD      	MOVWF      R13
L__main104:
0x0191	0x0BFD      	DECFSZ     R13, 1
0x0192	0x2991      	GOTO       L__main104
0x0193	0x0BFC      	DECFSZ     R12, 1
0x0194	0x2991      	GOTO       L__main104
0x0195	0x0000      	NOP
0x0196	0x0000      	NOP
;SelectCase_Procedimientos_ManejoDisplay4D_gitos.mbas,134 :: 		caracter = "I"   'Definir un dato inicial a la variable "caracter"
0x0197	0x3049      	MOVLW      73
0x0198	0x00A4      	MOVWF      _caracter
;SelectCase_Procedimientos_ManejoDisplay4D_gitos.mbas,135 :: 		letras           'Llamar al procedimiento "letras"
0x0199	0x2003      	CALL       _letras
;SelectCase_Procedimientos_ManejoDisplay4D_gitos.mbas,136 :: 		portd = 0        'Abrir los 4 transistores
0x019A	0x0188      	CLRF       PORTD
;SelectCase_Procedimientos_ManejoDisplay4D_gitos.mbas,137 :: 		portb = dato     'Definir la variable dato al puerto b
0x019B	0x0822      	MOVF       _dato, 0
0x019C	0x0086      	MOVWF      PORTB
;SelectCase_Procedimientos_ManejoDisplay4D_gitos.mbas,138 :: 		portd = 0x80     'Cerrar el transistor del cuarto display
0x019D	0x3080      	MOVLW      128
0x019E	0x0088      	MOVWF      PORTD
;SelectCase_Procedimientos_ManejoDisplay4D_gitos.mbas,139 :: 		delay_ms(2)      'Retraso de 2ms
0x019F	0x300D      	MOVLW      13
0x01A0	0x00FC      	MOVWF      R12
0x01A1	0x30FB      	MOVLW      251
0x01A2	0x00FD      	MOVWF      R13
L__main105:
0x01A3	0x0BFD      	DECFSZ     R13, 1
0x01A4	0x29A3      	GOTO       L__main105
0x01A5	0x0BFC      	DECFSZ     R12, 1
0x01A6	0x29A3      	GOTO       L__main105
0x01A7	0x0000      	NOP
0x01A8	0x0000      	NOP
;SelectCase_Procedimientos_ManejoDisplay4D_gitos.mbas,140 :: 		next contaaux       'Fin bucle for para mostrar "PI   " en el display de 4 dígitos
0x01A9	0x0820      	MOVF       _contaaux, 0
0x01AA	0x3A64      	XORLW      100
0x01AB	0x1903      	BTFSC      STATUS, 2
0x01AC	0x29AF      	GOTO       L__main103
0x01AD	0x0AA0      	INCF       _contaaux, 1
0x01AE	0x2985      	GOTO       L__main100
L__main103:
;SelectCase_Procedimientos_ManejoDisplay4D_gitos.mbas,142 :: 		For contaaux = 0 to 100  'Inicio bucle for para mostrar " PIC" en el display de 4 dígitos
0x01AF	0x01A0      	CLRF       _contaaux
L__main107:
;SelectCase_Procedimientos_ManejoDisplay4D_gitos.mbas,143 :: 		caracter = "P"   'Definir un dato inicial a la variable "caracter"
0x01B0	0x3050      	MOVLW      80
0x01B1	0x00A4      	MOVWF      _caracter
;SelectCase_Procedimientos_ManejoDisplay4D_gitos.mbas,144 :: 		letras           'Llamar al procedimiento "letras"
0x01B2	0x2003      	CALL       _letras
;SelectCase_Procedimientos_ManejoDisplay4D_gitos.mbas,145 :: 		portd = 0        'Abrir los 4 transistores
0x01B3	0x0188      	CLRF       PORTD
;SelectCase_Procedimientos_ManejoDisplay4D_gitos.mbas,146 :: 		portb = dato     'Definir la variable dato al puerto b
0x01B4	0x0822      	MOVF       _dato, 0
0x01B5	0x0086      	MOVWF      PORTB
;SelectCase_Procedimientos_ManejoDisplay4D_gitos.mbas,147 :: 		portd = 0x20     'Cerrar el transistor del segundo display
0x01B6	0x3020      	MOVLW      32
0x01B7	0x0088      	MOVWF      PORTD
;SelectCase_Procedimientos_ManejoDisplay4D_gitos.mbas,148 :: 		delay_ms(2)      'Retraso de 2ms
0x01B8	0x300D      	MOVLW      13
0x01B9	0x00FC      	MOVWF      R12
0x01BA	0x30FB      	MOVLW      251
0x01BB	0x00FD      	MOVWF      R13
L__main111:
0x01BC	0x0BFD      	DECFSZ     R13, 1
0x01BD	0x29BC      	GOTO       L__main111
0x01BE	0x0BFC      	DECFSZ     R12, 1
0x01BF	0x29BC      	GOTO       L__main111
0x01C0	0x0000      	NOP
0x01C1	0x0000      	NOP
;SelectCase_Procedimientos_ManejoDisplay4D_gitos.mbas,150 :: 		caracter = "I"   'Definir un dato inicial a la variable "caracter"
0x01C2	0x3049      	MOVLW      73
0x01C3	0x00A4      	MOVWF      _caracter
;SelectCase_Procedimientos_ManejoDisplay4D_gitos.mbas,151 :: 		letras           'Llamar al procedimiento "letras"
0x01C4	0x2003      	CALL       _letras
;SelectCase_Procedimientos_ManejoDisplay4D_gitos.mbas,152 :: 		portd = 0        'Abrir los 4 transistores
0x01C5	0x0188      	CLRF       PORTD
;SelectCase_Procedimientos_ManejoDisplay4D_gitos.mbas,153 :: 		portb = dato     'Definir la variable dato al puerto b
0x01C6	0x0822      	MOVF       _dato, 0
0x01C7	0x0086      	MOVWF      PORTB
;SelectCase_Procedimientos_ManejoDisplay4D_gitos.mbas,154 :: 		portd = 0x40     'Cerrar el transistor del tercer display
0x01C8	0x3040      	MOVLW      64
0x01C9	0x0088      	MOVWF      PORTD
;SelectCase_Procedimientos_ManejoDisplay4D_gitos.mbas,155 :: 		delay_ms(2)      'Retraso de 2ms
0x01CA	0x300D      	MOVLW      13
0x01CB	0x00FC      	MOVWF      R12
0x01CC	0x30FB      	MOVLW      251
0x01CD	0x00FD      	MOVWF      R13
L__main112:
0x01CE	0x0BFD      	DECFSZ     R13, 1
0x01CF	0x29CE      	GOTO       L__main112
0x01D0	0x0BFC      	DECFSZ     R12, 1
0x01D1	0x29CE      	GOTO       L__main112
0x01D2	0x0000      	NOP
0x01D3	0x0000      	NOP
;SelectCase_Procedimientos_ManejoDisplay4D_gitos.mbas,157 :: 		caracter = "C"   'Definir un dato inicial a la variable "caracter"
0x01D4	0x3043      	MOVLW      67
0x01D5	0x00A4      	MOVWF      _caracter
;SelectCase_Procedimientos_ManejoDisplay4D_gitos.mbas,158 :: 		letras           'Llamar al procedimiento "letras"
0x01D6	0x2003      	CALL       _letras
;SelectCase_Procedimientos_ManejoDisplay4D_gitos.mbas,159 :: 		portd = 0        'Abrir los 4 transistores
0x01D7	0x0188      	CLRF       PORTD
;SelectCase_Procedimientos_ManejoDisplay4D_gitos.mbas,160 :: 		portb = dato     'Definir la variable dato al puerto b
0x01D8	0x0822      	MOVF       _dato, 0
0x01D9	0x0086      	MOVWF      PORTB
;SelectCase_Procedimientos_ManejoDisplay4D_gitos.mbas,161 :: 		portd = 0x80     'Cerrar el transistor del cuarto display
0x01DA	0x3080      	MOVLW      128
0x01DB	0x0088      	MOVWF      PORTD
;SelectCase_Procedimientos_ManejoDisplay4D_gitos.mbas,162 :: 		delay_ms(2)      'Retraso de 2ms
0x01DC	0x300D      	MOVLW      13
0x01DD	0x00FC      	MOVWF      R12
0x01DE	0x30FB      	MOVLW      251
0x01DF	0x00FD      	MOVWF      R13
L__main113:
0x01E0	0x0BFD      	DECFSZ     R13, 1
0x01E1	0x29E0      	GOTO       L__main113
0x01E2	0x0BFC      	DECFSZ     R12, 1
0x01E3	0x29E0      	GOTO       L__main113
0x01E4	0x0000      	NOP
0x01E5	0x0000      	NOP
;SelectCase_Procedimientos_ManejoDisplay4D_gitos.mbas,163 :: 		next contaaux       'Fin bucle for para mostrar " PIC" en el display de 4 dígitos
0x01E6	0x0820      	MOVF       _contaaux, 0
0x01E7	0x3A64      	XORLW      100
0x01E8	0x1903      	BTFSC      STATUS, 2
0x01E9	0x29EC      	GOTO       L__main110
0x01EA	0x0AA0      	INCF       _contaaux, 1
0x01EB	0x29B0      	GOTO       L__main107
L__main110:
;SelectCase_Procedimientos_ManejoDisplay4D_gitos.mbas,165 :: 		For contaaux = 0 to 100  'Inicio bucle for para mostrar "PIC " en el display de 4 dígitos
0x01EC	0x01A0      	CLRF       _contaaux
L__main115:
;SelectCase_Procedimientos_ManejoDisplay4D_gitos.mbas,166 :: 		caracter = "P"   'Definir un dato inicial a la variable "caracter"
0x01ED	0x3050      	MOVLW      80
0x01EE	0x00A4      	MOVWF      _caracter
;SelectCase_Procedimientos_ManejoDisplay4D_gitos.mbas,167 :: 		letras           'Llamar al procedimiento "letras"
0x01EF	0x2003      	CALL       _letras
;SelectCase_Procedimientos_ManejoDisplay4D_gitos.mbas,168 :: 		portd = 0        'Abrir los 4 transistores
0x01F0	0x0188      	CLRF       PORTD
;SelectCase_Procedimientos_ManejoDisplay4D_gitos.mbas,169 :: 		portb = dato     'Definir la variable dato al puerto b
0x01F1	0x0822      	MOVF       _dato, 0
0x01F2	0x0086      	MOVWF      PORTB
;SelectCase_Procedimientos_ManejoDisplay4D_gitos.mbas,170 :: 		portd = 0x10     'Cerrar el transistor del primer display
0x01F3	0x3010      	MOVLW      16
0x01F4	0x0088      	MOVWF      PORTD
;SelectCase_Procedimientos_ManejoDisplay4D_gitos.mbas,171 :: 		delay_ms(2)      'Retraso de 2ms
0x01F5	0x300D      	MOVLW      13
0x01F6	0x00FC      	MOVWF      R12
0x01F7	0x30FB      	MOVLW      251
0x01F8	0x00FD      	MOVWF      R13
L__main119:
0x01F9	0x0BFD      	DECFSZ     R13, 1
0x01FA	0x29F9      	GOTO       L__main119
0x01FB	0x0BFC      	DECFSZ     R12, 1
0x01FC	0x29F9      	GOTO       L__main119
0x01FD	0x0000      	NOP
0x01FE	0x0000      	NOP
;SelectCase_Procedimientos_ManejoDisplay4D_gitos.mbas,173 :: 		caracter = "I"   'Definir un dato inicial a la variable "caracter"
0x01FF	0x3049      	MOVLW      73
0x0200	0x00A4      	MOVWF      _caracter
;SelectCase_Procedimientos_ManejoDisplay4D_gitos.mbas,174 :: 		letras           'Llamar al procedimiento "letras"
0x0201	0x2003      	CALL       _letras
;SelectCase_Procedimientos_ManejoDisplay4D_gitos.mbas,175 :: 		portd = 0        'Abrir los 4 transistores
0x0202	0x0188      	CLRF       PORTD
;SelectCase_Procedimientos_ManejoDisplay4D_gitos.mbas,176 :: 		portb = dato     'Definir la variable dato al puerto b
0x0203	0x0822      	MOVF       _dato, 0
0x0204	0x0086      	MOVWF      PORTB
;SelectCase_Procedimientos_ManejoDisplay4D_gitos.mbas,177 :: 		portd = 0x20     'Cerrar el transistor del segundo display
0x0205	0x3020      	MOVLW      32
0x0206	0x0088      	MOVWF      PORTD
;SelectCase_Procedimientos_ManejoDisplay4D_gitos.mbas,178 :: 		delay_ms(2)      'Retraso de 2ms
0x0207	0x300D      	MOVLW      13
0x0208	0x00FC      	MOVWF      R12
0x0209	0x30FB      	MOVLW      251
0x020A	0x00FD      	MOVWF      R13
L__main120:
0x020B	0x0BFD      	DECFSZ     R13, 1
0x020C	0x2A0B      	GOTO       L__main120
0x020D	0x0BFC      	DECFSZ     R12, 1
0x020E	0x2A0B      	GOTO       L__main120
0x020F	0x0000      	NOP
0x0210	0x0000      	NOP
;SelectCase_Procedimientos_ManejoDisplay4D_gitos.mbas,180 :: 		caracter = "C"   'Definir un dato inicial a la variable "caracter"
0x0211	0x3043      	MOVLW      67
0x0212	0x00A4      	MOVWF      _caracter
;SelectCase_Procedimientos_ManejoDisplay4D_gitos.mbas,181 :: 		letras           'Llamar al procedimiento "letras"
0x0213	0x2003      	CALL       _letras
;SelectCase_Procedimientos_ManejoDisplay4D_gitos.mbas,182 :: 		portd = 0        'Abrir los 4 transistores
0x0214	0x0188      	CLRF       PORTD
;SelectCase_Procedimientos_ManejoDisplay4D_gitos.mbas,183 :: 		portb = dato     'Definir la variable dato al puerto b
0x0215	0x0822      	MOVF       _dato, 0
0x0216	0x0086      	MOVWF      PORTB
;SelectCase_Procedimientos_ManejoDisplay4D_gitos.mbas,184 :: 		portd = 0x40     'Cerrar el transistor del tercer display
0x0217	0x3040      	MOVLW      64
0x0218	0x0088      	MOVWF      PORTD
;SelectCase_Procedimientos_ManejoDisplay4D_gitos.mbas,185 :: 		delay_ms(2)      'Retraso de 2ms
0x0219	0x300D      	MOVLW      13
0x021A	0x00FC      	MOVWF      R12
0x021B	0x30FB      	MOVLW      251
0x021C	0x00FD      	MOVWF      R13
L__main121:
0x021D	0x0BFD      	DECFSZ     R13, 1
0x021E	0x2A1D      	GOTO       L__main121
0x021F	0x0BFC      	DECFSZ     R12, 1
0x0220	0x2A1D      	GOTO       L__main121
0x0221	0x0000      	NOP
0x0222	0x0000      	NOP
;SelectCase_Procedimientos_ManejoDisplay4D_gitos.mbas,186 :: 		next contaaux       'Fin bucle for para mostrar "PIC " en el display de 4 dígitos
0x0223	0x0820      	MOVF       _contaaux, 0
0x0224	0x3A64      	XORLW      100
0x0225	0x1903      	BTFSC      STATUS, 2
0x0226	0x2A29      	GOTO       L__main118
0x0227	0x0AA0      	INCF       _contaaux, 1
0x0228	0x29ED      	GOTO       L__main115
L__main118:
;SelectCase_Procedimientos_ManejoDisplay4D_gitos.mbas,188 :: 		For contaaux = 0 to 100  'Inicio bucle for para mostrar " PIC" en el display de 4 dígitos
0x0229	0x01A0      	CLRF       _contaaux
L__main123:
;SelectCase_Procedimientos_ManejoDisplay4D_gitos.mbas,189 :: 		caracter = "P"   'Definir un dato inicial a la variable "caracter"
0x022A	0x3050      	MOVLW      80
0x022B	0x00A4      	MOVWF      _caracter
;SelectCase_Procedimientos_ManejoDisplay4D_gitos.mbas,190 :: 		letras           'Llamar al procedimiento "letras"
0x022C	0x2003      	CALL       _letras
;SelectCase_Procedimientos_ManejoDisplay4D_gitos.mbas,191 :: 		portd = 0        'Abrir los 4 transistores
0x022D	0x0188      	CLRF       PORTD
;SelectCase_Procedimientos_ManejoDisplay4D_gitos.mbas,192 :: 		portb = dato     'Definir la variable dato al puerto b
0x022E	0x0822      	MOVF       _dato, 0
0x022F	0x0086      	MOVWF      PORTB
;SelectCase_Procedimientos_ManejoDisplay4D_gitos.mbas,193 :: 		portd = 0x20     'Cerrar el transistor del segundo display
0x0230	0x3020      	MOVLW      32
0x0231	0x0088      	MOVWF      PORTD
;SelectCase_Procedimientos_ManejoDisplay4D_gitos.mbas,194 :: 		delay_ms(2)      'Retraso de 2ms
0x0232	0x300D      	MOVLW      13
0x0233	0x00FC      	MOVWF      R12
0x0234	0x30FB      	MOVLW      251
0x0235	0x00FD      	MOVWF      R13
L__main127:
0x0236	0x0BFD      	DECFSZ     R13, 1
0x0237	0x2A36      	GOTO       L__main127
0x0238	0x0BFC      	DECFSZ     R12, 1
0x0239	0x2A36      	GOTO       L__main127
0x023A	0x0000      	NOP
0x023B	0x0000      	NOP
;SelectCase_Procedimientos_ManejoDisplay4D_gitos.mbas,196 :: 		caracter = "I"   'Definir un dato inicial a la variable "caracter"
0x023C	0x3049      	MOVLW      73
0x023D	0x00A4      	MOVWF      _caracter
;SelectCase_Procedimientos_ManejoDisplay4D_gitos.mbas,197 :: 		letras           'Llamar al procedimiento "letras"
0x023E	0x2003      	CALL       _letras
;SelectCase_Procedimientos_ManejoDisplay4D_gitos.mbas,198 :: 		portd = 0        'Abrir los 4 transistores
0x023F	0x0188      	CLRF       PORTD
;SelectCase_Procedimientos_ManejoDisplay4D_gitos.mbas,199 :: 		portb = dato     'Definir la variable dato al puerto b
0x0240	0x0822      	MOVF       _dato, 0
0x0241	0x0086      	MOVWF      PORTB
;SelectCase_Procedimientos_ManejoDisplay4D_gitos.mbas,200 :: 		portd = 0x40     'Cerrar el transistor del tercer display
0x0242	0x3040      	MOVLW      64
0x0243	0x0088      	MOVWF      PORTD
;SelectCase_Procedimientos_ManejoDisplay4D_gitos.mbas,201 :: 		delay_ms(2)      'Retraso de 2ms
0x0244	0x300D      	MOVLW      13
0x0245	0x00FC      	MOVWF      R12
0x0246	0x30FB      	MOVLW      251
0x0247	0x00FD      	MOVWF      R13
L__main128:
0x0248	0x0BFD      	DECFSZ     R13, 1
0x0249	0x2A48      	GOTO       L__main128
0x024A	0x0BFC      	DECFSZ     R12, 1
0x024B	0x2A48      	GOTO       L__main128
0x024C	0x0000      	NOP
0x024D	0x0000      	NOP
;SelectCase_Procedimientos_ManejoDisplay4D_gitos.mbas,203 :: 		caracter = "C"   'Definir un dato inicial a la variable "caracter"
0x024E	0x3043      	MOVLW      67
0x024F	0x00A4      	MOVWF      _caracter
;SelectCase_Procedimientos_ManejoDisplay4D_gitos.mbas,204 :: 		letras           'Llamar al procedimiento "letras"
0x0250	0x2003      	CALL       _letras
;SelectCase_Procedimientos_ManejoDisplay4D_gitos.mbas,205 :: 		portd = 0        'Abrir los 4 transistores
0x0251	0x0188      	CLRF       PORTD
;SelectCase_Procedimientos_ManejoDisplay4D_gitos.mbas,206 :: 		portb = dato     'Definir la variable dato al puerto b
0x0252	0x0822      	MOVF       _dato, 0
0x0253	0x0086      	MOVWF      PORTB
;SelectCase_Procedimientos_ManejoDisplay4D_gitos.mbas,207 :: 		portd = 0x80     'Cerrar el transistor del cuarto display
0x0254	0x3080      	MOVLW      128
0x0255	0x0088      	MOVWF      PORTD
;SelectCase_Procedimientos_ManejoDisplay4D_gitos.mbas,208 :: 		delay_ms(2)      'Retraso de 2ms
0x0256	0x300D      	MOVLW      13
0x0257	0x00FC      	MOVWF      R12
0x0258	0x30FB      	MOVLW      251
0x0259	0x00FD      	MOVWF      R13
L__main129:
0x025A	0x0BFD      	DECFSZ     R13, 1
0x025B	0x2A5A      	GOTO       L__main129
0x025C	0x0BFC      	DECFSZ     R12, 1
0x025D	0x2A5A      	GOTO       L__main129
0x025E	0x0000      	NOP
0x025F	0x0000      	NOP
;SelectCase_Procedimientos_ManejoDisplay4D_gitos.mbas,209 :: 		next contaaux       'Fin bucle for para mostrar " PIC" en el display de 4 dígitos
0x0260	0x0820      	MOVF       _contaaux, 0
0x0261	0x3A64      	XORLW      100
0x0262	0x1903      	BTFSC      STATUS, 2
0x0263	0x2A66      	GOTO       L__main126
0x0264	0x0AA0      	INCF       _contaaux, 1
0x0265	0x2A2A      	GOTO       L__main123
L__main126:
;SelectCase_Procedimientos_ManejoDisplay4D_gitos.mbas,211 :: 		For contaaux = 0 to 100  'Inicio bucle for para mostrar "  PI" en el display de 4 dígitos
0x0266	0x01A0      	CLRF       _contaaux
L__main131:
;SelectCase_Procedimientos_ManejoDisplay4D_gitos.mbas,212 :: 		caracter = "P"   'Definir un dato inicial a la variable "caracter"
0x0267	0x3050      	MOVLW      80
0x0268	0x00A4      	MOVWF      _caracter
;SelectCase_Procedimientos_ManejoDisplay4D_gitos.mbas,213 :: 		letras           'Llamar al procedimiento "letras"
0x0269	0x2003      	CALL       _letras
;SelectCase_Procedimientos_ManejoDisplay4D_gitos.mbas,214 :: 		portd = 0        'Abrir los 4 transistores
0x026A	0x0188      	CLRF       PORTD
;SelectCase_Procedimientos_ManejoDisplay4D_gitos.mbas,215 :: 		portb = dato     'Definir la variable dato al puerto b
0x026B	0x0822      	MOVF       _dato, 0
0x026C	0x0086      	MOVWF      PORTB
;SelectCase_Procedimientos_ManejoDisplay4D_gitos.mbas,216 :: 		portd = 0x40     'Cerrar el transistor del tercer display
0x026D	0x3040      	MOVLW      64
0x026E	0x0088      	MOVWF      PORTD
;SelectCase_Procedimientos_ManejoDisplay4D_gitos.mbas,217 :: 		delay_ms(2)      'Retraso de 2ms
0x026F	0x300D      	MOVLW      13
0x0270	0x00FC      	MOVWF      R12
0x0271	0x30FB      	MOVLW      251
0x0272	0x00FD      	MOVWF      R13
L__main135:
0x0273	0x0BFD      	DECFSZ     R13, 1
0x0274	0x2A73      	GOTO       L__main135
0x0275	0x0BFC      	DECFSZ     R12, 1
0x0276	0x2A73      	GOTO       L__main135
0x0277	0x0000      	NOP
0x0278	0x0000      	NOP
;SelectCase_Procedimientos_ManejoDisplay4D_gitos.mbas,219 :: 		caracter = "I"   'Definir un dato inicial a la variable "caracter"
0x0279	0x3049      	MOVLW      73
0x027A	0x00A4      	MOVWF      _caracter
;SelectCase_Procedimientos_ManejoDisplay4D_gitos.mbas,220 :: 		letras           'Llamar al procedimiento "letras"
0x027B	0x2003      	CALL       _letras
;SelectCase_Procedimientos_ManejoDisplay4D_gitos.mbas,221 :: 		portd = 0        'Abrir los 4 transistores
0x027C	0x0188      	CLRF       PORTD
;SelectCase_Procedimientos_ManejoDisplay4D_gitos.mbas,222 :: 		portb = dato     'Definir la variable dato al puerto b
0x027D	0x0822      	MOVF       _dato, 0
0x027E	0x0086      	MOVWF      PORTB
;SelectCase_Procedimientos_ManejoDisplay4D_gitos.mbas,223 :: 		portd = 0x80     'Cerrar el transistor del cuarto display
0x027F	0x3080      	MOVLW      128
0x0280	0x0088      	MOVWF      PORTD
;SelectCase_Procedimientos_ManejoDisplay4D_gitos.mbas,224 :: 		delay_ms(2)    'Retraso de 2ms
0x0281	0x300D      	MOVLW      13
0x0282	0x00FC      	MOVWF      R12
0x0283	0x30FB      	MOVLW      251
0x0284	0x00FD      	MOVWF      R13
L__main136:
0x0285	0x0BFD      	DECFSZ     R13, 1
0x0286	0x2A85      	GOTO       L__main136
0x0287	0x0BFC      	DECFSZ     R12, 1
0x0288	0x2A85      	GOTO       L__main136
0x0289	0x0000      	NOP
0x028A	0x0000      	NOP
;SelectCase_Procedimientos_ManejoDisplay4D_gitos.mbas,225 :: 		next contaaux       'Fin bucle for para mostrar "  PI" en el display de 4 dígitos
0x028B	0x0820      	MOVF       _contaaux, 0
0x028C	0x3A64      	XORLW      100
0x028D	0x1903      	BTFSC      STATUS, 2
0x028E	0x2A91      	GOTO       L__main134
0x028F	0x0AA0      	INCF       _contaaux, 1
0x0290	0x2A67      	GOTO       L__main131
L__main134:
;SelectCase_Procedimientos_ManejoDisplay4D_gitos.mbas,227 :: 		For contaaux = 0 to 100  'Inicio bucle for para mostrar "   P" en el display de 4 dígitos
0x0291	0x01A0      	CLRF       _contaaux
L__main138:
;SelectCase_Procedimientos_ManejoDisplay4D_gitos.mbas,228 :: 		caracter = "P"   'Definir un dato inicial a la variable "caracter"
0x0292	0x3050      	MOVLW      80
0x0293	0x00A4      	MOVWF      _caracter
;SelectCase_Procedimientos_ManejoDisplay4D_gitos.mbas,229 :: 		letras           'Llamar al procedimiento "letras"
0x0294	0x2003      	CALL       _letras
;SelectCase_Procedimientos_ManejoDisplay4D_gitos.mbas,230 :: 		portd = 0        'Abrir los 4 transistores
0x0295	0x0188      	CLRF       PORTD
;SelectCase_Procedimientos_ManejoDisplay4D_gitos.mbas,231 :: 		portb = dato     'Definir la variable dato al puerto b
0x0296	0x0822      	MOVF       _dato, 0
0x0297	0x0086      	MOVWF      PORTB
;SelectCase_Procedimientos_ManejoDisplay4D_gitos.mbas,232 :: 		portd = 0x80     'Cerrar el transistor del cuarto display
0x0298	0x3080      	MOVLW      128
0x0299	0x0088      	MOVWF      PORTD
;SelectCase_Procedimientos_ManejoDisplay4D_gitos.mbas,233 :: 		delay_ms(2)      'Retraso de 2ms
0x029A	0x300D      	MOVLW      13
0x029B	0x00FC      	MOVWF      R12
0x029C	0x30FB      	MOVLW      251
0x029D	0x00FD      	MOVWF      R13
L__main142:
0x029E	0x0BFD      	DECFSZ     R13, 1
0x029F	0x2A9E      	GOTO       L__main142
0x02A0	0x0BFC      	DECFSZ     R12, 1
0x02A1	0x2A9E      	GOTO       L__main142
0x02A2	0x0000      	NOP
0x02A3	0x0000      	NOP
;SelectCase_Procedimientos_ManejoDisplay4D_gitos.mbas,234 :: 		next contaaux       'Fin bucle for para mostrar "   P" en el display de 4 dígitos
0x02A4	0x0820      	MOVF       _contaaux, 0
0x02A5	0x3A64      	XORLW      100
0x02A6	0x1903      	BTFSC      STATUS, 2
0x02A7	0x2AAA      	GOTO       L__main141
0x02A8	0x0AA0      	INCF       _contaaux, 1
0x02A9	0x2A92      	GOTO       L__main138
L__main141:
;SelectCase_Procedimientos_ManejoDisplay4D_gitos.mbas,235 :: 		portd=0        'Apagar todos los displays
0x02AA	0x0188      	CLRF       PORTD
;SelectCase_Procedimientos_ManejoDisplay4D_gitos.mbas,236 :: 		delay_ms(350)  'Retraso de 350ms
0x02AB	0x3009      	MOVLW      9
0x02AC	0x00FB      	MOVWF      R11
0x02AD	0x30E1      	MOVLW      225
0x02AE	0x00FC      	MOVWF      R12
0x02AF	0x30B2      	MOVLW      178
0x02B0	0x00FD      	MOVWF      R13
L__main143:
0x02B1	0x0BFD      	DECFSZ     R13, 1
0x02B2	0x2AB1      	GOTO       L__main143
0x02B3	0x0BFC      	DECFSZ     R12, 1
0x02B4	0x2AB1      	GOTO       L__main143
0x02B5	0x0BFB      	DECFSZ     R11, 1
0x02B6	0x2AB1      	GOTO       L__main143
0x02B7	0x0000      	NOP
;SelectCase_Procedimientos_ManejoDisplay4D_gitos.mbas,237 :: 		next veces              'Fin bucle for para mostrar "PIC " con recorrido ida y vuelta en el display de 4 dígitos
0x02B8	0x0821      	MOVF       _veces, 0
0x02B9	0x3A02      	XORLW      2
0x02BA	0x1903      	BTFSC      STATUS, 2
0x02BB	0x2ABE      	GOTO       L__main92
0x02BC	0x0AA1      	INCF       _veces, 1
0x02BD	0x296B      	GOTO       L__main89
L__main92:
;SelectCase_Procedimientos_ManejoDisplay4D_gitos.mbas,239 :: 		delay_ms(500)      'Retraso de 500ms
0x02BE	0x300D      	MOVLW      13
0x02BF	0x00FB      	MOVWF      R11
0x02C0	0x30AF      	MOVLW      175
0x02C1	0x00FC      	MOVWF      R12
0x02C2	0x30B6      	MOVLW      182
0x02C3	0x00FD      	MOVWF      R13
L__main144:
0x02C4	0x0BFD      	DECFSZ     R13, 1
0x02C5	0x2AC4      	GOTO       L__main144
0x02C6	0x0BFC      	DECFSZ     R12, 1
0x02C7	0x2AC4      	GOTO       L__main144
0x02C8	0x0BFB      	DECFSZ     R11, 1
0x02C9	0x2AC4      	GOTO       L__main144
0x02CA	0x0000      	NOP
;SelectCase_Procedimientos_ManejoDisplay4D_gitos.mbas,241 :: 		For veces = 0 to 1 'Inicio bucle for para mostrar parpadeo de "UETS" en el display de 4 dígitos
0x02CB	0x01A1      	CLRF       _veces
L__main146:
;SelectCase_Procedimientos_ManejoDisplay4D_gitos.mbas,242 :: 		For contaaux = 0 to 25     'Inicio bucle for desde 0 a 25
0x02CC	0x01A0      	CLRF       _contaaux
L__main151:
;SelectCase_Procedimientos_ManejoDisplay4D_gitos.mbas,243 :: 		caracter = "U"   'Definir un dato inicial a la variable "caracter"
0x02CD	0x3055      	MOVLW      85
0x02CE	0x00A4      	MOVWF      _caracter
;SelectCase_Procedimientos_ManejoDisplay4D_gitos.mbas,244 :: 		letras           'Llamar al procedimiento "letras"
0x02CF	0x2003      	CALL       _letras
;SelectCase_Procedimientos_ManejoDisplay4D_gitos.mbas,245 :: 		portd = 0        'Abrir los 4 transistores
0x02D0	0x0188      	CLRF       PORTD
;SelectCase_Procedimientos_ManejoDisplay4D_gitos.mbas,246 :: 		portb = dato     'Definir la variable dato al puerto b
0x02D1	0x0822      	MOVF       _dato, 0
0x02D2	0x0086      	MOVWF      PORTB
;SelectCase_Procedimientos_ManejoDisplay4D_gitos.mbas,247 :: 		portd = 0x10     'Cerrar el transistor del primer display
0x02D3	0x3010      	MOVLW      16
0x02D4	0x0088      	MOVWF      PORTD
;SelectCase_Procedimientos_ManejoDisplay4D_gitos.mbas,248 :: 		delay_ms(2)      'Retraso de 2ms
0x02D5	0x300D      	MOVLW      13
0x02D6	0x00FC      	MOVWF      R12
0x02D7	0x30FB      	MOVLW      251
0x02D8	0x00FD      	MOVWF      R13
L__main155:
0x02D9	0x0BFD      	DECFSZ     R13, 1
0x02DA	0x2AD9      	GOTO       L__main155
0x02DB	0x0BFC      	DECFSZ     R12, 1
0x02DC	0x2AD9      	GOTO       L__main155
0x02DD	0x0000      	NOP
0x02DE	0x0000      	NOP
;SelectCase_Procedimientos_ManejoDisplay4D_gitos.mbas,250 :: 		caracter = "E"   'Definir un dato inicial a la variable "caracter"
0x02DF	0x3045      	MOVLW      69
0x02E0	0x00A4      	MOVWF      _caracter
;SelectCase_Procedimientos_ManejoDisplay4D_gitos.mbas,251 :: 		letras           'Llamar al procedimiento "letras"
0x02E1	0x2003      	CALL       _letras
;SelectCase_Procedimientos_ManejoDisplay4D_gitos.mbas,252 :: 		portd = 0        'Abrir los 4 transistores
0x02E2	0x0188      	CLRF       PORTD
;SelectCase_Procedimientos_ManejoDisplay4D_gitos.mbas,253 :: 		portb = dato     'Definir la variable dato al puerto b
0x02E3	0x0822      	MOVF       _dato, 0
0x02E4	0x0086      	MOVWF      PORTB
;SelectCase_Procedimientos_ManejoDisplay4D_gitos.mbas,254 :: 		portd = 0x20     'Cerrar el transistor del segundo display
0x02E5	0x3020      	MOVLW      32
0x02E6	0x0088      	MOVWF      PORTD
;SelectCase_Procedimientos_ManejoDisplay4D_gitos.mbas,255 :: 		delay_ms(2)      'Retraso de 2ms
0x02E7	0x300D      	MOVLW      13
0x02E8	0x00FC      	MOVWF      R12
0x02E9	0x30FB      	MOVLW      251
0x02EA	0x00FD      	MOVWF      R13
L__main156:
0x02EB	0x0BFD      	DECFSZ     R13, 1
0x02EC	0x2AEB      	GOTO       L__main156
0x02ED	0x0BFC      	DECFSZ     R12, 1
0x02EE	0x2AEB      	GOTO       L__main156
0x02EF	0x0000      	NOP
0x02F0	0x0000      	NOP
;SelectCase_Procedimientos_ManejoDisplay4D_gitos.mbas,257 :: 		caracter = "T"   'Definir un dato inicial a la variable "caracter"
0x02F1	0x3054      	MOVLW      84
0x02F2	0x00A4      	MOVWF      _caracter
;SelectCase_Procedimientos_ManejoDisplay4D_gitos.mbas,258 :: 		letras           'Llamar al procedimiento "letras"
0x02F3	0x2003      	CALL       _letras
;SelectCase_Procedimientos_ManejoDisplay4D_gitos.mbas,259 :: 		portd = 0        'Abrir los 4 transistores
0x02F4	0x0188      	CLRF       PORTD
;SelectCase_Procedimientos_ManejoDisplay4D_gitos.mbas,260 :: 		portb = dato     'Definir la variable dato al puerto b
0x02F5	0x0822      	MOVF       _dato, 0
0x02F6	0x0086      	MOVWF      PORTB
;SelectCase_Procedimientos_ManejoDisplay4D_gitos.mbas,261 :: 		portd = 0x40     'Cerrar el transistor del tercer display
0x02F7	0x3040      	MOVLW      64
0x02F8	0x0088      	MOVWF      PORTD
;SelectCase_Procedimientos_ManejoDisplay4D_gitos.mbas,262 :: 		delay_ms(2)      'Retraso de 2ms
0x02F9	0x300D      	MOVLW      13
0x02FA	0x00FC      	MOVWF      R12
0x02FB	0x30FB      	MOVLW      251
0x02FC	0x00FD      	MOVWF      R13
L__main157:
0x02FD	0x0BFD      	DECFSZ     R13, 1
0x02FE	0x2AFD      	GOTO       L__main157
0x02FF	0x0BFC      	DECFSZ     R12, 1
0x0300	0x2AFD      	GOTO       L__main157
0x0301	0x0000      	NOP
0x0302	0x0000      	NOP
;SelectCase_Procedimientos_ManejoDisplay4D_gitos.mbas,264 :: 		caracter = "S"   'Definir un dato inicial a la variable "caracter"
0x0303	0x3053      	MOVLW      83
0x0304	0x00A4      	MOVWF      _caracter
;SelectCase_Procedimientos_ManejoDisplay4D_gitos.mbas,265 :: 		letras           'Llamar al procedimiento "letras"
0x0305	0x2003      	CALL       _letras
;SelectCase_Procedimientos_ManejoDisplay4D_gitos.mbas,266 :: 		portd = 0        'Abrir los 4 transistores
0x0306	0x0188      	CLRF       PORTD
;SelectCase_Procedimientos_ManejoDisplay4D_gitos.mbas,267 :: 		portb = dato     'Definir la variable dato al puerto b
0x0307	0x0822      	MOVF       _dato, 0
0x0308	0x0086      	MOVWF      PORTB
;SelectCase_Procedimientos_ManejoDisplay4D_gitos.mbas,268 :: 		portd = 0x80     'Cerrar el transistor del cuarto display
0x0309	0x3080      	MOVLW      128
0x030A	0x0088      	MOVWF      PORTD
;SelectCase_Procedimientos_ManejoDisplay4D_gitos.mbas,269 :: 		delay_ms(2)      'Retraso de 2ms
0x030B	0x300D      	MOVLW      13
0x030C	0x00FC      	MOVWF      R12
0x030D	0x30FB      	MOVLW      251
0x030E	0x00FD      	MOVWF      R13
L__main158:
0x030F	0x0BFD      	DECFSZ     R13, 1
0x0310	0x2B0F      	GOTO       L__main158
0x0311	0x0BFC      	DECFSZ     R12, 1
0x0312	0x2B0F      	GOTO       L__main158
0x0313	0x0000      	NOP
0x0314	0x0000      	NOP
;SelectCase_Procedimientos_ManejoDisplay4D_gitos.mbas,270 :: 		next contaaux        'Fin bucle for desde 0 a 25
0x0315	0x0820      	MOVF       _contaaux, 0
0x0316	0x3A19      	XORLW      25
0x0317	0x1903      	BTFSC      STATUS, 2
0x0318	0x2B1B      	GOTO       L__main154
0x0319	0x0AA0      	INCF       _contaaux, 1
0x031A	0x2ACD      	GOTO       L__main151
L__main154:
;SelectCase_Procedimientos_ManejoDisplay4D_gitos.mbas,271 :: 		portd=0              'Apagar todos los displays
0x031B	0x0188      	CLRF       PORTD
;SelectCase_Procedimientos_ManejoDisplay4D_gitos.mbas,272 :: 		delay_ms(250)        'Retraso de 250ms
0x031C	0x3007      	MOVLW      7
0x031D	0x00FB      	MOVWF      R11
0x031E	0x3058      	MOVLW      88
0x031F	0x00FC      	MOVWF      R12
0x0320	0x3059      	MOVLW      89
0x0321	0x00FD      	MOVWF      R13
L__main159:
0x0322	0x0BFD      	DECFSZ     R13, 1
0x0323	0x2B22      	GOTO       L__main159
0x0324	0x0BFC      	DECFSZ     R12, 1
0x0325	0x2B22      	GOTO       L__main159
0x0326	0x0BFB      	DECFSZ     R11, 1
0x0327	0x2B22      	GOTO       L__main159
0x0328	0x0000      	NOP
0x0329	0x0000      	NOP
;SelectCase_Procedimientos_ManejoDisplay4D_gitos.mbas,273 :: 		next veces           'Fin bucle for para mostrar parpadeo de "UETS" en el display de 4 dígitos
0x032A	0x0821      	MOVF       _veces, 0
0x032B	0x3A01      	XORLW      1
0x032C	0x1903      	BTFSC      STATUS, 2
0x032D	0x2B30      	GOTO       L__main149
0x032E	0x0AA1      	INCF       _veces, 1
0x032F	0x2ACC      	GOTO       L__main146
L__main149:
;SelectCase_Procedimientos_ManejoDisplay4D_gitos.mbas,275 :: 		delay_ms(500)        'Retraso de 500ms
0x0330	0x300D      	MOVLW      13
0x0331	0x00FB      	MOVWF      R11
0x0332	0x30AF      	MOVLW      175
0x0333	0x00FC      	MOVWF      R12
0x0334	0x30B6      	MOVLW      182
0x0335	0x00FD      	MOVWF      R13
L__main160:
0x0336	0x0BFD      	DECFSZ     R13, 1
0x0337	0x2B36      	GOTO       L__main160
0x0338	0x0BFC      	DECFSZ     R12, 1
0x0339	0x2B36      	GOTO       L__main160
0x033A	0x0BFB      	DECFSZ     R11, 1
0x033B	0x2B36      	GOTO       L__main160
0x033C	0x0000      	NOP
;SelectCase_Procedimientos_ManejoDisplay4D_gitos.mbas,277 :: 		For conta3 = 0 to 450 'Inicio bucle for para mostrar "HALO" en el display de 4 dígitos por aproximadamente 3 segundos
0x033D	0x01A5      	CLRF       _conta3
0x033E	0x01A6      	CLRF       _conta3+1
L__main162:
;SelectCase_Procedimientos_ManejoDisplay4D_gitos.mbas,278 :: 		caracter = "H"   'Definir un dato inicial a la variable "caracter"
0x033F	0x3048      	MOVLW      72
0x0340	0x00A4      	MOVWF      _caracter
;SelectCase_Procedimientos_ManejoDisplay4D_gitos.mbas,279 :: 		letras           'Llamar al procedimiento "letras"
0x0341	0x2003      	CALL       _letras
;SelectCase_Procedimientos_ManejoDisplay4D_gitos.mbas,280 :: 		portd = 0        'Abrir los 4 transistores
0x0342	0x0188      	CLRF       PORTD
;SelectCase_Procedimientos_ManejoDisplay4D_gitos.mbas,281 :: 		portb = dato     'Definir la variable dato al puerto b
0x0343	0x0822      	MOVF       _dato, 0
0x0344	0x0086      	MOVWF      PORTB
;SelectCase_Procedimientos_ManejoDisplay4D_gitos.mbas,282 :: 		portd = 0x10     'Cerrar el transistor del primer display
0x0345	0x3010      	MOVLW      16
0x0346	0x0088      	MOVWF      PORTD
;SelectCase_Procedimientos_ManejoDisplay4D_gitos.mbas,283 :: 		delay_ms(2)      'Retraso de 2ms
0x0347	0x300D      	MOVLW      13
0x0348	0x00FC      	MOVWF      R12
0x0349	0x30FB      	MOVLW      251
0x034A	0x00FD      	MOVWF      R13
L__main166:
0x034B	0x0BFD      	DECFSZ     R13, 1
0x034C	0x2B4B      	GOTO       L__main166
0x034D	0x0BFC      	DECFSZ     R12, 1
0x034E	0x2B4B      	GOTO       L__main166
0x034F	0x0000      	NOP
0x0350	0x0000      	NOP
;SelectCase_Procedimientos_ManejoDisplay4D_gitos.mbas,285 :: 		caracter = "A"   'Definir un dato inicial a la variable "caracter"
0x0351	0x3041      	MOVLW      65
0x0352	0x00A4      	MOVWF      _caracter
;SelectCase_Procedimientos_ManejoDisplay4D_gitos.mbas,286 :: 		letras           'Llamar al procedimiento "letras"
0x0353	0x2003      	CALL       _letras
;SelectCase_Procedimientos_ManejoDisplay4D_gitos.mbas,287 :: 		portd = 0        'Abrir los 4 transistores
0x0354	0x0188      	CLRF       PORTD
;SelectCase_Procedimientos_ManejoDisplay4D_gitos.mbas,288 :: 		portb = dato     'Definir la variable dato al puerto b
0x0355	0x0822      	MOVF       _dato, 0
0x0356	0x0086      	MOVWF      PORTB
;SelectCase_Procedimientos_ManejoDisplay4D_gitos.mbas,289 :: 		portd = 0x20     'Cerrar el transistor del segundo display
0x0357	0x3020      	MOVLW      32
0x0358	0x0088      	MOVWF      PORTD
;SelectCase_Procedimientos_ManejoDisplay4D_gitos.mbas,290 :: 		delay_ms(2)      'Retraso de 2ms
0x0359	0x300D      	MOVLW      13
0x035A	0x00FC      	MOVWF      R12
0x035B	0x30FB      	MOVLW      251
0x035C	0x00FD      	MOVWF      R13
L__main167:
0x035D	0x0BFD      	DECFSZ     R13, 1
0x035E	0x2B5D      	GOTO       L__main167
0x035F	0x0BFC      	DECFSZ     R12, 1
0x0360	0x2B5D      	GOTO       L__main167
0x0361	0x0000      	NOP
0x0362	0x0000      	NOP
;SelectCase_Procedimientos_ManejoDisplay4D_gitos.mbas,292 :: 		caracter = "L"   'Definir un dato inicial a la variable "caracter"
0x0363	0x304C      	MOVLW      76
0x0364	0x00A4      	MOVWF      _caracter
;SelectCase_Procedimientos_ManejoDisplay4D_gitos.mbas,293 :: 		letras           'Llamar al procedimiento "letras"
0x0365	0x2003      	CALL       _letras
;SelectCase_Procedimientos_ManejoDisplay4D_gitos.mbas,294 :: 		portd = 0        'Abrir los 4 transistores
0x0366	0x0188      	CLRF       PORTD
;SelectCase_Procedimientos_ManejoDisplay4D_gitos.mbas,295 :: 		portb = dato     'Definir la variable dato al puerto b
0x0367	0x0822      	MOVF       _dato, 0
0x0368	0x0086      	MOVWF      PORTB
;SelectCase_Procedimientos_ManejoDisplay4D_gitos.mbas,296 :: 		portd = 0x40     'Cerrar el transistor del tercer display
0x0369	0x3040      	MOVLW      64
0x036A	0x0088      	MOVWF      PORTD
;SelectCase_Procedimientos_ManejoDisplay4D_gitos.mbas,297 :: 		delay_ms(2)      'Retraso de 2ms
0x036B	0x300D      	MOVLW      13
0x036C	0x00FC      	MOVWF      R12
0x036D	0x30FB      	MOVLW      251
0x036E	0x00FD      	MOVWF      R13
L__main168:
0x036F	0x0BFD      	DECFSZ     R13, 1
0x0370	0x2B6F      	GOTO       L__main168
0x0371	0x0BFC      	DECFSZ     R12, 1
0x0372	0x2B6F      	GOTO       L__main168
0x0373	0x0000      	NOP
0x0374	0x0000      	NOP
;SelectCase_Procedimientos_ManejoDisplay4D_gitos.mbas,299 :: 		caracter = "O"   'Definir un dato inicial a la variable "caracter"
0x0375	0x304F      	MOVLW      79
0x0376	0x00A4      	MOVWF      _caracter
;SelectCase_Procedimientos_ManejoDisplay4D_gitos.mbas,300 :: 		letras           'Llamar al procedimiento "letras"
0x0377	0x2003      	CALL       _letras
;SelectCase_Procedimientos_ManejoDisplay4D_gitos.mbas,301 :: 		portd = 0        'Abrir los 4 transistores
0x0378	0x0188      	CLRF       PORTD
;SelectCase_Procedimientos_ManejoDisplay4D_gitos.mbas,302 :: 		portb = dato     'Definir la variable dato al puerto b
0x0379	0x0822      	MOVF       _dato, 0
0x037A	0x0086      	MOVWF      PORTB
;SelectCase_Procedimientos_ManejoDisplay4D_gitos.mbas,303 :: 		portd = 0x80     'Cerrar el transistor del cuarto display
0x037B	0x3080      	MOVLW      128
0x037C	0x0088      	MOVWF      PORTD
;SelectCase_Procedimientos_ManejoDisplay4D_gitos.mbas,304 :: 		delay_ms(2)      'Retraso de 2ms
0x037D	0x300D      	MOVLW      13
0x037E	0x00FC      	MOVWF      R12
0x037F	0x30FB      	MOVLW      251
0x0380	0x00FD      	MOVWF      R13
L__main169:
0x0381	0x0BFD      	DECFSZ     R13, 1
0x0382	0x2B81      	GOTO       L__main169
0x0383	0x0BFC      	DECFSZ     R12, 1
0x0384	0x2B81      	GOTO       L__main169
0x0385	0x0000      	NOP
0x0386	0x0000      	NOP
;SelectCase_Procedimientos_ManejoDisplay4D_gitos.mbas,305 :: 		next conta3          'Fin bucle for para mostrar "HALO" en el display de 4 dígitos por aproximadamente 3 segundos
0x0387	0x0826      	MOVF       _conta3+1, 0
0x0388	0x3A01      	XORLW      1
0x0389	0x1D03      	BTFSS      STATUS, 2
0x038A	0x2B8D      	GOTO       L__main181
0x038B	0x30C2      	MOVLW      194
0x038C	0x0625      	XORWF      _conta3, 0
L__main181:
0x038D	0x1903      	BTFSC      STATUS, 2
0x038E	0x2B93      	GOTO       L__main165
0x038F	0x0AA5      	INCF       _conta3, 1
0x0390	0x1903      	BTFSC      STATUS, 2
0x0391	0x0AA6      	INCF       _conta3+1, 1
0x0392	0x2B3F      	GOTO       L__main162
L__main165:
;SelectCase_Procedimientos_ManejoDisplay4D_gitos.mbas,306 :: 		portd=0         'Apagar todos los displays
0x0393	0x0188      	CLRF       PORTD
;SelectCase_Procedimientos_ManejoDisplay4D_gitos.mbas,307 :: 		delay_ms(500)   'Retraso de 500ms
0x0394	0x300D      	MOVLW      13
0x0395	0x00FB      	MOVWF      R11
0x0396	0x30AF      	MOVLW      175
0x0397	0x00FC      	MOVWF      R12
0x0398	0x30B6      	MOVLW      182
0x0399	0x00FD      	MOVWF      R13
L__main170:
0x039A	0x0BFD      	DECFSZ     R13, 1
0x039B	0x2B9A      	GOTO       L__main170
0x039C	0x0BFC      	DECFSZ     R12, 1
0x039D	0x2B9A      	GOTO       L__main170
0x039E	0x0BFB      	DECFSZ     R11, 1
0x039F	0x2B9A      	GOTO       L__main170
0x03A0	0x0000      	NOP
;SelectCase_Procedimientos_ManejoDisplay4D_gitos.mbas,310 :: 		For contaaux = 0 to 9    'Inicio bucle for de 0 a 9
0x03A1	0x01A0      	CLRF       _contaaux
L__main172:
;SelectCase_Procedimientos_ManejoDisplay4D_gitos.mbas,311 :: 		digito = contaaux    'Definir el dato de una variable "contaaux" a la variable "digito"
0x03A2	0x0820      	MOVF       _contaaux, 0
0x03A3	0x00A3      	MOVWF      _digito
;SelectCase_Procedimientos_ManejoDisplay4D_gitos.mbas,312 :: 		numeros              'Llamar al procedimiento "numeros"
0x03A4	0x2053      	CALL       _numeros
;SelectCase_Procedimientos_ManejoDisplay4D_gitos.mbas,313 :: 		portd=0xF0           'Cerrar todos los transistores
0x03A5	0x30F0      	MOVLW      240
0x03A6	0x0088      	MOVWF      PORTD
;SelectCase_Procedimientos_ManejoDisplay4D_gitos.mbas,314 :: 		portb = dato         'Definir la variable dato al puerto b
0x03A7	0x0822      	MOVF       _dato, 0
0x03A8	0x0086      	MOVWF      PORTB
;SelectCase_Procedimientos_ManejoDisplay4D_gitos.mbas,315 :: 		delay_ms(500)        'Retraso de 500ms
0x03A9	0x300D      	MOVLW      13
0x03AA	0x00FB      	MOVWF      R11
0x03AB	0x30AF      	MOVLW      175
0x03AC	0x00FC      	MOVWF      R12
0x03AD	0x30B6      	MOVLW      182
0x03AE	0x00FD      	MOVWF      R13
L__main176:
0x03AF	0x0BFD      	DECFSZ     R13, 1
0x03B0	0x2BAF      	GOTO       L__main176
0x03B1	0x0BFC      	DECFSZ     R12, 1
0x03B2	0x2BAF      	GOTO       L__main176
0x03B3	0x0BFB      	DECFSZ     R11, 1
0x03B4	0x2BAF      	GOTO       L__main176
0x03B5	0x0000      	NOP
;SelectCase_Procedimientos_ManejoDisplay4D_gitos.mbas,316 :: 		next contaaux            'Fin bucle for
0x03B6	0x0820      	MOVF       _contaaux, 0
0x03B7	0x3A09      	XORLW      9
0x03B8	0x1903      	BTFSC      STATUS, 2
0x03B9	0x2BBC      	GOTO       L__main175
0x03BA	0x0AA0      	INCF       _contaaux, 1
0x03BB	0x2BA2      	GOTO       L__main172
L__main175:
;SelectCase_Procedimientos_ManejoDisplay4D_gitos.mbas,318 :: 		portd=0              'Apagar todos los displays
0x03BC	0x0188      	CLRF       PORTD
;SelectCase_Procedimientos_ManejoDisplay4D_gitos.mbas,319 :: 		delay_ms(500)        'Retraso de 500ms
0x03BD	0x300D      	MOVLW      13
0x03BE	0x00FB      	MOVWF      R11
0x03BF	0x30AF      	MOVLW      175
0x03C0	0x00FC      	MOVWF      R12
0x03C1	0x30B6      	MOVLW      182
0x03C2	0x00FD      	MOVWF      R13
L__main177:
0x03C3	0x0BFD      	DECFSZ     R13, 1
0x03C4	0x2BC3      	GOTO       L__main177
0x03C5	0x0BFC      	DECFSZ     R12, 1
0x03C6	0x2BC3      	GOTO       L__main177
0x03C7	0x0BFB      	DECFSZ     R11, 1
0x03C8	0x2BC3      	GOTO       L__main177
0x03C9	0x0000      	NOP
;SelectCase_Procedimientos_ManejoDisplay4D_gitos.mbas,321 :: 		wend  'Fin bucle infinito
0x03CA	0x28A6      	GOTO       L__main69
L_end_main:
0x03CB	0x2BCB      	GOTO       $+0
; end of _main
Symbol List:
//** Routines locations **
//ADDRESS    SIZE    PROCEDURE
//----------------------------------------------
0x0003      [80]    _letras
0x0053      [73]    _numeros
0x009C     [816]    _main
//** Variables locations ** 
//ADDRESS    SIZE    VARIABLE
//----------------------------------------------
0x0006       [1]    PORTB
0x0008       [1]    PORTD
0x0020       [1]    _contaaux
0x0021       [1]    _veces
0x0022       [1]    _dato
0x0023       [1]    _digito
0x0024       [1]    _caracter
0x0025       [2]    _conta3
0x0070       [1]    R0
0x0071       [1]    R1
0x0072       [1]    R2
0x0073       [1]    R3
0x0074       [1]    R4
0x0075       [1]    R5
0x0076       [1]    R6
0x0077       [1]    R7
0x0078       [1]    R8
0x0079       [1]    R9
0x007A       [1]    R10
0x007B       [1]    R11
0x007C       [1]    R12
0x007D       [1]    R13
0x007E       [1]    R14
0x007F       [1]    R15
0x0086       [1]    TRISB
0x0088       [1]    TRISD
0x0189       [1]    ANSELH
