;  LST file generated by mikroListExporter - v.2.0 
; Date/Time: 11/3/2025 15:35:37
;----------------------------------------------

;Address Opcode 	ASM
0x0000	0x2A4C      	GOTO       588
_Delay_1us:
;__Lib_Delays.mbas,29 :: 		sub procedure Delay_1us()
;__Lib_Delays.mbas,30 :: 		Delay_us(1)
0x0003	0x0000      	NOP
0x0004	0x0000      	NOP
0x0005	0x0000      	NOP
0x0006	0x0000      	NOP
0x0007	0x0000      	NOP
;__Lib_Delays.mbas,31 :: 		end sub
L_end_Delay_1us:
0x0008	0x0008      	RETURN
; end of _Delay_1us
_Delay_5500us:
;__Lib_Delays.mbas,53 :: 		sub procedure Delay_5500us()
;__Lib_Delays.mbas,54 :: 		Delay_us(5500)
0x0009	0x3024      	MOVLW      36
0x000A	0x1283      	BCF        STATUS, 5
0x000B	0x1303      	BCF        STATUS, 6
0x000C	0x00FC      	MOVWF      R12
0x000D	0x30B5      	MOVLW      181
0x000E	0x00FD      	MOVWF      R13
L__Delay_5500us13:
0x000F	0x0BFD      	DECFSZ     R13, 1
0x0010	0x280F      	GOTO       L__Delay_5500us13
0x0011	0x0BFC      	DECFSZ     R12, 1
0x0012	0x280F      	GOTO       L__Delay_5500us13
0x0013	0x0000      	NOP
0x0014	0x0000      	NOP
;__Lib_Delays.mbas,55 :: 		end sub
L_end_Delay_5500us:
0x0015	0x0008      	RETURN
; end of _Delay_5500us
_Delay_50us:
;__Lib_Delays.mbas,41 :: 		sub procedure Delay_50us()
;__Lib_Delays.mbas,42 :: 		Delay_us(50)
0x0016	0x3053      	MOVLW      83
0x0017	0x1283      	BCF        STATUS, 5
0x0018	0x1303      	BCF        STATUS, 6
0x0019	0x00FD      	MOVWF      R13
L__Delay_50us7:
0x001A	0x0BFD      	DECFSZ     R13, 1
0x001B	0x281A      	GOTO       L__Delay_50us7
;__Lib_Delays.mbas,43 :: 		end sub
L_end_Delay_50us:
0x001C	0x0008      	RETURN
; end of _Delay_50us
_Lcd_Cmd:
;__Lib_Lcd.mpas,33 :: 		
;__Lib_Lcd.mpas,34 :: 		
0x001D	0x1283      	BCF        STATUS, 5
0x001E	0x1303      	BCF        STATUS, 6
0x001F	0x1BD1      	BTFSC      FARG_Lcd_Cmd_out_char, 7
0x0020	0x2823      	GOTO       L__Lcd_Cmd46
0x0021	0x1187      	BCF        LCD_D7, BitPos(LCD_D7+0)
0x0022	0x2824      	GOTO       L__Lcd_Cmd47
L__Lcd_Cmd46:
0x0023	0x1587      	BSF        LCD_D7, BitPos(LCD_D7+0)
L__Lcd_Cmd47:
;__Lib_Lcd.mpas,35 :: 		
0x0024	0x1B51      	BTFSC      FARG_Lcd_Cmd_out_char, 6
0x0025	0x2828      	GOTO       L__Lcd_Cmd48
0x0026	0x1107      	BCF        LCD_D6, BitPos(LCD_D6+0)
0x0027	0x2829      	GOTO       L__Lcd_Cmd49
L__Lcd_Cmd48:
0x0028	0x1507      	BSF        LCD_D6, BitPos(LCD_D6+0)
L__Lcd_Cmd49:
;__Lib_Lcd.mpas,36 :: 		
0x0029	0x1AD1      	BTFSC      FARG_Lcd_Cmd_out_char, 5
0x002A	0x282D      	GOTO       L__Lcd_Cmd50
0x002B	0x1087      	BCF        LCD_D5, BitPos(LCD_D5+0)
0x002C	0x282E      	GOTO       L__Lcd_Cmd51
L__Lcd_Cmd50:
0x002D	0x1487      	BSF        LCD_D5, BitPos(LCD_D5+0)
L__Lcd_Cmd51:
;__Lib_Lcd.mpas,37 :: 		
0x002E	0x1A51      	BTFSC      FARG_Lcd_Cmd_out_char, 4
0x002F	0x2832      	GOTO       L__Lcd_Cmd52
0x0030	0x1007      	BCF        LCD_D4, BitPos(LCD_D4+0)
0x0031	0x2833      	GOTO       L__Lcd_Cmd53
L__Lcd_Cmd52:
0x0032	0x1407      	BSF        LCD_D4, BitPos(LCD_D4+0)
L__Lcd_Cmd53:
;__Lib_Lcd.mpas,39 :: 		
0x0033	0x1824      	BTFSC      __Lib_Lcd_cmd_status, BitPos(__Lib_Lcd_cmd_status+0)
0x0034	0x2837      	GOTO       L__Lcd_Cmd54
0x0035	0x1607      	BSF        LCD_RS, BitPos(LCD_RS+0)
0x0036	0x2838      	GOTO       L__Lcd_Cmd55
L__Lcd_Cmd54:
0x0037	0x1207      	BCF        LCD_RS, BitPos(LCD_RS+0)
L__Lcd_Cmd55:
;__Lib_Lcd.mpas,42 :: 		
0x0038	0x1687      	BSF        LCD_EN, BitPos(LCD_EN+0)
;__Lib_Lcd.mpas,43 :: 		
0x0039	0x2003      	CALL       _Delay_1us
;__Lib_Lcd.mpas,44 :: 		
0x003A	0x1287      	BCF        LCD_EN, BitPos(LCD_EN+0)
;__Lib_Lcd.mpas,47 :: 		
0x003B	0x19D1      	BTFSC      FARG_Lcd_Cmd_out_char, 3
0x003C	0x283F      	GOTO       L__Lcd_Cmd56
0x003D	0x1187      	BCF        LCD_D7, BitPos(LCD_D7+0)
0x003E	0x2840      	GOTO       L__Lcd_Cmd57
L__Lcd_Cmd56:
0x003F	0x1587      	BSF        LCD_D7, BitPos(LCD_D7+0)
L__Lcd_Cmd57:
;__Lib_Lcd.mpas,48 :: 		
0x0040	0x1951      	BTFSC      FARG_Lcd_Cmd_out_char, 2
0x0041	0x2844      	GOTO       L__Lcd_Cmd58
0x0042	0x1107      	BCF        LCD_D6, BitPos(LCD_D6+0)
0x0043	0x2845      	GOTO       L__Lcd_Cmd59
L__Lcd_Cmd58:
0x0044	0x1507      	BSF        LCD_D6, BitPos(LCD_D6+0)
L__Lcd_Cmd59:
;__Lib_Lcd.mpas,49 :: 		
0x0045	0x18D1      	BTFSC      FARG_Lcd_Cmd_out_char, 1
0x0046	0x2849      	GOTO       L__Lcd_Cmd60
0x0047	0x1087      	BCF        LCD_D5, BitPos(LCD_D5+0)
0x0048	0x284A      	GOTO       L__Lcd_Cmd61
L__Lcd_Cmd60:
0x0049	0x1487      	BSF        LCD_D5, BitPos(LCD_D5+0)
L__Lcd_Cmd61:
;__Lib_Lcd.mpas,50 :: 		
0x004A	0x1851      	BTFSC      FARG_Lcd_Cmd_out_char, 0
0x004B	0x284E      	GOTO       L__Lcd_Cmd62
0x004C	0x1007      	BCF        LCD_D4, BitPos(LCD_D4+0)
0x004D	0x284F      	GOTO       L__Lcd_Cmd63
L__Lcd_Cmd62:
0x004E	0x1407      	BSF        LCD_D4, BitPos(LCD_D4+0)
L__Lcd_Cmd63:
;__Lib_Lcd.mpas,52 :: 		
0x004F	0x1824      	BTFSC      __Lib_Lcd_cmd_status, BitPos(__Lib_Lcd_cmd_status+0)
0x0050	0x2853      	GOTO       L__Lcd_Cmd64
0x0051	0x1607      	BSF        LCD_RS, BitPos(LCD_RS+0)
0x0052	0x2854      	GOTO       L__Lcd_Cmd65
L__Lcd_Cmd64:
0x0053	0x1207      	BCF        LCD_RS, BitPos(LCD_RS+0)
L__Lcd_Cmd65:
;__Lib_Lcd.mpas,54 :: 		
0x0054	0x1687      	BSF        LCD_EN, BitPos(LCD_EN+0)
;__Lib_Lcd.mpas,55 :: 		
0x0055	0x2003      	CALL       _Delay_1us
;__Lib_Lcd.mpas,56 :: 		
0x0056	0x1287      	BCF        LCD_EN, BitPos(LCD_EN+0)
;__Lib_Lcd.mpas,58 :: 		
0x0057	0x1C24      	BTFSS      __Lib_Lcd_cmd_status, BitPos(__Lib_Lcd_cmd_status+0)
0x0058	0x285B      	GOTO       L__Lcd_Cmd2
;__Lib_Lcd.mpas,59 :: 		
0x0059	0x2009      	CALL       _Delay_5500us
0x005A	0x285C      	GOTO       L__Lcd_Cmd3
;__Lib_Lcd.mpas,60 :: 		
L__Lcd_Cmd2:
;__Lib_Lcd.mpas,61 :: 		
0x005B	0x2016      	CALL       _Delay_50us
L__Lcd_Cmd3:
;__Lib_Lcd.mpas,62 :: 		
L_end_Lcd_Cmd:
0x005C	0x0008      	RETURN
; end of _Lcd_Cmd
_Lcd_Chr_CP:
;__Lib_Lcd.mpas,65 :: 		
;__Lib_Lcd.mpas,66 :: 		
0x005D	0x1283      	BCF        STATUS, 5
0x005E	0x1303      	BCF        STATUS, 6
0x005F	0x1024      	BCF        __Lib_Lcd_cmd_status, BitPos(__Lib_Lcd_cmd_status+0)
;__Lib_Lcd.mpas,67 :: 		
0x0060	0x0850      	MOVF       FARG_Lcd_Chr_CP_Out_Char, 0
0x0061	0x00D1      	MOVWF      FARG_Lcd_Cmd_out_char
0x0062	0x201D      	CALL       _Lcd_Cmd
;__Lib_Lcd.mpas,68 :: 		
0x0063	0x1424      	BSF        __Lib_Lcd_cmd_status, BitPos(__Lib_Lcd_cmd_status+0)
;__Lib_Lcd.mpas,69 :: 		
L_end_Lcd_Chr_CP:
0x0064	0x0008      	RETURN
; end of _Lcd_Chr_CP
_Delay_10us:
;__Lib_Delays.mbas,33 :: 		sub procedure Delay_10us()
;__Lib_Delays.mbas,34 :: 		Delay_us(10)
0x0065	0x3010      	MOVLW      16
0x0066	0x1283      	BCF        STATUS, 5
0x0067	0x1303      	BCF        STATUS, 6
0x0068	0x00FD      	MOVWF      R13
L__Delay_10us3:
0x0069	0x0BFD      	DECFSZ     R13, 1
0x006A	0x2869      	GOTO       L__Delay_10us3
0x006B	0x0000      	NOP
;__Lib_Delays.mbas,35 :: 		end sub
L_end_Delay_10us:
0x006C	0x0008      	RETURN
; end of _Delay_10us
_Keypad_Key_Press:
;__Lib_Keypad4x4.mpas,47 :: 		
;__Lib_Keypad4x4.mpas,48 :: 		
0x006D	0x1283      	BCF        STATUS, 5
0x006E	0x1303      	BCF        STATUS, 6
0x006F	0x01CD      	CLRF       Keypad_Key_Press_loc
;__Lib_Keypad4x4.mpas,49 :: 		
0x0070	0x01CE      	CLRF       Keypad_Key_Press_rowcnt
;__Lib_Keypad4x4.mpas,50 :: 		
0x0071	0x3010      	MOVLW      16
0x0072	0x00CC      	MOVWF      Keypad_Key_Press_shifter
;__Lib_Keypad4x4.mpas,51 :: 		
0x0073	0x01CA      	CLRF       Keypad_Key_Press_local_result
;__Lib_Keypad4x4.mpas,53 :: 		
L__Keypad_Key_Press3:
0x0074	0x3004      	MOVLW      4
0x0075	0x024E      	SUBWF      Keypad_Key_Press_rowcnt, 0
0x0076	0x1803      	BTFSC      STATUS, 0
0x0077	0x28A4      	GOTO       L__Keypad_Key_Press4
;__Lib_Keypad4x4.mpas,55 :: 		
0x0078	0x30F0      	MOVLW      240
0x0079	0x0086      	MOVWF      keypadport
;__Lib_Keypad4x4.mpas,56 :: 		
0x007A	0x3006      	MOVLW      keypadport
0x007B	0x00CF      	MOVWF      Keypad_Key_Press_ptr
;__Lib_Keypad4x4.mpas,57 :: 		
0x007C	0x3080      	MOVLW      128
0x007D	0x074F      	ADDWF      Keypad_Key_Press_ptr, 0
0x007E	0x00F1      	MOVWF      R1
0x007F	0x0871      	MOVF       R1, 0
0x0080	0x00CF      	MOVWF      Keypad_Key_Press_ptr
;__Lib_Keypad4x4.mpas,58 :: 		
0x0081	0x094C      	COMF       Keypad_Key_Press_shifter, 0
0x0082	0x00F0      	MOVWF      R0
0x0083	0x0871      	MOVF       R1, 0
0x0084	0x0084      	MOVWF      FSR
0x0085	0x0870      	MOVF       R0, 0
0x0086	0x0080      	MOVWF      INDF
;__Lib_Keypad4x4.mpas,62 :: 		
0x0087	0x2003      	CALL       _Delay_1us
;__Lib_Keypad4x4.mpas,63 :: 		
0x0088	0x2003      	CALL       _Delay_1us
;__Lib_Keypad4x4.mpas,64 :: 		
0x0089	0x300F      	MOVLW      15
0x008A	0x0506      	ANDWF      keypadport, 0
0x008B	0x00F1      	MOVWF      R1
0x008C	0x0871      	MOVF       R1, 0
0x008D	0x00CB      	MOVWF      Keypad_Key_Press_kdata
;__Lib_Keypad4x4.mpas,66 :: 		
0x008E	0x0871      	MOVF       R1, 0
0x008F	0x3A00      	XORLW      0
0x0090	0x1903      	BTFSC      STATUS, 2
0x0091	0x289E      	GOTO       L__Keypad_Key_Press8
;__Lib_Keypad4x4.mpas,68 :: 		
0x0092	0x084D      	MOVF       Keypad_Key_Press_loc, 0
0x0093	0x00CA      	MOVWF      Keypad_Key_Press_local_result
;__Lib_Keypad4x4.mpas,70 :: 		
L__Keypad_Key_Press11:
0x0094	0x084B      	MOVF       Keypad_Key_Press_kdata, 0
0x0095	0x3A00      	XORLW      0
0x0096	0x1903      	BTFSC      STATUS, 2
0x0097	0x289C      	GOTO       L__Keypad_Key_Press12
;__Lib_Keypad4x4.mpas,72 :: 		
0x0098	0x0CCB      	RRF        Keypad_Key_Press_kdata, 1
0x0099	0x13CB      	BCF        Keypad_Key_Press_kdata, 7
;__Lib_Keypad4x4.mpas,73 :: 		
0x009A	0x0ACA      	INCF       Keypad_Key_Press_local_result, 1
;__Lib_Keypad4x4.mpas,74 :: 		
0x009B	0x2894      	GOTO       L__Keypad_Key_Press11
L__Keypad_Key_Press12:
;__Lib_Keypad4x4.mpas,76 :: 		
0x009C	0x3004      	MOVLW      4
0x009D	0x00CE      	MOVWF      Keypad_Key_Press_rowcnt
;__Lib_Keypad4x4.mpas,77 :: 		
L__Keypad_Key_Press8:
;__Lib_Keypad4x4.mpas,79 :: 		
0x009E	0x0DCC      	RLF        Keypad_Key_Press_shifter, 1
0x009F	0x104C      	BCF        Keypad_Key_Press_shifter, 0
;__Lib_Keypad4x4.mpas,80 :: 		
0x00A0	0x3004      	MOVLW      4
0x00A1	0x07CD      	ADDWF      Keypad_Key_Press_loc, 1
;__Lib_Keypad4x4.mpas,81 :: 		
0x00A2	0x0ACE      	INCF       Keypad_Key_Press_rowcnt, 1
;__Lib_Keypad4x4.mpas,82 :: 		
0x00A3	0x2874      	GOTO       L__Keypad_Key_Press3
L__Keypad_Key_Press4:
;__Lib_Keypad4x4.mpas,84 :: 		
0x00A4	0x084A      	MOVF       Keypad_Key_Press_local_result, 0
0x00A5	0x00F0      	MOVWF      R0
L_end_Keypad_Key_Press:
0x00A6	0x0008      	RETURN
; end of _Keypad_Key_Press
_Lcd_Out:
;__Lib_Lcd.mpas,207 :: 		
;__Lib_Lcd.mpas,210 :: 		
0x00A7	0x1283      	BCF        STATUS, 5
0x00A8	0x1303      	BCF        STATUS, 6
0x00A9	0x084A      	MOVF       FARG_Lcd_Out_row, 0
0x00AA	0x3A01      	XORLW      1
0x00AB	0x1D03      	BTFSS      STATUS, 2
0x00AC	0x28B0      	GOTO       L__Lcd_Out30
0x00AD	0x3080      	MOVLW      128
0x00AE	0x00CA      	MOVWF      FARG_Lcd_Out_row
0x00AF	0x28C7      	GOTO       L__Lcd_Out27
L__Lcd_Out30:
;__Lib_Lcd.mpas,211 :: 		
0x00B0	0x084A      	MOVF       FARG_Lcd_Out_row, 0
0x00B1	0x3A02      	XORLW      2
0x00B2	0x1D03      	BTFSS      STATUS, 2
0x00B3	0x28B7      	GOTO       L__Lcd_Out33
0x00B4	0x30C0      	MOVLW      192
0x00B5	0x00CA      	MOVWF      FARG_Lcd_Out_row
0x00B6	0x28C7      	GOTO       L__Lcd_Out27
L__Lcd_Out33:
;__Lib_Lcd.mpas,212 :: 		
0x00B7	0x084A      	MOVF       FARG_Lcd_Out_row, 0
0x00B8	0x3A03      	XORLW      3
0x00B9	0x1D03      	BTFSS      STATUS, 2
0x00BA	0x28BE      	GOTO       L__Lcd_Out36
0x00BB	0x3094      	MOVLW      148
0x00BC	0x00CA      	MOVWF      FARG_Lcd_Out_row
0x00BD	0x28C7      	GOTO       L__Lcd_Out27
L__Lcd_Out36:
;__Lib_Lcd.mpas,213 :: 		
0x00BE	0x084A      	MOVF       FARG_Lcd_Out_row, 0
0x00BF	0x3A04      	XORLW      4
0x00C0	0x1D03      	BTFSS      STATUS, 2
0x00C1	0x28C5      	GOTO       L__Lcd_Out39
0x00C2	0x30D4      	MOVLW      212
0x00C3	0x00CA      	MOVWF      FARG_Lcd_Out_row
;__Lib_Lcd.mpas,214 :: 		
0x00C4	0x28C7      	GOTO       L__Lcd_Out27
L__Lcd_Out39:
;__Lib_Lcd.mpas,215 :: 		
0x00C5	0x3080      	MOVLW      128
0x00C6	0x00CA      	MOVWF      FARG_Lcd_Out_row
L__Lcd_Out27:
;__Lib_Lcd.mpas,218 :: 		
0x00C7	0x034B      	DECF       FARG_Lcd_Out_column, 0
0x00C8	0x00F0      	MOVWF      R0
0x00C9	0x084A      	MOVF       FARG_Lcd_Out_row, 0
0x00CA	0x07F0      	ADDWF      R0, 1
0x00CB	0x0870      	MOVF       R0, 0
0x00CC	0x00CA      	MOVWF      FARG_Lcd_Out_row
;__Lib_Lcd.mpas,220 :: 		
0x00CD	0x0870      	MOVF       R0, 0
0x00CE	0x00D1      	MOVWF      FARG_Lcd_Cmd_out_char
0x00CF	0x201D      	CALL       _Lcd_Cmd
;__Lib_Lcd.mpas,221 :: 		
0x00D0	0x1024      	BCF        __Lib_Lcd_cmd_status, BitPos(__Lib_Lcd_cmd_status+0)
;__Lib_Lcd.mpas,222 :: 		
0x00D1	0x01CD      	CLRF       Lcd_Out_i
;__Lib_Lcd.mpas,223 :: 		
L__Lcd_Out41:
0x00D2	0x084D      	MOVF       Lcd_Out_i, 0
0x00D3	0x074C      	ADDWF      FARG_Lcd_Out_text, 0
0x00D4	0x0084      	MOVWF      FSR
0x00D5	0x0800      	MOVF       INDF, 0
0x00D6	0x3A00      	XORLW      0
0x00D7	0x1903      	BTFSC      STATUS, 2
0x00D8	0x28E1      	GOTO       L__Lcd_Out42
;__Lib_Lcd.mpas,225 :: 		
0x00D9	0x084D      	MOVF       Lcd_Out_i, 0
0x00DA	0x074C      	ADDWF      FARG_Lcd_Out_text, 0
0x00DB	0x0084      	MOVWF      FSR
0x00DC	0x0800      	MOVF       INDF, 0
0x00DD	0x00D0      	MOVWF      FARG_Lcd_Chr_CP_Out_Char
0x00DE	0x205D      	CALL       _Lcd_Chr_CP
;__Lib_Lcd.mpas,226 :: 		
0x00DF	0x0ACD      	INCF       Lcd_Out_i, 1
;__Lib_Lcd.mpas,227 :: 		
0x00E0	0x28D2      	GOTO       L__Lcd_Out41
L__Lcd_Out42:
;__Lib_Lcd.mpas,228 :: 		
0x00E1	0x1424      	BSF        __Lib_Lcd_cmd_status, BitPos(__Lib_Lcd_cmd_status+0)
;__Lib_Lcd.mpas,229 :: 		
L_end_Lcd_Out:
0x00E2	0x0008      	RETURN
; end of _Lcd_Out
_ingresoClave:
;Manejo_Teclado_LCD.mbas,40 :: 		sub procedure ingresoClave
;Manejo_Teclado_LCD.mbas,41 :: 		lcd_cmd(_lcd_clear)
0x00E3	0x3001      	MOVLW      1
0x00E4	0x1283      	BCF        STATUS, 5
0x00E5	0x1303      	BCF        STATUS, 6
0x00E6	0x00D1      	MOVWF      FARG_Lcd_Cmd_out_char
0x00E7	0x201D      	CALL       _Lcd_Cmd
;Manejo_Teclado_LCD.mbas,42 :: 		lcd_out(1,1,"CLAVE=")
0x00E8	0x3001      	MOVLW      1
0x00E9	0x00CA      	MOVWF      FARG_Lcd_Out_row
0x00EA	0x3001      	MOVLW      1
0x00EB	0x00CB      	MOVWF      FARG_Lcd_Out_column
0x00EC	0x3043      	MOVLW      67
0x00ED	0x00BA      	MOVWF      ?LocalText_ingresoClave
0x00EE	0x304C      	MOVLW      76
0x00EF	0x00BB      	MOVWF      ?LocalText_ingresoClave+1
0x00F0	0x3041      	MOVLW      65
0x00F1	0x00BC      	MOVWF      ?LocalText_ingresoClave+2
0x00F2	0x3056      	MOVLW      86
0x00F3	0x00BD      	MOVWF      ?LocalText_ingresoClave+3
0x00F4	0x3045      	MOVLW      69
0x00F5	0x00BE      	MOVWF      ?LocalText_ingresoClave+4
0x00F6	0x303D      	MOVLW      61
0x00F7	0x00BF      	MOVWF      ?LocalText_ingresoClave+5
0x00F8	0x01C0      	CLRF       ?LocalText_ingresoClave+6
0x00F9	0x303A      	MOVLW      ?LocalText_ingresoClave
0x00FA	0x00CC      	MOVWF      FARG_Lcd_Out_text
0x00FB	0x20A7      	CALL       _Lcd_Out
;Manejo_Teclado_LCD.mbas,43 :: 		end sub
L_end_ingresoClave:
0x00FC	0x0008      	RETURN
; end of _ingresoClave
_Keypad_Key_Click:
;__Lib_Keypad4x4.mpas,92 :: 		
;__Lib_Keypad4x4.mpas,94 :: 		
0x00FD	0x206D      	CALL       _Keypad_Key_Press
0x00FE	0x0870      	MOVF       R0, 0
0x00FF	0x00BA      	MOVWF      Keypad_Key_Click_local_result
;__Lib_Keypad4x4.mpas,97 :: 		
0x0100	0x3006      	MOVLW      keypadport
0x0101	0x00BC      	MOVWF      Keypad_Key_Click_ptr
;__Lib_Keypad4x4.mpas,98 :: 		
0x0102	0x083C      	MOVF       Keypad_Key_Click_ptr, 0
0x0103	0x0084      	MOVWF      FSR
0x0104	0x300F      	MOVLW      15
0x0105	0x0500      	ANDWF      INDF, 0
0x0106	0x00BB      	MOVWF      Keypad_Key_Click_temp
;__Lib_Keypad4x4.mpas,99 :: 		
L__Keypad_Key_Click17:
0x0107	0x083B      	MOVF       Keypad_Key_Click_temp, 0
0x0108	0x3A00      	XORLW      0
0x0109	0x1903      	BTFSC      STATUS, 2
0x010A	0x2912      	GOTO       L__Keypad_Key_Click18
;__Lib_Keypad4x4.mpas,101 :: 		
0x010B	0x2065      	CALL       _Delay_10us
;__Lib_Keypad4x4.mpas,102 :: 		
0x010C	0x083C      	MOVF       Keypad_Key_Click_ptr, 0
0x010D	0x0084      	MOVWF      FSR
0x010E	0x300F      	MOVLW      15
0x010F	0x0500      	ANDWF      INDF, 0
0x0110	0x00BB      	MOVWF      Keypad_Key_Click_temp
;__Lib_Keypad4x4.mpas,103 :: 		
0x0111	0x2907      	GOTO       L__Keypad_Key_Click17
L__Keypad_Key_Click18:
;__Lib_Keypad4x4.mpas,104 :: 		
0x0112	0x083A      	MOVF       Keypad_Key_Click_local_result, 0
0x0113	0x00F0      	MOVWF      R0
L_end_Keypad_Key_Click:
0x0114	0x0008      	RETURN
; end of _Keypad_Key_Click
_teclaA:
;Manejo_Teclado_LCD.mbas,53 :: 		sub procedure teclaA
;Manejo_Teclado_LCD.mbas,54 :: 		if tec = 4 then
0x0115	0x3000      	MOVLW      0
0x0116	0x1283      	BCF        STATUS, 5
0x0117	0x1303      	BCF        STATUS, 6
0x0118	0x0623      	XORWF      _tec+1, 0
0x0119	0x1D03      	BTFSS      STATUS, 2
0x011A	0x291D      	GOTO       L__teclaA123
0x011B	0x3004      	MOVLW      4
0x011C	0x0622      	XORWF      _tec, 0
L__teclaA123:
0x011D	0x1D03      	BTFSS      STATUS, 2
0x011E	0x2926      	GOTO       L__teclaA6
;Manejo_Teclado_LCD.mbas,55 :: 		led1 = not led1
0x011F	0x3002      	MOVLW      2
0x0120	0x06A4      	XORWF      _led1, 1
;Manejo_Teclado_LCD.mbas,56 :: 		if led1 = 1 then
0x0121	0x1CA4      	BTFSS      _led1, BitPos(_led1+0)
0x0122	0x2925      	GOTO       L__teclaA9
;Manejo_Teclado_LCD.mbas,57 :: 		portd.0 = 1
0x0123	0x1408      	BSF        PORTD, 0
0x0124	0x2926      	GOTO       L__teclaA10
;Manejo_Teclado_LCD.mbas,58 :: 		else
L__teclaA9:
;Manejo_Teclado_LCD.mbas,59 :: 		portd.0 = 0
0x0125	0x1008      	BCF        PORTD, 0
;Manejo_Teclado_LCD.mbas,60 :: 		end if
L__teclaA10:
L__teclaA6:
;Manejo_Teclado_LCD.mbas,62 :: 		end sub
L_end_teclaA:
0x0126	0x0008      	RETURN
; end of _teclaA
_menu:
;Manejo_Teclado_LCD.mbas,45 :: 		sub procedure menu
;Manejo_Teclado_LCD.mbas,46 :: 		clave_ingresada = 0
0x0127	0x1283      	BCF        STATUS, 5
0x0128	0x1303      	BCF        STATUS, 6
0x0129	0x01A7      	CLRF       _clave_ingresada
0x012A	0x01A8      	CLRF       _clave_ingresada+1
;Manejo_Teclado_LCD.mbas,47 :: 		lcd_cmd(_lcd_clear)
0x012B	0x3001      	MOVLW      1
0x012C	0x00D1      	MOVWF      FARG_Lcd_Cmd_out_char
0x012D	0x201D      	CALL       _Lcd_Cmd
;Manejo_Teclado_LCD.mbas,48 :: 		lcd_out(1,1,"A. L1     B. L2")
0x012E	0x3001      	MOVLW      1
0x012F	0x00CA      	MOVWF      FARG_Lcd_Out_row
0x0130	0x3001      	MOVLW      1
0x0131	0x00CB      	MOVWF      FARG_Lcd_Out_column
0x0132	0x3041      	MOVLW      65
0x0133	0x00BA      	MOVWF      ?LocalText_menu
0x0134	0x302E      	MOVLW      46
0x0135	0x00BB      	MOVWF      ?LocalText_menu+1
0x0136	0x3020      	MOVLW      32
0x0137	0x00BC      	MOVWF      ?LocalText_menu+2
0x0138	0x304C      	MOVLW      76
0x0139	0x00BD      	MOVWF      ?LocalText_menu+3
0x013A	0x3031      	MOVLW      49
0x013B	0x00BE      	MOVWF      ?LocalText_menu+4
0x013C	0x3020      	MOVLW      32
0x013D	0x00BF      	MOVWF      ?LocalText_menu+5
0x013E	0x3020      	MOVLW      32
0x013F	0x00C0      	MOVWF      ?LocalText_menu+6
0x0140	0x3020      	MOVLW      32
0x0141	0x00C1      	MOVWF      ?LocalText_menu+7
0x0142	0x3020      	MOVLW      32
0x0143	0x00C2      	MOVWF      ?LocalText_menu+8
0x0144	0x3020      	MOVLW      32
0x0145	0x00C3      	MOVWF      ?LocalText_menu+9
0x0146	0x3042      	MOVLW      66
0x0147	0x00C4      	MOVWF      ?LocalText_menu+10
0x0148	0x302E      	MOVLW      46
0x0149	0x00C5      	MOVWF      ?LocalText_menu+11
0x014A	0x3020      	MOVLW      32
0x014B	0x00C6      	MOVWF      ?LocalText_menu+12
0x014C	0x304C      	MOVLW      76
0x014D	0x00C7      	MOVWF      ?LocalText_menu+13
0x014E	0x3032      	MOVLW      50
0x014F	0x00C8      	MOVWF      ?LocalText_menu+14
0x0150	0x01C9      	CLRF       ?LocalText_menu+15
0x0151	0x303A      	MOVLW      ?LocalText_menu
0x0152	0x00CC      	MOVWF      FARG_Lcd_Out_text
0x0153	0x20A7      	CALL       _Lcd_Out
;Manejo_Teclado_LCD.mbas,49 :: 		led1 = 0
0x0154	0x10A4      	BCF        _led1, BitPos(_led1+0)
;Manejo_Teclado_LCD.mbas,50 :: 		led2 = 0
0x0155	0x1124      	BCF        _led2, BitPos(_led2+0)
;Manejo_Teclado_LCD.mbas,51 :: 		end sub
L_end_menu:
0x0156	0x0008      	RETURN
; end of _menu
_Keypad_Init:
;__Lib_Keypad4x4.mpas,38 :: 		
;__Lib_Keypad4x4.mpas,39 :: 		
0x0157	0x3080      	MOVLW      128
0x0158	0x1283      	BCF        STATUS, 5
0x0159	0x1303      	BCF        STATUS, 6
0x015A	0x00F0      	MOVWF      R0
0x015B	0x0870      	MOVF       R0, 0
0x015C	0x3E06      	ADDLW      keypadport
0x015D	0x0084      	MOVWF      FSR
;__Lib_Keypad4x4.mpas,40 :: 		
0x015E	0x30FF      	MOVLW      255
0x015F	0x0080      	MOVWF      INDF
;__Lib_Keypad4x4.mpas,41 :: 		
L_end_Keypad_Init:
0x0160	0x0008      	RETURN
; end of _Keypad_Init
_Mul_16x16_U:
;__Lib_Math.mpas,121 :: 		
;__Lib_Math.mpas,127 :: 		
0x0161	0x1283      	BCF        STATUS, 5
;__Lib_Math.mpas,128 :: 		
0x0162	0x1303      	BCF        STATUS, 6
;__Lib_Math.mpas,129 :: 		
0x0163	0x01FB      	CLRF       R11
;__Lib_Math.mpas,130 :: 		
0x0164	0x01FA      	CLRF       R10
;__Lib_Math.mpas,131 :: 		
0x0165	0x01F9      	CLRF       R9
;__Lib_Math.mpas,132 :: 		
0x0166	0x3080      	MOVLW      128
;__Lib_Math.mpas,133 :: 		
0x0167	0x00F8      	MOVWF      R8
;__Lib_Math.mpas,134 :: 		
0x0168	0x0CF1      	RRF        R1, 1
;__Lib_Math.mpas,135 :: 		
0x0169	0x0CF0      	RRF        R0, 1
;__Lib_Math.mpas,136 :: 		
0x016A	0x1C03      	BTFSS      STATUS, 0
;__Lib_Math.mpas,137 :: 		
0x016B	0x2975      	GOTO       $+10
;__Lib_Math.mpas,138 :: 		
0x016C	0x0874      	MOVF       R4, 0
;__Lib_Math.mpas,139 :: 		
0x016D	0x07F9      	ADDWF      R9, 1
;__Lib_Math.mpas,140 :: 		
0x016E	0x0875      	MOVF       R5, 0
;__Lib_Math.mpas,141 :: 		
0x016F	0x1803      	BTFSC      STATUS, 0
;__Lib_Math.mpas,142 :: 		
0x0170	0x0F75      	INCFSZ     R5, 0
;__Lib_Math.mpas,143 :: 		
0x0171	0x07FA      	ADDWF      R10, 1
;__Lib_Math.mpas,144 :: 		
0x0172	0x1803      	BTFSC      STATUS, 0
;__Lib_Math.mpas,145 :: 		
0x0173	0x0AFB      	INCF       R11, 1
;__Lib_Math.mpas,146 :: 		
0x0174	0x1003      	BCF        STATUS, 0
;__Lib_Math.mpas,147 :: 		
0x0175	0x1FF0      	BTFSS      R0, 7
;__Lib_Math.mpas,148 :: 		
0x0176	0x297D      	GOTO       $+7
;__Lib_Math.mpas,149 :: 		
0x0177	0x0874      	MOVF       R4, 0
;__Lib_Math.mpas,150 :: 		
0x0178	0x07FA      	ADDWF      R10, 1
;__Lib_Math.mpas,151 :: 		
0x0179	0x0875      	MOVF       R5, 0
;__Lib_Math.mpas,152 :: 		
0x017A	0x1803      	BTFSC      STATUS, 0
;__Lib_Math.mpas,153 :: 		
0x017B	0x0F75      	INCFSZ     R5, 0
;__Lib_Math.mpas,154 :: 		
0x017C	0x07FB      	ADDWF      R11, 1
;__Lib_Math.mpas,155 :: 		
0x017D	0x0CFB      	RRF        R11, 1
;__Lib_Math.mpas,156 :: 		
0x017E	0x0CFA      	RRF        R10, 1
;__Lib_Math.mpas,157 :: 		
0x017F	0x0CF9      	RRF        R9, 1
;__Lib_Math.mpas,158 :: 		
0x0180	0x0CF8      	RRF        R8, 1
;__Lib_Math.mpas,159 :: 		
0x0181	0x1C03      	BTFSS      STATUS, 0
;__Lib_Math.mpas,160 :: 		
0x0182	0x2968      	GOTO       $-26
;__Lib_Math.mpas,161 :: 		
0x0183	0x087B      	MOVF       R11, 0
;__Lib_Math.mpas,162 :: 		
0x0184	0x00F3      	MOVWF      R3
;__Lib_Math.mpas,163 :: 		
0x0185	0x087A      	MOVF       R10, 0
;__Lib_Math.mpas,164 :: 		
0x0186	0x00F2      	MOVWF      R2
;__Lib_Math.mpas,165 :: 		
0x0187	0x0879      	MOVF       R9, 0
;__Lib_Math.mpas,166 :: 		
0x0188	0x00F1      	MOVWF      R1
;__Lib_Math.mpas,167 :: 		
0x0189	0x0878      	MOVF       R8, 0
;__Lib_Math.mpas,168 :: 		
0x018A	0x00F0      	MOVWF      R0
;__Lib_Math.mpas,170 :: 		
L_end_Mul_16x16_U:
0x018B	0x0008      	RETURN
; end of _Mul_16x16_U
_correcta:
;Manejo_Teclado_LCD.mbas,75 :: 		sub procedure correcta
;Manejo_Teclado_LCD.mbas,76 :: 		for intentos = 1 to 2  ''Parpadeo de 2 veces los leds (Clave correcta)
0x018C	0x3001      	MOVLW      1
0x018D	0x1283      	BCF        STATUS, 5
0x018E	0x1303      	BCF        STATUS, 6
0x018F	0x00A5      	MOVWF      _intentos
0x0190	0x01A6      	CLRF       _intentos+1
L__correcta20:
;Manejo_Teclado_LCD.mbas,77 :: 		portd = 255
0x0191	0x30FF      	MOVLW      255
0x0192	0x0088      	MOVWF      PORTD
;Manejo_Teclado_LCD.mbas,78 :: 		pause
0x0193	0x300D      	MOVLW      13
0x0194	0x00FB      	MOVWF      R11
0x0195	0x30AF      	MOVLW      175
0x0196	0x00FC      	MOVWF      R12
0x0197	0x30B6      	MOVLW      182
0x0198	0x00FD      	MOVWF      R13
L__correcta24:
0x0199	0x0BFD      	DECFSZ     R13, 1
0x019A	0x2999      	GOTO       L__correcta24
0x019B	0x0BFC      	DECFSZ     R12, 1
0x019C	0x2999      	GOTO       L__correcta24
0x019D	0x0BFB      	DECFSZ     R11, 1
0x019E	0x2999      	GOTO       L__correcta24
0x019F	0x0000      	NOP
;Manejo_Teclado_LCD.mbas,79 :: 		portd = 0
0x01A0	0x0188      	CLRF       PORTD
;Manejo_Teclado_LCD.mbas,80 :: 		pause
0x01A1	0x300D      	MOVLW      13
0x01A2	0x00FB      	MOVWF      R11
0x01A3	0x30AF      	MOVLW      175
0x01A4	0x00FC      	MOVWF      R12
0x01A5	0x30B6      	MOVLW      182
0x01A6	0x00FD      	MOVWF      R13
L__correcta25:
0x01A7	0x0BFD      	DECFSZ     R13, 1
0x01A8	0x29A7      	GOTO       L__correcta25
0x01A9	0x0BFC      	DECFSZ     R12, 1
0x01AA	0x29A7      	GOTO       L__correcta25
0x01AB	0x0BFB      	DECFSZ     R11, 1
0x01AC	0x29A7      	GOTO       L__correcta25
0x01AD	0x0000      	NOP
;Manejo_Teclado_LCD.mbas,81 :: 		next intentos
0x01AE	0x3000      	MOVLW      0
0x01AF	0x0626      	XORWF      _intentos+1, 0
0x01B0	0x1D03      	BTFSS      STATUS, 2
0x01B1	0x29B4      	GOTO       L__correcta127
0x01B2	0x3002      	MOVLW      2
0x01B3	0x0625      	XORWF      _intentos, 0
L__correcta127:
0x01B4	0x1903      	BTFSC      STATUS, 2
0x01B5	0x29BA      	GOTO       L__correcta23
0x01B6	0x0AA5      	INCF       _intentos, 1
0x01B7	0x1903      	BTFSC      STATUS, 2
0x01B8	0x0AA6      	INCF       _intentos+1, 1
0x01B9	0x2991      	GOTO       L__correcta20
L__correcta23:
;Manejo_Teclado_LCD.mbas,82 :: 		end sub
L_end_correcta:
0x01BA	0x0008      	RETURN
; end of _correcta
_inicio:
;Manejo_Teclado_LCD.mbas,34 :: 		sub procedure inicio
;Manejo_Teclado_LCD.mbas,35 :: 		lcd_cmd(_lcd_clear)
0x01BB	0x3001      	MOVLW      1
0x01BC	0x1283      	BCF        STATUS, 5
0x01BD	0x1303      	BCF        STATUS, 6
0x01BE	0x00D1      	MOVWF      FARG_Lcd_Cmd_out_char
0x01BF	0x201D      	CALL       _Lcd_Cmd
;Manejo_Teclado_LCD.mbas,36 :: 		lcd_out(1,1,"SUMATIVA II")
0x01C0	0x3001      	MOVLW      1
0x01C1	0x00CA      	MOVWF      FARG_Lcd_Out_row
0x01C2	0x3001      	MOVLW      1
0x01C3	0x00CB      	MOVWF      FARG_Lcd_Out_column
0x01C4	0x3053      	MOVLW      83
0x01C5	0x00BA      	MOVWF      ?LocalText_inicio
0x01C6	0x3055      	MOVLW      85
0x01C7	0x00BB      	MOVWF      ?LocalText_inicio+1
0x01C8	0x304D      	MOVLW      77
0x01C9	0x00BC      	MOVWF      ?LocalText_inicio+2
0x01CA	0x3041      	MOVLW      65
0x01CB	0x00BD      	MOVWF      ?LocalText_inicio+3
0x01CC	0x3054      	MOVLW      84
0x01CD	0x00BE      	MOVWF      ?LocalText_inicio+4
0x01CE	0x3049      	MOVLW      73
0x01CF	0x00BF      	MOVWF      ?LocalText_inicio+5
0x01D0	0x3056      	MOVLW      86
0x01D1	0x00C0      	MOVWF      ?LocalText_inicio+6
0x01D2	0x3041      	MOVLW      65
0x01D3	0x00C1      	MOVWF      ?LocalText_inicio+7
0x01D4	0x3020      	MOVLW      32
0x01D5	0x00C2      	MOVWF      ?LocalText_inicio+8
0x01D6	0x3049      	MOVLW      73
0x01D7	0x00C3      	MOVWF      ?LocalText_inicio+9
0x01D8	0x3049      	MOVLW      73
0x01D9	0x00C4      	MOVWF      ?LocalText_inicio+10
0x01DA	0x01C5      	CLRF       ?LocalText_inicio+11
0x01DB	0x303A      	MOVLW      ?LocalText_inicio
0x01DC	0x00CC      	MOVWF      FARG_Lcd_Out_text
0x01DD	0x20A7      	CALL       _Lcd_Out
;Manejo_Teclado_LCD.mbas,37 :: 		delay_ms(1000)
0x01DE	0x301A      	MOVLW      26
0x01DF	0x00FB      	MOVWF      R11
0x01E0	0x305E      	MOVLW      94
0x01E1	0x00FC      	MOVWF      R12
0x01E2	0x306E      	MOVLW      110
0x01E3	0x00FD      	MOVWF      R13
L__inicio1:
0x01E4	0x0BFD      	DECFSZ     R13, 1
0x01E5	0x29E4      	GOTO       L__inicio1
0x01E6	0x0BFC      	DECFSZ     R12, 1
0x01E7	0x29E4      	GOTO       L__inicio1
0x01E8	0x0BFB      	DECFSZ     R11, 1
0x01E9	0x29E4      	GOTO       L__inicio1
0x01EA	0x0000      	NOP
;Manejo_Teclado_LCD.mbas,38 :: 		end sub
L_end_inicio:
0x01EB	0x0008      	RETURN
; end of _inicio
_teclaB:
;Manejo_Teclado_LCD.mbas,64 :: 		sub procedure teclaB
;Manejo_Teclado_LCD.mbas,65 :: 		if tec = 8 then
0x01EC	0x3000      	MOVLW      0
0x01ED	0x1283      	BCF        STATUS, 5
0x01EE	0x1303      	BCF        STATUS, 6
0x01EF	0x0623      	XORWF      _tec+1, 0
0x01F0	0x1D03      	BTFSS      STATUS, 2
0x01F1	0x29F4      	GOTO       L__teclaB125
0x01F2	0x3008      	MOVLW      8
0x01F3	0x0622      	XORWF      _tec, 0
L__teclaB125:
0x01F4	0x1D03      	BTFSS      STATUS, 2
0x01F5	0x29FD      	GOTO       L__teclaB13
;Manejo_Teclado_LCD.mbas,66 :: 		led2 = not led2
0x01F6	0x3004      	MOVLW      4
0x01F7	0x06A4      	XORWF      _led2, 1
;Manejo_Teclado_LCD.mbas,67 :: 		if led2 = 1 then
0x01F8	0x1D24      	BTFSS      _led2, BitPos(_led2+0)
0x01F9	0x29FC      	GOTO       L__teclaB16
;Manejo_Teclado_LCD.mbas,68 :: 		portd.1 = 1
0x01FA	0x1488      	BSF        PORTD, 1
0x01FB	0x29FD      	GOTO       L__teclaB17
;Manejo_Teclado_LCD.mbas,69 :: 		else
L__teclaB16:
;Manejo_Teclado_LCD.mbas,70 :: 		portd.1 = 0
0x01FC	0x1088      	BCF        PORTD, 1
;Manejo_Teclado_LCD.mbas,71 :: 		end if
L__teclaB17:
L__teclaB13:
;Manejo_Teclado_LCD.mbas,73 :: 		end sub
L_end_teclaB:
0x01FD	0x0008      	RETURN
; end of _teclaB
_Lcd_Init:
;__Lib_Lcd.mpas,104 :: 		
;__Lib_Lcd.mpas,106 :: 		
0x01FE	0x1683      	BSF        STATUS, 5
0x01FF	0x1303      	BCF        STATUS, 6
0x0200	0x1287      	BCF        LCD_EN_Direction, BitPos(LCD_EN_Direction+0)
;__Lib_Lcd.mpas,107 :: 		
0x0201	0x1207      	BCF        LCD_RS_Direction, BitPos(LCD_RS_Direction+0)
;__Lib_Lcd.mpas,108 :: 		
0x0202	0x1007      	BCF        LCD_D4_Direction, BitPos(LCD_D4_Direction+0)
;__Lib_Lcd.mpas,109 :: 		
0x0203	0x1087      	BCF        LCD_D5_Direction, BitPos(LCD_D5_Direction+0)
;__Lib_Lcd.mpas,110 :: 		
0x0204	0x1107      	BCF        LCD_D6_Direction, BitPos(LCD_D6_Direction+0)
;__Lib_Lcd.mpas,111 :: 		
0x0205	0x1187      	BCF        LCD_D7_Direction, BitPos(LCD_D7_Direction+0)
;__Lib_Lcd.mpas,113 :: 		
0x0206	0x1283      	BCF        STATUS, 5
0x0207	0x1287      	BCF        LCD_EN, BitPos(LCD_EN+0)
;__Lib_Lcd.mpas,114 :: 		
0x0208	0x1207      	BCF        LCD_RS, BitPos(LCD_RS+0)
;__Lib_Lcd.mpas,115 :: 		
0x0209	0x1187      	BCF        LCD_D7, BitPos(LCD_D7+0)
;__Lib_Lcd.mpas,116 :: 		
0x020A	0x1107      	BCF        LCD_D6, BitPos(LCD_D6+0)
;__Lib_Lcd.mpas,117 :: 		
0x020B	0x1087      	BCF        LCD_D5, BitPos(LCD_D5+0)
;__Lib_Lcd.mpas,118 :: 		
0x020C	0x1007      	BCF        LCD_D4, BitPos(LCD_D4+0)
;__Lib_Lcd.mpas,120 :: 		
0x020D	0x2009      	CALL       _Delay_5500us
;__Lib_Lcd.mpas,121 :: 		
0x020E	0x2009      	CALL       _Delay_5500us
;__Lib_Lcd.mpas,122 :: 		
0x020F	0x2009      	CALL       _Delay_5500us
;__Lib_Lcd.mpas,125 :: 		
0x0210	0x1487      	BSF        LCD_D5, BitPos(LCD_D5+0)
;__Lib_Lcd.mpas,126 :: 		
0x0211	0x1407      	BSF        LCD_D4, BitPos(LCD_D4+0)
;__Lib_Lcd.mpas,127 :: 		
0x0212	0x1687      	BSF        LCD_EN, BitPos(LCD_EN+0)
;__Lib_Lcd.mpas,128 :: 		
0x0213	0x2003      	CALL       _Delay_1us
;__Lib_Lcd.mpas,129 :: 		
0x0214	0x1287      	BCF        LCD_EN, BitPos(LCD_EN+0)
;__Lib_Lcd.mpas,130 :: 		
0x0215	0x2009      	CALL       _Delay_5500us
;__Lib_Lcd.mpas,132 :: 		
0x0216	0x1687      	BSF        LCD_EN, BitPos(LCD_EN+0)
;__Lib_Lcd.mpas,133 :: 		
0x0217	0x2003      	CALL       _Delay_1us
;__Lib_Lcd.mpas,134 :: 		
0x0218	0x1287      	BCF        LCD_EN, BitPos(LCD_EN+0)
;__Lib_Lcd.mpas,135 :: 		
0x0219	0x2009      	CALL       _Delay_5500us
;__Lib_Lcd.mpas,137 :: 		
0x021A	0x1687      	BSF        LCD_EN, BitPos(LCD_EN+0)
;__Lib_Lcd.mpas,138 :: 		
0x021B	0x2003      	CALL       _Delay_1us
;__Lib_Lcd.mpas,139 :: 		
0x021C	0x1287      	BCF        LCD_EN, BitPos(LCD_EN+0)
;__Lib_Lcd.mpas,140 :: 		
0x021D	0x2009      	CALL       _Delay_5500us
;__Lib_Lcd.mpas,143 :: 		
0x021E	0x1007      	BCF        LCD_D4, BitPos(LCD_D4+0)
;__Lib_Lcd.mpas,144 :: 		
0x021F	0x1687      	BSF        LCD_EN, BitPos(LCD_EN+0)
;__Lib_Lcd.mpas,145 :: 		
0x0220	0x2003      	CALL       _Delay_1us
;__Lib_Lcd.mpas,146 :: 		
0x0221	0x1287      	BCF        LCD_EN, BitPos(LCD_EN+0)
;__Lib_Lcd.mpas,147 :: 		
0x0222	0x2009      	CALL       _Delay_5500us
;__Lib_Lcd.mpas,150 :: 		
0x0223	0x1687      	BSF        LCD_EN, BitPos(LCD_EN+0)
;__Lib_Lcd.mpas,151 :: 		
0x0224	0x2003      	CALL       _Delay_1us
;__Lib_Lcd.mpas,152 :: 		
0x0225	0x1287      	BCF        LCD_EN, BitPos(LCD_EN+0)
;__Lib_Lcd.mpas,154 :: 		
0x0226	0x1087      	BCF        LCD_D5, BitPos(LCD_D5+0)
;__Lib_Lcd.mpas,155 :: 		
0x0227	0x1587      	BSF        LCD_D7, BitPos(LCD_D7+0)
;__Lib_Lcd.mpas,156 :: 		
0x0228	0x1687      	BSF        LCD_EN, BitPos(LCD_EN+0)
;__Lib_Lcd.mpas,157 :: 		
0x0229	0x2003      	CALL       _Delay_1us
;__Lib_Lcd.mpas,158 :: 		
0x022A	0x1287      	BCF        LCD_EN, BitPos(LCD_EN+0)
;__Lib_Lcd.mpas,159 :: 		
0x022B	0x2009      	CALL       _Delay_5500us
;__Lib_Lcd.mpas,162 :: 		
0x022C	0x1187      	BCF        LCD_D7, BitPos(LCD_D7+0)
;__Lib_Lcd.mpas,163 :: 		
0x022D	0x1407      	BSF        LCD_D4, BitPos(LCD_D4+0)
;__Lib_Lcd.mpas,164 :: 		
0x022E	0x1687      	BSF        LCD_EN, BitPos(LCD_EN+0)
;__Lib_Lcd.mpas,165 :: 		
0x022F	0x2003      	CALL       _Delay_1us
;__Lib_Lcd.mpas,166 :: 		
0x0230	0x1287      	BCF        LCD_EN, BitPos(LCD_EN+0)
;__Lib_Lcd.mpas,168 :: 		
0x0231	0x1007      	BCF        LCD_D4, BitPos(LCD_D4+0)
;__Lib_Lcd.mpas,169 :: 		
0x0232	0x1687      	BSF        LCD_EN, BitPos(LCD_EN+0)
;__Lib_Lcd.mpas,170 :: 		
0x0233	0x2003      	CALL       _Delay_1us
;__Lib_Lcd.mpas,171 :: 		
0x0234	0x1287      	BCF        LCD_EN, BitPos(LCD_EN+0)
;__Lib_Lcd.mpas,172 :: 		
0x0235	0x2009      	CALL       _Delay_5500us
;__Lib_Lcd.mpas,175 :: 		
0x0236	0x1687      	BSF        LCD_EN, BitPos(LCD_EN+0)
;__Lib_Lcd.mpas,176 :: 		
0x0237	0x2003      	CALL       _Delay_1us
;__Lib_Lcd.mpas,177 :: 		
0x0238	0x1287      	BCF        LCD_EN, BitPos(LCD_EN+0)
;__Lib_Lcd.mpas,179 :: 		
0x0239	0x1407      	BSF        LCD_D4, BitPos(LCD_D4+0)
;__Lib_Lcd.mpas,180 :: 		
0x023A	0x1687      	BSF        LCD_EN, BitPos(LCD_EN+0)
;__Lib_Lcd.mpas,181 :: 		
0x023B	0x2003      	CALL       _Delay_1us
;__Lib_Lcd.mpas,182 :: 		
0x023C	0x1287      	BCF        LCD_EN, BitPos(LCD_EN+0)
;__Lib_Lcd.mpas,183 :: 		
0x023D	0x2009      	CALL       _Delay_5500us
;__Lib_Lcd.mpas,186 :: 		
0x023E	0x1007      	BCF        LCD_D4, BitPos(LCD_D4+0)
;__Lib_Lcd.mpas,187 :: 		
0x023F	0x1687      	BSF        LCD_EN, BitPos(LCD_EN+0)
;__Lib_Lcd.mpas,188 :: 		
0x0240	0x2003      	CALL       _Delay_1us
;__Lib_Lcd.mpas,189 :: 		
0x0241	0x1287      	BCF        LCD_EN, BitPos(LCD_EN+0)
;__Lib_Lcd.mpas,191 :: 		
0x0242	0x1587      	BSF        LCD_D7, BitPos(LCD_D7+0)
;__Lib_Lcd.mpas,192 :: 		
0x0243	0x1507      	BSF        LCD_D6, BitPos(LCD_D6+0)
;__Lib_Lcd.mpas,193 :: 		
0x0244	0x1487      	BSF        LCD_D5, BitPos(LCD_D5+0)
;__Lib_Lcd.mpas,194 :: 		
0x0245	0x1407      	BSF        LCD_D4, BitPos(LCD_D4+0)
;__Lib_Lcd.mpas,195 :: 		
0x0246	0x1687      	BSF        LCD_EN, BitPos(LCD_EN+0)
;__Lib_Lcd.mpas,196 :: 		
0x0247	0x2003      	CALL       _Delay_1us
;__Lib_Lcd.mpas,197 :: 		
0x0248	0x1287      	BCF        LCD_EN, BitPos(LCD_EN+0)
;__Lib_Lcd.mpas,199 :: 		
0x0249	0x2009      	CALL       _Delay_5500us
;__Lib_Lcd.mpas,201 :: 		
0x024A	0x1424      	BSF        __Lib_Lcd_cmd_status, BitPos(__Lib_Lcd_cmd_status+0)
;__Lib_Lcd.mpas,202 :: 		
L_end_Lcd_Init:
0x024B	0x0008      	RETURN
; end of _Lcd_Init
_main:
;Manejo_Teclado_LCD.mbas,84 :: 		main:
;Manejo_Teclado_LCD.mbas,85 :: 		anselh = 0
0x024C	0x1683      	BSF        STATUS, 5
0x024D	0x1703      	BSF        STATUS, 6
0x024E	0x0189      	CLRF       ANSELH
;Manejo_Teclado_LCD.mbas,86 :: 		ansel = 0
0x024F	0x0188      	CLRF       ANSEL
;Manejo_Teclado_LCD.mbas,87 :: 		trisc = 0
0x0250	0x1303      	BCF        STATUS, 6
0x0251	0x0187      	CLRF       TRISC
;Manejo_Teclado_LCD.mbas,88 :: 		trisd = 0
0x0252	0x0188      	CLRF       TRISD
;Manejo_Teclado_LCD.mbas,89 :: 		portd = 0
0x0253	0x1283      	BCF        STATUS, 5
0x0254	0x0188      	CLRF       PORTD
;Manejo_Teclado_LCD.mbas,90 :: 		Lcd_Init()
0x0255	0x21FE      	CALL       _Lcd_Init
;Manejo_Teclado_LCD.mbas,91 :: 		keypad_init()
0x0256	0x2157      	CALL       _Keypad_Init
;Manejo_Teclado_LCD.mbas,94 :: 		inicio
0x0257	0x21BB      	CALL       _inicio
;Manejo_Teclado_LCD.mbas,97 :: 		ingresoClave
0x0258	0x20E3      	CALL       _ingresoClave
;Manejo_Teclado_LCD.mbas,98 :: 		clave_ingresada = 0
0x0259	0x01A7      	CLRF       _clave_ingresada
0x025A	0x01A8      	CLRF       _clave_ingresada+1
;Manejo_Teclado_LCD.mbas,99 :: 		intentos = 0
0x025B	0x01A5      	CLRF       _intentos
0x025C	0x01A6      	CLRF       _intentos+1
;Manejo_Teclado_LCD.mbas,101 :: 		Ingreso_Clave:
L__main_ingreso_clave:
;Manejo_Teclado_LCD.mbas,102 :: 		clave_ingresada = 0
0x025D	0x01A7      	CLRF       _clave_ingresada
0x025E	0x01A8      	CLRF       _clave_ingresada+1
;Manejo_Teclado_LCD.mbas,103 :: 		ingresoClave
0x025F	0x20E3      	CALL       _ingresoClave
;Manejo_Teclado_LCD.mbas,105 :: 		while 1
L__main29:
;Manejo_Teclado_LCD.mbas,106 :: 		tec = 0
0x0260	0x01A2      	CLRF       _tec
0x0261	0x01A3      	CLRF       _tec+1
;Manejo_Teclado_LCD.mbas,107 :: 		while tec = 0
L__main34:
0x0262	0x3000      	MOVLW      0
0x0263	0x0623      	XORWF      _tec+1, 0
0x0264	0x1D03      	BTFSS      STATUS, 2
0x0265	0x2A68      	GOTO       L__main129
0x0266	0x3000      	MOVLW      0
0x0267	0x0622      	XORWF      _tec, 0
L__main129:
0x0268	0x1D03      	BTFSS      STATUS, 2
0x0269	0x2A6F      	GOTO       L__main35
;Manejo_Teclado_LCD.mbas,108 :: 		tec = keypad_key_click()
0x026A	0x20FD      	CALL       _Keypad_Key_Click
0x026B	0x0870      	MOVF       R0, 0
0x026C	0x00A2      	MOVWF      _tec
0x026D	0x01A3      	CLRF       _tec+1
;Manejo_Teclado_LCD.mbas,109 :: 		wend
0x026E	0x2A62      	GOTO       L__main34
L__main35:
;Manejo_Teclado_LCD.mbas,112 :: 		case 1 valor = 1
0x026F	0x3000      	MOVLW      0
0x0270	0x0623      	XORWF      _tec+1, 0
0x0271	0x1D03      	BTFSS      STATUS, 2
0x0272	0x2A75      	GOTO       L__main130
0x0273	0x3001      	MOVLW      1
0x0274	0x0622      	XORWF      _tec, 0
L__main130:
0x0275	0x1D03      	BTFSS      STATUS, 2
0x0276	0x2A7B      	GOTO       L__main41
0x0277	0x3001      	MOVLW      1
0x0278	0x00A0      	MOVWF      _valor
0x0279	0x01A1      	CLRF       _valor+1
0x027A	0x2B2E      	GOTO       L__main38
L__main41:
;Manejo_Teclado_LCD.mbas,113 :: 		case 2 valor = 2
0x027B	0x3000      	MOVLW      0
0x027C	0x0623      	XORWF      _tec+1, 0
0x027D	0x1D03      	BTFSS      STATUS, 2
0x027E	0x2A81      	GOTO       L__main131
0x027F	0x3002      	MOVLW      2
0x0280	0x0622      	XORWF      _tec, 0
L__main131:
0x0281	0x1D03      	BTFSS      STATUS, 2
0x0282	0x2A87      	GOTO       L__main44
0x0283	0x3002      	MOVLW      2
0x0284	0x00A0      	MOVWF      _valor
0x0285	0x01A1      	CLRF       _valor+1
0x0286	0x2B2E      	GOTO       L__main38
L__main44:
;Manejo_Teclado_LCD.mbas,114 :: 		case 3 valor = 3
0x0287	0x3000      	MOVLW      0
0x0288	0x0623      	XORWF      _tec+1, 0
0x0289	0x1D03      	BTFSS      STATUS, 2
0x028A	0x2A8D      	GOTO       L__main132
0x028B	0x3003      	MOVLW      3
0x028C	0x0622      	XORWF      _tec, 0
L__main132:
0x028D	0x1D03      	BTFSS      STATUS, 2
0x028E	0x2A93      	GOTO       L__main47
0x028F	0x3003      	MOVLW      3
0x0290	0x00A0      	MOVWF      _valor
0x0291	0x01A1      	CLRF       _valor+1
0x0292	0x2B2E      	GOTO       L__main38
L__main47:
;Manejo_Teclado_LCD.mbas,115 :: 		case 4 valor = 65
0x0293	0x3000      	MOVLW      0
0x0294	0x0623      	XORWF      _tec+1, 0
0x0295	0x1D03      	BTFSS      STATUS, 2
0x0296	0x2A99      	GOTO       L__main133
0x0297	0x3004      	MOVLW      4
0x0298	0x0622      	XORWF      _tec, 0
L__main133:
0x0299	0x1D03      	BTFSS      STATUS, 2
0x029A	0x2A9F      	GOTO       L__main50
0x029B	0x3041      	MOVLW      65
0x029C	0x00A0      	MOVWF      _valor
0x029D	0x01A1      	CLRF       _valor+1
0x029E	0x2B2E      	GOTO       L__main38
L__main50:
;Manejo_Teclado_LCD.mbas,116 :: 		case 5 valor = 4
0x029F	0x3000      	MOVLW      0
0x02A0	0x0623      	XORWF      _tec+1, 0
0x02A1	0x1D03      	BTFSS      STATUS, 2
0x02A2	0x2AA5      	GOTO       L__main134
0x02A3	0x3005      	MOVLW      5
0x02A4	0x0622      	XORWF      _tec, 0
L__main134:
0x02A5	0x1D03      	BTFSS      STATUS, 2
0x02A6	0x2AAB      	GOTO       L__main53
0x02A7	0x3004      	MOVLW      4
0x02A8	0x00A0      	MOVWF      _valor
0x02A9	0x01A1      	CLRF       _valor+1
0x02AA	0x2B2E      	GOTO       L__main38
L__main53:
;Manejo_Teclado_LCD.mbas,117 :: 		case 6 valor = 5
0x02AB	0x3000      	MOVLW      0
0x02AC	0x0623      	XORWF      _tec+1, 0
0x02AD	0x1D03      	BTFSS      STATUS, 2
0x02AE	0x2AB1      	GOTO       L__main135
0x02AF	0x3006      	MOVLW      6
0x02B0	0x0622      	XORWF      _tec, 0
L__main135:
0x02B1	0x1D03      	BTFSS      STATUS, 2
0x02B2	0x2AB7      	GOTO       L__main56
0x02B3	0x3005      	MOVLW      5
0x02B4	0x00A0      	MOVWF      _valor
0x02B5	0x01A1      	CLRF       _valor+1
0x02B6	0x2B2E      	GOTO       L__main38
L__main56:
;Manejo_Teclado_LCD.mbas,118 :: 		case 7 valor = 6
0x02B7	0x3000      	MOVLW      0
0x02B8	0x0623      	XORWF      _tec+1, 0
0x02B9	0x1D03      	BTFSS      STATUS, 2
0x02BA	0x2ABD      	GOTO       L__main136
0x02BB	0x3007      	MOVLW      7
0x02BC	0x0622      	XORWF      _tec, 0
L__main136:
0x02BD	0x1D03      	BTFSS      STATUS, 2
0x02BE	0x2AC3      	GOTO       L__main59
0x02BF	0x3006      	MOVLW      6
0x02C0	0x00A0      	MOVWF      _valor
0x02C1	0x01A1      	CLRF       _valor+1
0x02C2	0x2B2E      	GOTO       L__main38
L__main59:
;Manejo_Teclado_LCD.mbas,119 :: 		case 8 valor = 66
0x02C3	0x3000      	MOVLW      0
0x02C4	0x0623      	XORWF      _tec+1, 0
0x02C5	0x1D03      	BTFSS      STATUS, 2
0x02C6	0x2AC9      	GOTO       L__main137
0x02C7	0x3008      	MOVLW      8
0x02C8	0x0622      	XORWF      _tec, 0
L__main137:
0x02C9	0x1D03      	BTFSS      STATUS, 2
0x02CA	0x2ACF      	GOTO       L__main62
0x02CB	0x3042      	MOVLW      66
0x02CC	0x00A0      	MOVWF      _valor
0x02CD	0x01A1      	CLRF       _valor+1
0x02CE	0x2B2E      	GOTO       L__main38
L__main62:
;Manejo_Teclado_LCD.mbas,120 :: 		case 9 valor = 7
0x02CF	0x3000      	MOVLW      0
0x02D0	0x0623      	XORWF      _tec+1, 0
0x02D1	0x1D03      	BTFSS      STATUS, 2
0x02D2	0x2AD5      	GOTO       L__main138
0x02D3	0x3009      	MOVLW      9
0x02D4	0x0622      	XORWF      _tec, 0
L__main138:
0x02D5	0x1D03      	BTFSS      STATUS, 2
0x02D6	0x2ADB      	GOTO       L__main65
0x02D7	0x3007      	MOVLW      7
0x02D8	0x00A0      	MOVWF      _valor
0x02D9	0x01A1      	CLRF       _valor+1
0x02DA	0x2B2E      	GOTO       L__main38
L__main65:
;Manejo_Teclado_LCD.mbas,121 :: 		case 10 valor = 8
0x02DB	0x3000      	MOVLW      0
0x02DC	0x0623      	XORWF      _tec+1, 0
0x02DD	0x1D03      	BTFSS      STATUS, 2
0x02DE	0x2AE1      	GOTO       L__main139
0x02DF	0x300A      	MOVLW      10
0x02E0	0x0622      	XORWF      _tec, 0
L__main139:
0x02E1	0x1D03      	BTFSS      STATUS, 2
0x02E2	0x2AE7      	GOTO       L__main68
0x02E3	0x3008      	MOVLW      8
0x02E4	0x00A0      	MOVWF      _valor
0x02E5	0x01A1      	CLRF       _valor+1
0x02E6	0x2B2E      	GOTO       L__main38
L__main68:
;Manejo_Teclado_LCD.mbas,122 :: 		case 11 valor = 9
0x02E7	0x3000      	MOVLW      0
0x02E8	0x0623      	XORWF      _tec+1, 0
0x02E9	0x1D03      	BTFSS      STATUS, 2
0x02EA	0x2AED      	GOTO       L__main140
0x02EB	0x300B      	MOVLW      11
0x02EC	0x0622      	XORWF      _tec, 0
L__main140:
0x02ED	0x1D03      	BTFSS      STATUS, 2
0x02EE	0x2AF3      	GOTO       L__main71
0x02EF	0x3009      	MOVLW      9
0x02F0	0x00A0      	MOVWF      _valor
0x02F1	0x01A1      	CLRF       _valor+1
0x02F2	0x2B2E      	GOTO       L__main38
L__main71:
;Manejo_Teclado_LCD.mbas,123 :: 		case 12 valor = 67
0x02F3	0x3000      	MOVLW      0
0x02F4	0x0623      	XORWF      _tec+1, 0
0x02F5	0x1D03      	BTFSS      STATUS, 2
0x02F6	0x2AF9      	GOTO       L__main141
0x02F7	0x300C      	MOVLW      12
0x02F8	0x0622      	XORWF      _tec, 0
L__main141:
0x02F9	0x1D03      	BTFSS      STATUS, 2
0x02FA	0x2AFF      	GOTO       L__main74
0x02FB	0x3043      	MOVLW      67
0x02FC	0x00A0      	MOVWF      _valor
0x02FD	0x01A1      	CLRF       _valor+1
0x02FE	0x2B2E      	GOTO       L__main38
L__main74:
;Manejo_Teclado_LCD.mbas,124 :: 		case 13 valor = 42 'Tecla * (Enter)
0x02FF	0x3000      	MOVLW      0
0x0300	0x0623      	XORWF      _tec+1, 0
0x0301	0x1D03      	BTFSS      STATUS, 2
0x0302	0x2B05      	GOTO       L__main142
0x0303	0x300D      	MOVLW      13
0x0304	0x0622      	XORWF      _tec, 0
L__main142:
0x0305	0x1D03      	BTFSS      STATUS, 2
0x0306	0x2B0B      	GOTO       L__main77
0x0307	0x302A      	MOVLW      42
0x0308	0x00A0      	MOVWF      _valor
0x0309	0x01A1      	CLRF       _valor+1
0x030A	0x2B2E      	GOTO       L__main38
L__main77:
;Manejo_Teclado_LCD.mbas,125 :: 		case 14 valor = 0
0x030B	0x3000      	MOVLW      0
0x030C	0x0623      	XORWF      _tec+1, 0
0x030D	0x1D03      	BTFSS      STATUS, 2
0x030E	0x2B11      	GOTO       L__main143
0x030F	0x300E      	MOVLW      14
0x0310	0x0622      	XORWF      _tec, 0
L__main143:
0x0311	0x1D03      	BTFSS      STATUS, 2
0x0312	0x2B16      	GOTO       L__main80
0x0313	0x01A0      	CLRF       _valor
0x0314	0x01A1      	CLRF       _valor+1
0x0315	0x2B2E      	GOTO       L__main38
L__main80:
;Manejo_Teclado_LCD.mbas,126 :: 		case 15 valor = 35
0x0316	0x3000      	MOVLW      0
0x0317	0x0623      	XORWF      _tec+1, 0
0x0318	0x1D03      	BTFSS      STATUS, 2
0x0319	0x2B1C      	GOTO       L__main144
0x031A	0x300F      	MOVLW      15
0x031B	0x0622      	XORWF      _tec, 0
L__main144:
0x031C	0x1D03      	BTFSS      STATUS, 2
0x031D	0x2B22      	GOTO       L__main83
0x031E	0x3023      	MOVLW      35
0x031F	0x00A0      	MOVWF      _valor
0x0320	0x01A1      	CLRF       _valor+1
0x0321	0x2B2E      	GOTO       L__main38
L__main83:
;Manejo_Teclado_LCD.mbas,127 :: 		case 16 valor = 68
0x0322	0x3000      	MOVLW      0
0x0323	0x0623      	XORWF      _tec+1, 0
0x0324	0x1D03      	BTFSS      STATUS, 2
0x0325	0x2B28      	GOTO       L__main145
0x0326	0x3010      	MOVLW      16
0x0327	0x0622      	XORWF      _tec, 0
L__main145:
0x0328	0x1D03      	BTFSS      STATUS, 2
0x0329	0x2B2E      	GOTO       L__main86
0x032A	0x3044      	MOVLW      68
0x032B	0x00A0      	MOVWF      _valor
0x032C	0x01A1      	CLRF       _valor+1
0x032D	0x2B2E      	GOTO       L__main38
L__main86:
L__main38:
;Manejo_Teclado_LCD.mbas,130 :: 		if valor < 10 then
0x032E	0x3000      	MOVLW      0
0x032F	0x0221      	SUBWF      _valor+1, 0
0x0330	0x1D03      	BTFSS      STATUS, 2
0x0331	0x2B34      	GOTO       L__main146
0x0332	0x300A      	MOVLW      10
0x0333	0x0220      	SUBWF      _valor, 0
L__main146:
0x0334	0x1803      	BTFSC      STATUS, 0
0x0335	0x2B4A      	GOTO       L__main88
;Manejo_Teclado_LCD.mbas,131 :: 		lcd_chr_cp(48 + valor)
0x0336	0x0820      	MOVF       _valor, 0
0x0337	0x3E30      	ADDLW      48
0x0338	0x00D0      	MOVWF      FARG_Lcd_Chr_CP_Out_Char
0x0339	0x205D      	CALL       _Lcd_Chr_CP
;Manejo_Teclado_LCD.mbas,132 :: 		clave_ingresada = clave_ingresada * 10 + valor
0x033A	0x0827      	MOVF       _clave_ingresada, 0
0x033B	0x00F0      	MOVWF      R0
0x033C	0x0828      	MOVF       _clave_ingresada+1, 0
0x033D	0x00F1      	MOVWF      R0+1
0x033E	0x300A      	MOVLW      10
0x033F	0x00F4      	MOVWF      R4
0x0340	0x01F5      	CLRF       R4+1
0x0341	0x2161      	CALL       _Mul_16x16_U
0x0342	0x0820      	MOVF       _valor, 0
0x0343	0x0770      	ADDWF      R0, 0
0x0344	0x00A7      	MOVWF      _clave_ingresada
0x0345	0x0871      	MOVF       R0+1, 0
0x0346	0x1803      	BTFSC      STATUS, 0
0x0347	0x3E01      	ADDLW      1
0x0348	0x0721      	ADDWF      _valor+1, 0
0x0349	0x00A8      	MOVWF      _clave_ingresada+1
L__main88:
;Manejo_Teclado_LCD.mbas,135 :: 		if valor = 42 then 'Comprobar la clave al presionar "*"
0x034A	0x3000      	MOVLW      0
0x034B	0x0621      	XORWF      _valor+1, 0
0x034C	0x1D03      	BTFSS      STATUS, 2
0x034D	0x2B50      	GOTO       L__main147
0x034E	0x302A      	MOVLW      42
0x034F	0x0620      	XORWF      _valor, 0
L__main147:
0x0350	0x1D03      	BTFSS      STATUS, 2
0x0351	0x2C0E      	GOTO       L__main91
;Manejo_Teclado_LCD.mbas,136 :: 		if clave_ingresada = CLAVE_CORRECTA then
0x0352	0x0828      	MOVF       _clave_ingresada+1, 0
0x0353	0x3A09      	XORLW      9
0x0354	0x1D03      	BTFSS      STATUS, 2
0x0355	0x2B58      	GOTO       L__main148
0x0356	0x3078      	MOVLW      120
0x0357	0x0627      	XORWF      _clave_ingresada, 0
L__main148:
0x0358	0x1D03      	BTFSS      STATUS, 2
0x0359	0x2B84      	GOTO       L__main94
;Manejo_Teclado_LCD.mbas,137 :: 		lcd_cmd(_lcd_clear)
0x035A	0x3001      	MOVLW      1
0x035B	0x00D1      	MOVWF      FARG_Lcd_Cmd_out_char
0x035C	0x201D      	CALL       _Lcd_Cmd
;Manejo_Teclado_LCD.mbas,138 :: 		lcd_out(1,1,"CORRECTO")
0x035D	0x3001      	MOVLW      1
0x035E	0x00CA      	MOVWF      FARG_Lcd_Out_row
0x035F	0x3001      	MOVLW      1
0x0360	0x00CB      	MOVWF      FARG_Lcd_Out_column
0x0361	0x3043      	MOVLW      67
0x0362	0x00A9      	MOVWF      ?LocalText_main
0x0363	0x304F      	MOVLW      79
0x0364	0x00AA      	MOVWF      ?LocalText_main+1
0x0365	0x3052      	MOVLW      82
0x0366	0x00AB      	MOVWF      ?LocalText_main+2
0x0367	0x3052      	MOVLW      82
0x0368	0x00AC      	MOVWF      ?LocalText_main+3
0x0369	0x3045      	MOVLW      69
0x036A	0x00AD      	MOVWF      ?LocalText_main+4
0x036B	0x3043      	MOVLW      67
0x036C	0x00AE      	MOVWF      ?LocalText_main+5
0x036D	0x3054      	MOVLW      84
0x036E	0x00AF      	MOVWF      ?LocalText_main+6
0x036F	0x304F      	MOVLW      79
0x0370	0x00B0      	MOVWF      ?LocalText_main+7
0x0371	0x01B1      	CLRF       ?LocalText_main+8
0x0372	0x3029      	MOVLW      ?LocalText_main
0x0373	0x00CC      	MOVWF      FARG_Lcd_Out_text
0x0374	0x20A7      	CALL       _Lcd_Out
;Manejo_Teclado_LCD.mbas,139 :: 		delay_ms(1000)
0x0375	0x301A      	MOVLW      26
0x0376	0x00FB      	MOVWF      R11
0x0377	0x305E      	MOVLW      94
0x0378	0x00FC      	MOVWF      R12
0x0379	0x306E      	MOVLW      110
0x037A	0x00FD      	MOVWF      R13
L__main96:
0x037B	0x0BFD      	DECFSZ     R13, 1
0x037C	0x2B7B      	GOTO       L__main96
0x037D	0x0BFC      	DECFSZ     R12, 1
0x037E	0x2B7B      	GOTO       L__main96
0x037F	0x0BFB      	DECFSZ     R11, 1
0x0380	0x2B7B      	GOTO       L__main96
0x0381	0x0000      	NOP
;Manejo_Teclado_LCD.mbas,141 :: 		correcta
0x0382	0x218C      	CALL       _correcta
;Manejo_Teclado_LCD.mbas,143 :: 		goto Menu
0x0383	0x2C0F      	GOTO       L__main_menu
;Manejo_Teclado_LCD.mbas,144 :: 		else
L__main94:
;Manejo_Teclado_LCD.mbas,145 :: 		intentos = intentos + 1
0x0384	0x0AA5      	INCF       _intentos, 1
0x0385	0x1903      	BTFSC      STATUS, 2
0x0386	0x0AA6      	INCF       _intentos+1, 1
;Manejo_Teclado_LCD.mbas,146 :: 		if intentos = 2 then
0x0387	0x3000      	MOVLW      0
0x0388	0x0626      	XORWF      _intentos+1, 0
0x0389	0x1D03      	BTFSS      STATUS, 2
0x038A	0x2B8D      	GOTO       L__main149
0x038B	0x3002      	MOVLW      2
0x038C	0x0625      	XORWF      _intentos, 0
L__main149:
0x038D	0x1D03      	BTFSS      STATUS, 2
0x038E	0x2BD5      	GOTO       L__main99
;Manejo_Teclado_LCD.mbas,148 :: 		while true  'Parpadeo infinito (Clave incorrecta)
L__main102:
;Manejo_Teclado_LCD.mbas,149 :: 		lcd_out(1,1,"INCORRECTO      ")
0x038F	0x3001      	MOVLW      1
0x0390	0x00CA      	MOVWF      FARG_Lcd_Out_row
0x0391	0x3001      	MOVLW      1
0x0392	0x00CB      	MOVWF      FARG_Lcd_Out_column
0x0393	0x3049      	MOVLW      73
0x0394	0x00A9      	MOVWF      ?LocalText_main
0x0395	0x304E      	MOVLW      78
0x0396	0x00AA      	MOVWF      ?LocalText_main+1
0x0397	0x3043      	MOVLW      67
0x0398	0x00AB      	MOVWF      ?LocalText_main+2
0x0399	0x304F      	MOVLW      79
0x039A	0x00AC      	MOVWF      ?LocalText_main+3
0x039B	0x3052      	MOVLW      82
0x039C	0x00AD      	MOVWF      ?LocalText_main+4
0x039D	0x3052      	MOVLW      82
0x039E	0x00AE      	MOVWF      ?LocalText_main+5
0x039F	0x3045      	MOVLW      69
0x03A0	0x00AF      	MOVWF      ?LocalText_main+6
0x03A1	0x3043      	MOVLW      67
0x03A2	0x00B0      	MOVWF      ?LocalText_main+7
0x03A3	0x3054      	MOVLW      84
0x03A4	0x00B1      	MOVWF      ?LocalText_main+8
0x03A5	0x304F      	MOVLW      79
0x03A6	0x00B2      	MOVWF      ?LocalText_main+9
0x03A7	0x3020      	MOVLW      32
0x03A8	0x00B3      	MOVWF      ?LocalText_main+10
0x03A9	0x3020      	MOVLW      32
0x03AA	0x00B4      	MOVWF      ?LocalText_main+11
0x03AB	0x3020      	MOVLW      32
0x03AC	0x00B5      	MOVWF      ?LocalText_main+12
0x03AD	0x3020      	MOVLW      32
0x03AE	0x00B6      	MOVWF      ?LocalText_main+13
0x03AF	0x3020      	MOVLW      32
0x03B0	0x00B7      	MOVWF      ?LocalText_main+14
0x03B1	0x3020      	MOVLW      32
0x03B2	0x00B8      	MOVWF      ?LocalText_main+15
0x03B3	0x01B9      	CLRF       ?LocalText_main+16
0x03B4	0x3029      	MOVLW      ?LocalText_main
0x03B5	0x00CC      	MOVWF      FARG_Lcd_Out_text
0x03B6	0x20A7      	CALL       _Lcd_Out
;Manejo_Teclado_LCD.mbas,150 :: 		portd = 255
0x03B7	0x30FF      	MOVLW      255
0x03B8	0x0088      	MOVWF      PORTD
;Manejo_Teclado_LCD.mbas,151 :: 		pause
0x03B9	0x300D      	MOVLW      13
0x03BA	0x00FB      	MOVWF      R11
0x03BB	0x30AF      	MOVLW      175
0x03BC	0x00FC      	MOVWF      R12
0x03BD	0x30B6      	MOVLW      182
0x03BE	0x00FD      	MOVWF      R13
L__main106:
0x03BF	0x0BFD      	DECFSZ     R13, 1
0x03C0	0x2BBF      	GOTO       L__main106
0x03C1	0x0BFC      	DECFSZ     R12, 1
0x03C2	0x2BBF      	GOTO       L__main106
0x03C3	0x0BFB      	DECFSZ     R11, 1
0x03C4	0x2BBF      	GOTO       L__main106
0x03C5	0x0000      	NOP
;Manejo_Teclado_LCD.mbas,152 :: 		portd = 0
0x03C6	0x0188      	CLRF       PORTD
;Manejo_Teclado_LCD.mbas,153 :: 		pause
0x03C7	0x300D      	MOVLW      13
0x03C8	0x00FB      	MOVWF      R11
0x03C9	0x30AF      	MOVLW      175
0x03CA	0x00FC      	MOVWF      R12
0x03CB	0x30B6      	MOVLW      182
0x03CC	0x00FD      	MOVWF      R13
L__main107:
0x03CD	0x0BFD      	DECFSZ     R13, 1
0x03CE	0x2BCD      	GOTO       L__main107
0x03CF	0x0BFC      	DECFSZ     R12, 1
0x03D0	0x2BCD      	GOTO       L__main107
0x03D1	0x0BFB      	DECFSZ     R11, 1
0x03D2	0x2BCD      	GOTO       L__main107
0x03D3	0x0000      	NOP
;Manejo_Teclado_LCD.mbas,154 :: 		wend
0x03D4	0x2B8F      	GOTO       L__main102
L__main99:
;Manejo_Teclado_LCD.mbas,156 :: 		lcd_cmd(_lcd_clear)
0x03D5	0x3001      	MOVLW      1
0x03D6	0x00D1      	MOVWF      FARG_Lcd_Cmd_out_char
0x03D7	0x201D      	CALL       _Lcd_Cmd
;Manejo_Teclado_LCD.mbas,157 :: 		lcd_out(1,1,"INCORRECTO      ")
0x03D8	0x3001      	MOVLW      1
0x03D9	0x00CA      	MOVWF      FARG_Lcd_Out_row
0x03DA	0x3001      	MOVLW      1
0x03DB	0x00CB      	MOVWF      FARG_Lcd_Out_column
0x03DC	0x3049      	MOVLW      73
0x03DD	0x00A9      	MOVWF      ?LocalText_main
0x03DE	0x304E      	MOVLW      78
0x03DF	0x00AA      	MOVWF      ?LocalText_main+1
0x03E0	0x3043      	MOVLW      67
0x03E1	0x00AB      	MOVWF      ?LocalText_main+2
0x03E2	0x304F      	MOVLW      79
0x03E3	0x00AC      	MOVWF      ?LocalText_main+3
0x03E4	0x3052      	MOVLW      82
0x03E5	0x00AD      	MOVWF      ?LocalText_main+4
0x03E6	0x3052      	MOVLW      82
0x03E7	0x00AE      	MOVWF      ?LocalText_main+5
0x03E8	0x3045      	MOVLW      69
0x03E9	0x00AF      	MOVWF      ?LocalText_main+6
0x03EA	0x3043      	MOVLW      67
0x03EB	0x00B0      	MOVWF      ?LocalText_main+7
0x03EC	0x3054      	MOVLW      84
0x03ED	0x00B1      	MOVWF      ?LocalText_main+8
0x03EE	0x304F      	MOVLW      79
0x03EF	0x00B2      	MOVWF      ?LocalText_main+9
0x03F0	0x3020      	MOVLW      32
0x03F1	0x00B3      	MOVWF      ?LocalText_main+10
0x03F2	0x3020      	MOVLW      32
0x03F3	0x00B4      	MOVWF      ?LocalText_main+11
0x03F4	0x3020      	MOVLW      32
0x03F5	0x00B5      	MOVWF      ?LocalText_main+12
0x03F6	0x3020      	MOVLW      32
0x03F7	0x00B6      	MOVWF      ?LocalText_main+13
0x03F8	0x3020      	MOVLW      32
0x03F9	0x00B7      	MOVWF      ?LocalText_main+14
0x03FA	0x3020      	MOVLW      32
0x03FB	0x00B8      	MOVWF      ?LocalText_main+15
0x03FC	0x01B9      	CLRF       ?LocalText_main+16
0x03FD	0x3029      	MOVLW      ?LocalText_main
0x03FE	0x00CC      	MOVWF      FARG_Lcd_Out_text
0x03FF	0x20A7      	CALL       _Lcd_Out
;Manejo_Teclado_LCD.mbas,158 :: 		delay_ms(1000)
0x0400	0x301A      	MOVLW      26
0x0401	0x00FB      	MOVWF      R11
0x0402	0x305E      	MOVLW      94
0x0403	0x00FC      	MOVWF      R12
0x0404	0x306E      	MOVLW      110
0x0405	0x00FD      	MOVWF      R13
L__main108:
0x0406	0x0BFD      	DECFSZ     R13, 1
0x0407	0x2C06      	GOTO       L__main108
0x0408	0x0BFC      	DECFSZ     R12, 1
0x0409	0x2C06      	GOTO       L__main108
0x040A	0x0BFB      	DECFSZ     R11, 1
0x040B	0x2C06      	GOTO       L__main108
0x040C	0x0000      	NOP
;Manejo_Teclado_LCD.mbas,159 :: 		goto Ingreso_Clave
0x040D	0x2A5D      	GOTO       L__main_ingreso_clave
;Manejo_Teclado_LCD.mbas,160 :: 		end if
L__main91:
;Manejo_Teclado_LCD.mbas,162 :: 		wend
0x040E	0x2A60      	GOTO       L__main29
;Manejo_Teclado_LCD.mbas,164 :: 		Menu:
L__main_menu:
;Manejo_Teclado_LCD.mbas,165 :: 		menu
0x040F	0x2127      	CALL       _menu
;Manejo_Teclado_LCD.mbas,168 :: 		while 1
L__main110:
;Manejo_Teclado_LCD.mbas,169 :: 		tec = 0
0x0410	0x01A2      	CLRF       _tec
0x0411	0x01A3      	CLRF       _tec+1
;Manejo_Teclado_LCD.mbas,170 :: 		while tec = 0
L__main115:
0x0412	0x3000      	MOVLW      0
0x0413	0x0623      	XORWF      _tec+1, 0
0x0414	0x1D03      	BTFSS      STATUS, 2
0x0415	0x2C18      	GOTO       L__main150
0x0416	0x3000      	MOVLW      0
0x0417	0x0622      	XORWF      _tec, 0
L__main150:
0x0418	0x1D03      	BTFSS      STATUS, 2
0x0419	0x2C1F      	GOTO       L__main116
;Manejo_Teclado_LCD.mbas,171 :: 		tec = keypad_key_click()
0x041A	0x20FD      	CALL       _Keypad_Key_Click
0x041B	0x0870      	MOVF       R0, 0
0x041C	0x00A2      	MOVWF      _tec
0x041D	0x01A3      	CLRF       _tec+1
;Manejo_Teclado_LCD.mbas,172 :: 		wend
0x041E	0x2C12      	GOTO       L__main115
L__main116:
;Manejo_Teclado_LCD.mbas,173 :: 		teclaA
0x041F	0x2115      	CALL       _teclaA
;Manejo_Teclado_LCD.mbas,174 :: 		teclaB
0x0420	0x21EC      	CALL       _teclaB
;Manejo_Teclado_LCD.mbas,175 :: 		wend
0x0421	0x2C10      	GOTO       L__main110
L_end_main:
0x0422	0x2C22      	GOTO       $+0
; end of _main
Symbol List:
//** Routines locations **
//ADDRESS    SIZE    PROCEDURE
//----------------------------------------------
0x0003       [6]    _Delay_1us
0x0009      [13]    _Delay_5500us
0x0016       [7]    _Delay_50us
0x001D      [64]    _Lcd_Cmd
0x005D       [8]    _Lcd_Chr_CP
0x0065       [8]    _Delay_10us
0x006D      [58]    _Keypad_Key_Press
0x00A7      [60]    _Lcd_Out
0x00E3      [26]    _ingresoClave
0x00FD      [24]    _Keypad_Key_Click
0x0115      [18]    _teclaA
0x0127      [48]    _menu
0x0157      [10]    _Keypad_Init
0x0161      [43]    _Mul_16x16_U
0x018C      [47]    _correcta
0x01BB      [49]    _inicio
0x01EC      [18]    _teclaB
0x01FE      [78]    _Lcd_Init
0x024C     [471]    _main
//** Variables locations ** 
//ADDRESS    SIZE    VARIABLE
//----------------------------------------------
0x0003       [1]    STATUS
0x0006       [1]    keypadport
0x0006       [1]    PORTB
0x0007       [0]    LCD_D4
0x0007       [0]    RC1_bit
0x0007       [0]    LCD_EN
0x0007       [0]    LCD_D5
0x0007       [0]    LCD_D7
0x0007       [0]    RC0_bit
0x0007       [0]    LCD_D6
0x0007       [0]    RC5_bit
0x0007       [0]    RC2_bit
0x0007       [0]    LCD_RS
0x0007       [0]    RC4_bit
0x0007       [0]    RC3_bit
0x0008       [1]    PORTD
0x0020       [2]    _valor
0x0022       [2]    _tec
0x0024       [0]    _led2
0x0024       [0]    _led1
0x0024       [0]    __Lib_Lcd_cmd_status
0x0025       [2]    _intentos
0x0027       [2]    _clave_ingresada
0x0029      [17]    ?LocalText_main
0x003A      [12]    ?LocalText_inicio
0x003A       [1]    Keypad_Key_Click_local_result
0x003A      [16]    ?LocalText_menu
0x003A       [7]    ?LocalText_ingresoClave
0x003B       [1]    Keypad_Key_Click_temp
0x003C       [1]    Keypad_Key_Click_ptr
0x004A       [1]    FARG_Lcd_Out_row
0x004A       [1]    Keypad_Key_Press_local_result
0x004B       [1]    Keypad_Key_Press_kdata
0x004B       [1]    FARG_Lcd_Out_column
0x004C       [1]    FARG_Lcd_Out_text
0x004C       [1]    Keypad_Key_Press_shifter
0x004D       [1]    Lcd_Out_i
0x004D       [1]    Keypad_Key_Press_loc
0x004E       [1]    Keypad_Key_Press_rowcnt
0x004F       [1]    Keypad_Key_Press_ptr
0x0050       [1]    FARG_Lcd_Chr_CP_Out_Char
0x0051       [1]    FARG_Lcd_Cmd_out_char
0x0070       [1]    R0
0x0071       [1]    R1
0x0072       [1]    R2
0x0073       [1]    R3
0x0074       [1]    R4
0x0075       [1]    R5
0x0076       [1]    R6
0x0077       [1]    R7
0x0078       [1]    R8
0x0079       [1]    R9
0x007A       [1]    R10
0x007B       [1]    R11
0x007C       [1]    R12
0x007D       [1]    R13
0x007E       [1]    R14
0x007F       [1]    R15
0x0087       [1]    TRISC
0x0087       [0]    LCD_D6_Direction
0x0087       [0]    LCD_D4_Direction
0x0087       [0]    LCD_D5_Direction
0x0087       [0]    LCD_RS_Direction
0x0087       [0]    LCD_EN_Direction
0x0087       [0]    LCD_D7_Direction
0x0087       [0]    TRISC2_bit
0x0087       [0]    TRISC3_bit
0x0087       [0]    TRISC0_bit
0x0087       [0]    TRISC1_bit
0x0087       [0]    TRISC5_bit
0x0087       [0]    TRISC4_bit
0x0088       [1]    TRISD
0x0188       [1]    ANSEL
0x0189       [1]    ANSELH
