;  LST file generated by mikroListExporter - v.2.0 
; Date/Time: 12/1/2025 23:49:05
;----------------------------------------------

;Address Opcode 	ASM
0x0000	0x280A      	GOTO       10
_____DoICP:
;__Lib_System.mpas,25 :: 		
;__Lib_System.mpas,26 :: 		
0x0003	0x1283      	BCF        STATUS, 5
0x0004	0x1303      	BCF        STATUS, 6
0x0005	0x0821      	MOVF       ___DoICPAddr+1, 0
0x0006	0x008A      	MOVWF      PCLATH
;__Lib_System.mpas,27 :: 		
0x0007	0x0820      	MOVF       ___DoICPAddr, 0
0x0008	0x0082      	MOVWF      PCL
;__Lib_System.mpas,28 :: 		
L_end_____DoICP:
0x0009	0x0008      	RETURN
; end of _____DoICP
_main:
;Propeller.mbas,44 :: 		main:
;Propeller.mbas,45 :: 		anselh = 0   'Puerto B como digital
0x000A	0x1683      	BSF        STATUS, 5
0x000B	0x1703      	BSF        STATUS, 6
0x000C	0x0189      	CLRF       ANSELH
;Propeller.mbas,46 :: 		trisb = 255  'Puerto B como entrada (pulsantes)
0x000D	0x30FF      	MOVLW      255
0x000E	0x0086      	MOVWF      TRISB
;Propeller.mbas,47 :: 		trisd = 0    'Puerto D como salida
0x000F	0x1303      	BCF        STATUS, 6
0x0010	0x0188      	CLRF       TRISD
;Propeller.mbas,48 :: 		portd = 0    'Puerto D empieza en 0
0x0011	0x1283      	BCF        STATUS, 5
0x0012	0x0188      	CLRF       PORTD
;Propeller.mbas,51 :: 		while(1)
L__main2:
;Propeller.mbas,53 :: 		for repet = 0 to 7
0x0013	0x01A3      	CLRF       _repet
L__main7:
;Propeller.mbas,54 :: 		portd = 255
0x0014	0x30FF      	MOVLW      255
0x0015	0x0088      	MOVWF      PORTD
;Propeller.mbas,55 :: 		pausep
0x0016	0x3008      	MOVLW      8
0x0017	0x00FB      	MOVWF      R11
0x0018	0x309D      	MOVLW      157
0x0019	0x00FC      	MOVWF      R12
0x001A	0x3005      	MOVLW      5
0x001B	0x00FD      	MOVWF      R13
L__main11:
0x001C	0x0BFD      	DECFSZ     R13, 1
0x001D	0x281C      	GOTO       L__main11
0x001E	0x0BFC      	DECFSZ     R12, 1
0x001F	0x281C      	GOTO       L__main11
0x0020	0x0BFB      	DECFSZ     R11, 1
0x0021	0x281C      	GOTO       L__main11
0x0022	0x0000      	NOP
0x0023	0x0000      	NOP
;Propeller.mbas,56 :: 		portd = 0  'Se apagan leds
0x0024	0x0188      	CLRF       PORTD
;Propeller.mbas,57 :: 		pausep
0x0025	0x3008      	MOVLW      8
0x0026	0x00FB      	MOVWF      R11
0x0027	0x309D      	MOVLW      157
0x0028	0x00FC      	MOVWF      R12
0x0029	0x3005      	MOVLW      5
0x002A	0x00FD      	MOVWF      R13
L__main12:
0x002B	0x0BFD      	DECFSZ     R13, 1
0x002C	0x282B      	GOTO       L__main12
0x002D	0x0BFC      	DECFSZ     R12, 1
0x002E	0x282B      	GOTO       L__main12
0x002F	0x0BFB      	DECFSZ     R11, 1
0x0030	0x282B      	GOTO       L__main12
0x0031	0x0000      	NOP
0x0032	0x0000      	NOP
;Propeller.mbas,58 :: 		next repet
0x0033	0x0823      	MOVF       _repet, 0
0x0034	0x3A07      	XORLW      7
0x0035	0x1903      	BTFSC      STATUS, 2
0x0036	0x2839      	GOTO       L__main10
0x0037	0x0AA3      	INCF       _repet, 1
0x0038	0x2814      	GOTO       L__main7
L__main10:
;Propeller.mbas,62 :: 		for repet = 0 to 255
0x0039	0x01A3      	CLRF       _repet
L__main14:
;Propeller.mbas,63 :: 		for veces = 0 to 4
0x003A	0x01A2      	CLRF       _veces
L__main19:
;Propeller.mbas,64 :: 		portd = h[veces]  'Se visualiza la letra H "[veces]" indica la posición de la letra (cada letra tiene 5 posiciones)
0x003B	0x0822      	MOVF       _veces, 0
0x003C	0x3E9C      	ADDLW      _h
0x003D	0x00F0      	MOVWF      R0
0x003E	0x3004      	MOVLW      hi_addr(_h)
0x003F	0x1803      	BTFSC      STATUS, 0
0x0040	0x3E01      	ADDLW      1
0x0041	0x00F1      	MOVWF      R0+1
0x0042	0x0870      	MOVF       R0, 0
0x0043	0x00A0      	MOVWF      ___DoICPAddr
0x0044	0x0871      	MOVF       R0+1, 0
0x0045	0x00A1      	MOVWF      ___DoICPAddr+1
0x0046	0x2003      	CALL       _____DoICP
0x0047	0x118A      	BCF        PCLATH, 3
0x0048	0x120A      	BCF        PCLATH, 4
0x0049	0x0088      	MOVWF      PORTD
;Propeller.mbas,65 :: 		pause
0x004A	0x300D      	MOVLW      13
0x004B	0x00FC      	MOVWF      R12
0x004C	0x30FB      	MOVLW      251
0x004D	0x00FD      	MOVWF      R13
L__main23:
0x004E	0x0BFD      	DECFSZ     R13, 1
0x004F	0x284E      	GOTO       L__main23
0x0050	0x0BFC      	DECFSZ     R12, 1
0x0051	0x284E      	GOTO       L__main23
0x0052	0x0000      	NOP
0x0053	0x0000      	NOP
;Propeller.mbas,66 :: 		next veces
0x0054	0x0822      	MOVF       _veces, 0
0x0055	0x3A04      	XORLW      4
0x0056	0x1903      	BTFSC      STATUS, 2
0x0057	0x285A      	GOTO       L__main22
0x0058	0x0AA2      	INCF       _veces, 1
0x0059	0x283B      	GOTO       L__main19
L__main22:
;Propeller.mbas,68 :: 		portd = 0 'Se apagan leds
0x005A	0x0188      	CLRF       PORTD
;Propeller.mbas,69 :: 		pause1
0x005B	0x3014      	MOVLW      20
0x005C	0x00FC      	MOVWF      R12
0x005D	0x3079      	MOVLW      121
0x005E	0x00FD      	MOVWF      R13
L__main24:
0x005F	0x0BFD      	DECFSZ     R13, 1
0x0060	0x285F      	GOTO       L__main24
0x0061	0x0BFC      	DECFSZ     R12, 1
0x0062	0x285F      	GOTO       L__main24
0x0063	0x0000      	NOP
0x0064	0x0000      	NOP
;Propeller.mbas,71 :: 		for veces = 0 to 4
0x0065	0x01A2      	CLRF       _veces
L__main26:
;Propeller.mbas,72 :: 		portd = o[veces] 'Se visualiza la letra O "[veces]" indica la posición de la letra (cada letra tiene 5 posiciones)
0x0066	0x0822      	MOVF       _veces, 0
0x0067	0x3E97      	ADDLW      _o
0x0068	0x00F0      	MOVWF      R0
0x0069	0x3004      	MOVLW      hi_addr(_o)
0x006A	0x1803      	BTFSC      STATUS, 0
0x006B	0x3E01      	ADDLW      1
0x006C	0x00F1      	MOVWF      R0+1
0x006D	0x0870      	MOVF       R0, 0
0x006E	0x00A0      	MOVWF      ___DoICPAddr
0x006F	0x0871      	MOVF       R0+1, 0
0x0070	0x00A1      	MOVWF      ___DoICPAddr+1
0x0071	0x2003      	CALL       _____DoICP
0x0072	0x118A      	BCF        PCLATH, 3
0x0073	0x120A      	BCF        PCLATH, 4
0x0074	0x0088      	MOVWF      PORTD
;Propeller.mbas,73 :: 		pause
0x0075	0x300D      	MOVLW      13
0x0076	0x00FC      	MOVWF      R12
0x0077	0x30FB      	MOVLW      251
0x0078	0x00FD      	MOVWF      R13
L__main30:
0x0079	0x0BFD      	DECFSZ     R13, 1
0x007A	0x2879      	GOTO       L__main30
0x007B	0x0BFC      	DECFSZ     R12, 1
0x007C	0x2879      	GOTO       L__main30
0x007D	0x0000      	NOP
0x007E	0x0000      	NOP
;Propeller.mbas,74 :: 		next veces
0x007F	0x0822      	MOVF       _veces, 0
0x0080	0x3A04      	XORLW      4
0x0081	0x1903      	BTFSC      STATUS, 2
0x0082	0x2885      	GOTO       L__main29
0x0083	0x0AA2      	INCF       _veces, 1
0x0084	0x2866      	GOTO       L__main26
L__main29:
;Propeller.mbas,76 :: 		portd = 0 'Se apagan leds
0x0085	0x0188      	CLRF       PORTD
;Propeller.mbas,77 :: 		pause1
0x0086	0x3014      	MOVLW      20
0x0087	0x00FC      	MOVWF      R12
0x0088	0x3079      	MOVLW      121
0x0089	0x00FD      	MOVWF      R13
L__main31:
0x008A	0x0BFD      	DECFSZ     R13, 1
0x008B	0x288A      	GOTO       L__main31
0x008C	0x0BFC      	DECFSZ     R12, 1
0x008D	0x288A      	GOTO       L__main31
0x008E	0x0000      	NOP
0x008F	0x0000      	NOP
;Propeller.mbas,79 :: 		for veces = 0 to 4
0x0090	0x01A2      	CLRF       _veces
L__main33:
;Propeller.mbas,80 :: 		portd = l[veces] 'Se visualiza la letra L "[veces]" indica la posición de la letra (cada letra tiene 5 posiciones)
0x0091	0x0822      	MOVF       _veces, 0
0x0092	0x3E92      	ADDLW      _l
0x0093	0x00F0      	MOVWF      R0
0x0094	0x3004      	MOVLW      hi_addr(_l)
0x0095	0x1803      	BTFSC      STATUS, 0
0x0096	0x3E01      	ADDLW      1
0x0097	0x00F1      	MOVWF      R0+1
0x0098	0x0870      	MOVF       R0, 0
0x0099	0x00A0      	MOVWF      ___DoICPAddr
0x009A	0x0871      	MOVF       R0+1, 0
0x009B	0x00A1      	MOVWF      ___DoICPAddr+1
0x009C	0x2003      	CALL       _____DoICP
0x009D	0x118A      	BCF        PCLATH, 3
0x009E	0x120A      	BCF        PCLATH, 4
0x009F	0x0088      	MOVWF      PORTD
;Propeller.mbas,81 :: 		pause
0x00A0	0x300D      	MOVLW      13
0x00A1	0x00FC      	MOVWF      R12
0x00A2	0x30FB      	MOVLW      251
0x00A3	0x00FD      	MOVWF      R13
L__main37:
0x00A4	0x0BFD      	DECFSZ     R13, 1
0x00A5	0x28A4      	GOTO       L__main37
0x00A6	0x0BFC      	DECFSZ     R12, 1
0x00A7	0x28A4      	GOTO       L__main37
0x00A8	0x0000      	NOP
0x00A9	0x0000      	NOP
;Propeller.mbas,82 :: 		next veces
0x00AA	0x0822      	MOVF       _veces, 0
0x00AB	0x3A04      	XORLW      4
0x00AC	0x1903      	BTFSC      STATUS, 2
0x00AD	0x28B0      	GOTO       L__main36
0x00AE	0x0AA2      	INCF       _veces, 1
0x00AF	0x2891      	GOTO       L__main33
L__main36:
;Propeller.mbas,84 :: 		portd = 0 'Se apagan leds
0x00B0	0x0188      	CLRF       PORTD
;Propeller.mbas,85 :: 		pause1
0x00B1	0x3014      	MOVLW      20
0x00B2	0x00FC      	MOVWF      R12
0x00B3	0x3079      	MOVLW      121
0x00B4	0x00FD      	MOVWF      R13
L__main38:
0x00B5	0x0BFD      	DECFSZ     R13, 1
0x00B6	0x28B5      	GOTO       L__main38
0x00B7	0x0BFC      	DECFSZ     R12, 1
0x00B8	0x28B5      	GOTO       L__main38
0x00B9	0x0000      	NOP
0x00BA	0x0000      	NOP
;Propeller.mbas,87 :: 		for veces = 0 to 4
0x00BB	0x01A2      	CLRF       _veces
L__main40:
;Propeller.mbas,88 :: 		portd = a[veces] 'Se visualiza la letra A "[veces]" indica la posición de la letra (cada letra tiene 5 posiciones)
0x00BC	0x0822      	MOVF       _veces, 0
0x00BD	0x3EA1      	ADDLW      _a
0x00BE	0x00F0      	MOVWF      R0
0x00BF	0x3004      	MOVLW      hi_addr(_a)
0x00C0	0x1803      	BTFSC      STATUS, 0
0x00C1	0x3E01      	ADDLW      1
0x00C2	0x00F1      	MOVWF      R0+1
0x00C3	0x0870      	MOVF       R0, 0
0x00C4	0x00A0      	MOVWF      ___DoICPAddr
0x00C5	0x0871      	MOVF       R0+1, 0
0x00C6	0x00A1      	MOVWF      ___DoICPAddr+1
0x00C7	0x2003      	CALL       _____DoICP
0x00C8	0x118A      	BCF        PCLATH, 3
0x00C9	0x120A      	BCF        PCLATH, 4
0x00CA	0x0088      	MOVWF      PORTD
;Propeller.mbas,89 :: 		pause
0x00CB	0x300D      	MOVLW      13
0x00CC	0x00FC      	MOVWF      R12
0x00CD	0x30FB      	MOVLW      251
0x00CE	0x00FD      	MOVWF      R13
L__main44:
0x00CF	0x0BFD      	DECFSZ     R13, 1
0x00D0	0x28CF      	GOTO       L__main44
0x00D1	0x0BFC      	DECFSZ     R12, 1
0x00D2	0x28CF      	GOTO       L__main44
0x00D3	0x0000      	NOP
0x00D4	0x0000      	NOP
;Propeller.mbas,90 :: 		next veces
0x00D5	0x0822      	MOVF       _veces, 0
0x00D6	0x3A04      	XORLW      4
0x00D7	0x1903      	BTFSC      STATUS, 2
0x00D8	0x28DB      	GOTO       L__main43
0x00D9	0x0AA2      	INCF       _veces, 1
0x00DA	0x28BC      	GOTO       L__main40
L__main43:
;Propeller.mbas,93 :: 		portd = 0 'Se apagan leds
0x00DB	0x0188      	CLRF       PORTD
;Propeller.mbas,94 :: 		pause15
0x00DC	0x30A3      	MOVLW      163
0x00DD	0x00FC      	MOVWF      R12
0x00DE	0x3055      	MOVLW      85
0x00DF	0x00FD      	MOVWF      R13
L__main45:
0x00E0	0x0BFD      	DECFSZ     R13, 1
0x00E1	0x28E0      	GOTO       L__main45
0x00E2	0x0BFC      	DECFSZ     R12, 1
0x00E3	0x28E0      	GOTO       L__main45
;Propeller.mbas,96 :: 		next repet
0x00E4	0x0823      	MOVF       _repet, 0
0x00E5	0x3AFF      	XORLW      255
0x00E6	0x1903      	BTFSC      STATUS, 2
0x00E7	0x28EA      	GOTO       L__main17
0x00E8	0x0AA3      	INCF       _repet, 1
0x00E9	0x283A      	GOTO       L__main14
L__main17:
;Propeller.mbas,97 :: 		portd = 0 'Se apagan leds
0x00EA	0x0188      	CLRF       PORTD
;Propeller.mbas,98 :: 		pausec 'Pause entre palabra y palabra
0x00EB	0x300D      	MOVLW      13
0x00EC	0x00FB      	MOVWF      R11
0x00ED	0x30AF      	MOVLW      175
0x00EE	0x00FC      	MOVWF      R12
0x00EF	0x30B6      	MOVLW      182
0x00F0	0x00FD      	MOVWF      R13
L__main46:
0x00F1	0x0BFD      	DECFSZ     R13, 1
0x00F2	0x28F1      	GOTO       L__main46
0x00F3	0x0BFC      	DECFSZ     R12, 1
0x00F4	0x28F1      	GOTO       L__main46
0x00F5	0x0BFB      	DECFSZ     R11, 1
0x00F6	0x28F1      	GOTO       L__main46
0x00F7	0x0000      	NOP
;Propeller.mbas,101 :: 		for repet = 0 to 255
0x00F8	0x01A3      	CLRF       _repet
L__main48:
;Propeller.mbas,103 :: 		for veces = 0 to 4
0x00F9	0x01A2      	CLRF       _veces
L__main53:
;Propeller.mbas,104 :: 		portd = u [veces]   'Se visualiza la letra U "[veces]" indica la posición de la letra (cada letra tiene 5 posiciones)
0x00FA	0x0822      	MOVF       _veces, 0
0x00FB	0x3EB0      	ADDLW      _u
0x00FC	0x00F0      	MOVWF      R0
0x00FD	0x3004      	MOVLW      hi_addr(_u)
0x00FE	0x1803      	BTFSC      STATUS, 0
0x00FF	0x3E01      	ADDLW      1
0x0100	0x00F1      	MOVWF      R0+1
0x0101	0x0870      	MOVF       R0, 0
0x0102	0x00A0      	MOVWF      ___DoICPAddr
0x0103	0x0871      	MOVF       R0+1, 0
0x0104	0x00A1      	MOVWF      ___DoICPAddr+1
0x0105	0x2003      	CALL       _____DoICP
0x0106	0x118A      	BCF        PCLATH, 3
0x0107	0x120A      	BCF        PCLATH, 4
0x0108	0x0088      	MOVWF      PORTD
;Propeller.mbas,105 :: 		pause
0x0109	0x300D      	MOVLW      13
0x010A	0x00FC      	MOVWF      R12
0x010B	0x30FB      	MOVLW      251
0x010C	0x00FD      	MOVWF      R13
L__main57:
0x010D	0x0BFD      	DECFSZ     R13, 1
0x010E	0x290D      	GOTO       L__main57
0x010F	0x0BFC      	DECFSZ     R12, 1
0x0110	0x290D      	GOTO       L__main57
0x0111	0x0000      	NOP
0x0112	0x0000      	NOP
;Propeller.mbas,106 :: 		next veces
0x0113	0x0822      	MOVF       _veces, 0
0x0114	0x3A04      	XORLW      4
0x0115	0x1903      	BTFSC      STATUS, 2
0x0116	0x2919      	GOTO       L__main56
0x0117	0x0AA2      	INCF       _veces, 1
0x0118	0x28FA      	GOTO       L__main53
L__main56:
;Propeller.mbas,108 :: 		portd = 0 'Se apagan leds
0x0119	0x0188      	CLRF       PORTD
;Propeller.mbas,109 :: 		pause1
0x011A	0x3014      	MOVLW      20
0x011B	0x00FC      	MOVWF      R12
0x011C	0x3079      	MOVLW      121
0x011D	0x00FD      	MOVWF      R13
L__main58:
0x011E	0x0BFD      	DECFSZ     R13, 1
0x011F	0x291E      	GOTO       L__main58
0x0120	0x0BFC      	DECFSZ     R12, 1
0x0121	0x291E      	GOTO       L__main58
0x0122	0x0000      	NOP
0x0123	0x0000      	NOP
;Propeller.mbas,111 :: 		for veces = 0 to 4
0x0124	0x01A2      	CLRF       _veces
L__main60:
;Propeller.mbas,112 :: 		portd = ee [veces]   ''Se visualiza la letra E "[veces]" indica la posición de la letra (cada letra tiene 5 posiciones)
0x0125	0x0822      	MOVF       _veces, 0
0x0126	0x3EAB      	ADDLW      _ee
0x0127	0x00F0      	MOVWF      R0
0x0128	0x3004      	MOVLW      hi_addr(_ee)
0x0129	0x1803      	BTFSC      STATUS, 0
0x012A	0x3E01      	ADDLW      1
0x012B	0x00F1      	MOVWF      R0+1
0x012C	0x0870      	MOVF       R0, 0
0x012D	0x00A0      	MOVWF      ___DoICPAddr
0x012E	0x0871      	MOVF       R0+1, 0
0x012F	0x00A1      	MOVWF      ___DoICPAddr+1
0x0130	0x2003      	CALL       _____DoICP
0x0131	0x118A      	BCF        PCLATH, 3
0x0132	0x120A      	BCF        PCLATH, 4
0x0133	0x0088      	MOVWF      PORTD
;Propeller.mbas,113 :: 		pause
0x0134	0x300D      	MOVLW      13
0x0135	0x00FC      	MOVWF      R12
0x0136	0x30FB      	MOVLW      251
0x0137	0x00FD      	MOVWF      R13
L__main64:
0x0138	0x0BFD      	DECFSZ     R13, 1
0x0139	0x2938      	GOTO       L__main64
0x013A	0x0BFC      	DECFSZ     R12, 1
0x013B	0x2938      	GOTO       L__main64
0x013C	0x0000      	NOP
0x013D	0x0000      	NOP
;Propeller.mbas,114 :: 		next veces
0x013E	0x0822      	MOVF       _veces, 0
0x013F	0x3A04      	XORLW      4
0x0140	0x1903      	BTFSC      STATUS, 2
0x0141	0x2944      	GOTO       L__main63
0x0142	0x0AA2      	INCF       _veces, 1
0x0143	0x2925      	GOTO       L__main60
L__main63:
;Propeller.mbas,116 :: 		portd = 0 'Se apagan leds
0x0144	0x0188      	CLRF       PORTD
;Propeller.mbas,117 :: 		pause1
0x0145	0x3014      	MOVLW      20
0x0146	0x00FC      	MOVWF      R12
0x0147	0x3079      	MOVLW      121
0x0148	0x00FD      	MOVWF      R13
L__main65:
0x0149	0x0BFD      	DECFSZ     R13, 1
0x014A	0x2949      	GOTO       L__main65
0x014B	0x0BFC      	DECFSZ     R12, 1
0x014C	0x2949      	GOTO       L__main65
0x014D	0x0000      	NOP
0x014E	0x0000      	NOP
;Propeller.mbas,119 :: 		for veces = 0 to 4
0x014F	0x01A2      	CLRF       _veces
L__main67:
;Propeller.mbas,120 :: 		portd = t [veces]    'Se visualiza la letra T "[veces]" indica la posición de la letra (cada letra tiene 5 posiciones)
0x0150	0x0822      	MOVF       _veces, 0
0x0151	0x3EA6      	ADDLW      _t
0x0152	0x00F0      	MOVWF      R0
0x0153	0x3004      	MOVLW      hi_addr(_t)
0x0154	0x1803      	BTFSC      STATUS, 0
0x0155	0x3E01      	ADDLW      1
0x0156	0x00F1      	MOVWF      R0+1
0x0157	0x0870      	MOVF       R0, 0
0x0158	0x00A0      	MOVWF      ___DoICPAddr
0x0159	0x0871      	MOVF       R0+1, 0
0x015A	0x00A1      	MOVWF      ___DoICPAddr+1
0x015B	0x2003      	CALL       _____DoICP
0x015C	0x118A      	BCF        PCLATH, 3
0x015D	0x120A      	BCF        PCLATH, 4
0x015E	0x0088      	MOVWF      PORTD
;Propeller.mbas,121 :: 		pause
0x015F	0x300D      	MOVLW      13
0x0160	0x00FC      	MOVWF      R12
0x0161	0x30FB      	MOVLW      251
0x0162	0x00FD      	MOVWF      R13
L__main71:
0x0163	0x0BFD      	DECFSZ     R13, 1
0x0164	0x2963      	GOTO       L__main71
0x0165	0x0BFC      	DECFSZ     R12, 1
0x0166	0x2963      	GOTO       L__main71
0x0167	0x0000      	NOP
0x0168	0x0000      	NOP
;Propeller.mbas,122 :: 		next veces
0x0169	0x0822      	MOVF       _veces, 0
0x016A	0x3A04      	XORLW      4
0x016B	0x1903      	BTFSC      STATUS, 2
0x016C	0x296F      	GOTO       L__main70
0x016D	0x0AA2      	INCF       _veces, 1
0x016E	0x2950      	GOTO       L__main67
L__main70:
;Propeller.mbas,124 :: 		portd = 0 'Se apagan leds
0x016F	0x0188      	CLRF       PORTD
;Propeller.mbas,125 :: 		pause1
0x0170	0x3014      	MOVLW      20
0x0171	0x00FC      	MOVWF      R12
0x0172	0x3079      	MOVLW      121
0x0173	0x00FD      	MOVWF      R13
L__main72:
0x0174	0x0BFD      	DECFSZ     R13, 1
0x0175	0x2974      	GOTO       L__main72
0x0176	0x0BFC      	DECFSZ     R12, 1
0x0177	0x2974      	GOTO       L__main72
0x0178	0x0000      	NOP
0x0179	0x0000      	NOP
;Propeller.mbas,127 :: 		for veces = 0 to 4
0x017A	0x01A2      	CLRF       _veces
L__main74:
;Propeller.mbas,128 :: 		portd = ss [veces]   'Se visualiza la letra S "[veces]" indica la posición de la letra (cada letra tiene 5 posiciones)
0x017B	0x0822      	MOVF       _veces, 0
0x017C	0x3E8D      	ADDLW      _ss
0x017D	0x00F0      	MOVWF      R0
0x017E	0x3004      	MOVLW      hi_addr(_ss)
0x017F	0x1803      	BTFSC      STATUS, 0
0x0180	0x3E01      	ADDLW      1
0x0181	0x00F1      	MOVWF      R0+1
0x0182	0x0870      	MOVF       R0, 0
0x0183	0x00A0      	MOVWF      ___DoICPAddr
0x0184	0x0871      	MOVF       R0+1, 0
0x0185	0x00A1      	MOVWF      ___DoICPAddr+1
0x0186	0x2003      	CALL       _____DoICP
0x0187	0x118A      	BCF        PCLATH, 3
0x0188	0x120A      	BCF        PCLATH, 4
0x0189	0x0088      	MOVWF      PORTD
;Propeller.mbas,129 :: 		pause
0x018A	0x300D      	MOVLW      13
0x018B	0x00FC      	MOVWF      R12
0x018C	0x30FB      	MOVLW      251
0x018D	0x00FD      	MOVWF      R13
L__main78:
0x018E	0x0BFD      	DECFSZ     R13, 1
0x018F	0x298E      	GOTO       L__main78
0x0190	0x0BFC      	DECFSZ     R12, 1
0x0191	0x298E      	GOTO       L__main78
0x0192	0x0000      	NOP
0x0193	0x0000      	NOP
;Propeller.mbas,130 :: 		next veces
0x0194	0x0822      	MOVF       _veces, 0
0x0195	0x3A04      	XORLW      4
0x0196	0x1903      	BTFSC      STATUS, 2
0x0197	0x299A      	GOTO       L__main77
0x0198	0x0AA2      	INCF       _veces, 1
0x0199	0x297B      	GOTO       L__main74
L__main77:
;Propeller.mbas,132 :: 		portd = 0 'Se apagan leds
0x019A	0x0188      	CLRF       PORTD
;Propeller.mbas,133 :: 		pause15
0x019B	0x30A3      	MOVLW      163
0x019C	0x00FC      	MOVWF      R12
0x019D	0x3055      	MOVLW      85
0x019E	0x00FD      	MOVWF      R13
L__main79:
0x019F	0x0BFD      	DECFSZ     R13, 1
0x01A0	0x299F      	GOTO       L__main79
0x01A1	0x0BFC      	DECFSZ     R12, 1
0x01A2	0x299F      	GOTO       L__main79
;Propeller.mbas,135 :: 		next repet
0x01A3	0x0823      	MOVF       _repet, 0
0x01A4	0x3AFF      	XORLW      255
0x01A5	0x1903      	BTFSC      STATUS, 2
0x01A6	0x29A9      	GOTO       L__main51
0x01A7	0x0AA3      	INCF       _repet, 1
0x01A8	0x28F9      	GOTO       L__main48
L__main51:
;Propeller.mbas,137 :: 		portd = 0 'Se apagan leds
0x01A9	0x0188      	CLRF       PORTD
;Propeller.mbas,138 :: 		pausec  'Pause entre palabra y palabra
0x01AA	0x300D      	MOVLW      13
0x01AB	0x00FB      	MOVWF      R11
0x01AC	0x30AF      	MOVLW      175
0x01AD	0x00FC      	MOVWF      R12
0x01AE	0x30B6      	MOVLW      182
0x01AF	0x00FD      	MOVWF      R13
L__main80:
0x01B0	0x0BFD      	DECFSZ     R13, 1
0x01B1	0x29B0      	GOTO       L__main80
0x01B2	0x0BFC      	DECFSZ     R12, 1
0x01B3	0x29B0      	GOTO       L__main80
0x01B4	0x0BFB      	DECFSZ     R11, 1
0x01B5	0x29B0      	GOTO       L__main80
0x01B6	0x0000      	NOP
;Propeller.mbas,145 :: 		for repet = 0 to 80
0x01B7	0x01A3      	CLRF       _repet
L__main82:
;Propeller.mbas,146 :: 		for veces = 0 to 4
0x01B8	0x01A2      	CLRF       _veces
L__main87:
;Propeller.mbas,147 :: 		portd = ff [veces] 'Se visualiza la letra F "[veces]" indica la posición de la letra (cada letra tiene 5 posiciones)
0x01B9	0x0822      	MOVF       _veces, 0
0x01BA	0x3E74      	ADDLW      _ff
0x01BB	0x00F0      	MOVWF      R0
0x01BC	0x3004      	MOVLW      hi_addr(_ff)
0x01BD	0x1803      	BTFSC      STATUS, 0
0x01BE	0x3E01      	ADDLW      1
0x01BF	0x00F1      	MOVWF      R0+1
0x01C0	0x0870      	MOVF       R0, 0
0x01C1	0x00A0      	MOVWF      ___DoICPAddr
0x01C2	0x0871      	MOVF       R0+1, 0
0x01C3	0x00A1      	MOVWF      ___DoICPAddr+1
0x01C4	0x2003      	CALL       _____DoICP
0x01C5	0x118A      	BCF        PCLATH, 3
0x01C6	0x120A      	BCF        PCLATH, 4
0x01C7	0x0088      	MOVWF      PORTD
;Propeller.mbas,148 :: 		pause
0x01C8	0x300D      	MOVLW      13
0x01C9	0x00FC      	MOVWF      R12
0x01CA	0x30FB      	MOVLW      251
0x01CB	0x00FD      	MOVWF      R13
L__main91:
0x01CC	0x0BFD      	DECFSZ     R13, 1
0x01CD	0x29CC      	GOTO       L__main91
0x01CE	0x0BFC      	DECFSZ     R12, 1
0x01CF	0x29CC      	GOTO       L__main91
0x01D0	0x0000      	NOP
0x01D1	0x0000      	NOP
;Propeller.mbas,149 :: 		next veces
0x01D2	0x0822      	MOVF       _veces, 0
0x01D3	0x3A04      	XORLW      4
0x01D4	0x1903      	BTFSC      STATUS, 2
0x01D5	0x29D8      	GOTO       L__main90
0x01D6	0x0AA2      	INCF       _veces, 1
0x01D7	0x29B9      	GOTO       L__main87
L__main90:
;Propeller.mbas,151 :: 		portd = 0 'Se apagan leds
0x01D8	0x0188      	CLRF       PORTD
;Propeller.mbas,152 :: 		pause1
0x01D9	0x3014      	MOVLW      20
0x01DA	0x00FC      	MOVWF      R12
0x01DB	0x3079      	MOVLW      121
0x01DC	0x00FD      	MOVWF      R13
L__main92:
0x01DD	0x0BFD      	DECFSZ     R13, 1
0x01DE	0x29DD      	GOTO       L__main92
0x01DF	0x0BFC      	DECFSZ     R12, 1
0x01E0	0x29DD      	GOTO       L__main92
0x01E1	0x0000      	NOP
0x01E2	0x0000      	NOP
;Propeller.mbas,154 :: 		for veces = 0 to 4
0x01E3	0x01A2      	CLRF       _veces
L__main94:
;Propeller.mbas,155 :: 		portd = ee [veces]   'Se visualiza la letra E "[veces]" indica la posición de la letra (cada letra tiene 5 posiciones)
0x01E4	0x0822      	MOVF       _veces, 0
0x01E5	0x3EAB      	ADDLW      _ee
0x01E6	0x00F0      	MOVWF      R0
0x01E7	0x3004      	MOVLW      hi_addr(_ee)
0x01E8	0x1803      	BTFSC      STATUS, 0
0x01E9	0x3E01      	ADDLW      1
0x01EA	0x00F1      	MOVWF      R0+1
0x01EB	0x0870      	MOVF       R0, 0
0x01EC	0x00A0      	MOVWF      ___DoICPAddr
0x01ED	0x0871      	MOVF       R0+1, 0
0x01EE	0x00A1      	MOVWF      ___DoICPAddr+1
0x01EF	0x2003      	CALL       _____DoICP
0x01F0	0x118A      	BCF        PCLATH, 3
0x01F1	0x120A      	BCF        PCLATH, 4
0x01F2	0x0088      	MOVWF      PORTD
;Propeller.mbas,156 :: 		pause
0x01F3	0x300D      	MOVLW      13
0x01F4	0x00FC      	MOVWF      R12
0x01F5	0x30FB      	MOVLW      251
0x01F6	0x00FD      	MOVWF      R13
L__main98:
0x01F7	0x0BFD      	DECFSZ     R13, 1
0x01F8	0x29F7      	GOTO       L__main98
0x01F9	0x0BFC      	DECFSZ     R12, 1
0x01FA	0x29F7      	GOTO       L__main98
0x01FB	0x0000      	NOP
0x01FC	0x0000      	NOP
;Propeller.mbas,157 :: 		next veces
0x01FD	0x0822      	MOVF       _veces, 0
0x01FE	0x3A04      	XORLW      4
0x01FF	0x1903      	BTFSC      STATUS, 2
0x0200	0x2A03      	GOTO       L__main97
0x0201	0x0AA2      	INCF       _veces, 1
0x0202	0x29E4      	GOTO       L__main94
L__main97:
;Propeller.mbas,159 :: 		portd = 0 'Se apagan leds
0x0203	0x0188      	CLRF       PORTD
;Propeller.mbas,160 :: 		pause1
0x0204	0x3014      	MOVLW      20
0x0205	0x00FC      	MOVWF      R12
0x0206	0x3079      	MOVLW      121
0x0207	0x00FD      	MOVWF      R13
L__main99:
0x0208	0x0BFD      	DECFSZ     R13, 1
0x0209	0x2A08      	GOTO       L__main99
0x020A	0x0BFC      	DECFSZ     R12, 1
0x020B	0x2A08      	GOTO       L__main99
0x020C	0x0000      	NOP
0x020D	0x0000      	NOP
;Propeller.mbas,162 :: 		for veces = 0 to 4
0x020E	0x01A2      	CLRF       _veces
L__main101:
;Propeller.mbas,163 :: 		portd = l [veces]    'Se visualiza la letra L "[veces]" indica la posición de la letra (cada letra tiene 5 posiciones)
0x020F	0x0822      	MOVF       _veces, 0
0x0210	0x3E92      	ADDLW      _l
0x0211	0x00F0      	MOVWF      R0
0x0212	0x3004      	MOVLW      hi_addr(_l)
0x0213	0x1803      	BTFSC      STATUS, 0
0x0214	0x3E01      	ADDLW      1
0x0215	0x00F1      	MOVWF      R0+1
0x0216	0x0870      	MOVF       R0, 0
0x0217	0x00A0      	MOVWF      ___DoICPAddr
0x0218	0x0871      	MOVF       R0+1, 0
0x0219	0x00A1      	MOVWF      ___DoICPAddr+1
0x021A	0x2003      	CALL       _____DoICP
0x021B	0x118A      	BCF        PCLATH, 3
0x021C	0x120A      	BCF        PCLATH, 4
0x021D	0x0088      	MOVWF      PORTD
;Propeller.mbas,164 :: 		pause
0x021E	0x300D      	MOVLW      13
0x021F	0x00FC      	MOVWF      R12
0x0220	0x30FB      	MOVLW      251
0x0221	0x00FD      	MOVWF      R13
L__main105:
0x0222	0x0BFD      	DECFSZ     R13, 1
0x0223	0x2A22      	GOTO       L__main105
0x0224	0x0BFC      	DECFSZ     R12, 1
0x0225	0x2A22      	GOTO       L__main105
0x0226	0x0000      	NOP
0x0227	0x0000      	NOP
;Propeller.mbas,165 :: 		next veces
0x0228	0x0822      	MOVF       _veces, 0
0x0229	0x3A04      	XORLW      4
0x022A	0x1903      	BTFSC      STATUS, 2
0x022B	0x2A2E      	GOTO       L__main104
0x022C	0x0AA2      	INCF       _veces, 1
0x022D	0x2A0F      	GOTO       L__main101
L__main104:
;Propeller.mbas,167 :: 		portd = 0 'Se apagan leds
0x022E	0x0188      	CLRF       PORTD
;Propeller.mbas,168 :: 		pause1
0x022F	0x3014      	MOVLW      20
0x0230	0x00FC      	MOVWF      R12
0x0231	0x3079      	MOVLW      121
0x0232	0x00FD      	MOVWF      R13
L__main106:
0x0233	0x0BFD      	DECFSZ     R13, 1
0x0234	0x2A33      	GOTO       L__main106
0x0235	0x0BFC      	DECFSZ     R12, 1
0x0236	0x2A33      	GOTO       L__main106
0x0237	0x0000      	NOP
0x0238	0x0000      	NOP
;Propeller.mbas,170 :: 		for veces = 0 to 4
0x0239	0x01A2      	CLRF       _veces
L__main108:
;Propeller.mbas,171 :: 		portd = i [veces]    'Se visualiza la letra I "[veces]" indica la posición de la letra (cada letra tiene 5 posiciones)
0x023A	0x0822      	MOVF       _veces, 0
0x023B	0x3E6F      	ADDLW      _i
0x023C	0x00F0      	MOVWF      R0
0x023D	0x3004      	MOVLW      hi_addr(_i)
0x023E	0x1803      	BTFSC      STATUS, 0
0x023F	0x3E01      	ADDLW      1
0x0240	0x00F1      	MOVWF      R0+1
0x0241	0x0870      	MOVF       R0, 0
0x0242	0x00A0      	MOVWF      ___DoICPAddr
0x0243	0x0871      	MOVF       R0+1, 0
0x0244	0x00A1      	MOVWF      ___DoICPAddr+1
0x0245	0x2003      	CALL       _____DoICP
0x0246	0x118A      	BCF        PCLATH, 3
0x0247	0x120A      	BCF        PCLATH, 4
0x0248	0x0088      	MOVWF      PORTD
;Propeller.mbas,172 :: 		pause
0x0249	0x300D      	MOVLW      13
0x024A	0x00FC      	MOVWF      R12
0x024B	0x30FB      	MOVLW      251
0x024C	0x00FD      	MOVWF      R13
L__main112:
0x024D	0x0BFD      	DECFSZ     R13, 1
0x024E	0x2A4D      	GOTO       L__main112
0x024F	0x0BFC      	DECFSZ     R12, 1
0x0250	0x2A4D      	GOTO       L__main112
0x0251	0x0000      	NOP
0x0252	0x0000      	NOP
;Propeller.mbas,173 :: 		next veces
0x0253	0x0822      	MOVF       _veces, 0
0x0254	0x3A04      	XORLW      4
0x0255	0x1903      	BTFSC      STATUS, 2
0x0256	0x2A59      	GOTO       L__main111
0x0257	0x0AA2      	INCF       _veces, 1
0x0258	0x2A3A      	GOTO       L__main108
L__main111:
;Propeller.mbas,175 :: 		portd = 0 'Se apagan leds
0x0259	0x0188      	CLRF       PORTD
;Propeller.mbas,176 :: 		pause1
0x025A	0x3014      	MOVLW      20
0x025B	0x00FC      	MOVWF      R12
0x025C	0x3079      	MOVLW      121
0x025D	0x00FD      	MOVWF      R13
L__main113:
0x025E	0x0BFD      	DECFSZ     R13, 1
0x025F	0x2A5E      	GOTO       L__main113
0x0260	0x0BFC      	DECFSZ     R12, 1
0x0261	0x2A5E      	GOTO       L__main113
0x0262	0x0000      	NOP
0x0263	0x0000      	NOP
;Propeller.mbas,178 :: 		for veces = 0 to 4
0x0264	0x01A2      	CLRF       _veces
L__main115:
;Propeller.mbas,179 :: 		portd = zz [veces]   'Se visualiza la letra Z "[veces]" indica la posición de la letra (cada letra tiene 5 posiciones)
0x0265	0x0822      	MOVF       _veces, 0
0x0266	0x3E6A      	ADDLW      _zz
0x0267	0x00F0      	MOVWF      R0
0x0268	0x3004      	MOVLW      hi_addr(_zz)
0x0269	0x1803      	BTFSC      STATUS, 0
0x026A	0x3E01      	ADDLW      1
0x026B	0x00F1      	MOVWF      R0+1
0x026C	0x0870      	MOVF       R0, 0
0x026D	0x00A0      	MOVWF      ___DoICPAddr
0x026E	0x0871      	MOVF       R0+1, 0
0x026F	0x00A1      	MOVWF      ___DoICPAddr+1
0x0270	0x2003      	CALL       _____DoICP
0x0271	0x118A      	BCF        PCLATH, 3
0x0272	0x120A      	BCF        PCLATH, 4
0x0273	0x0088      	MOVWF      PORTD
;Propeller.mbas,180 :: 		pause
0x0274	0x300D      	MOVLW      13
0x0275	0x00FC      	MOVWF      R12
0x0276	0x30FB      	MOVLW      251
0x0277	0x00FD      	MOVWF      R13
L__main119:
0x0278	0x0BFD      	DECFSZ     R13, 1
0x0279	0x2A78      	GOTO       L__main119
0x027A	0x0BFC      	DECFSZ     R12, 1
0x027B	0x2A78      	GOTO       L__main119
0x027C	0x0000      	NOP
0x027D	0x0000      	NOP
;Propeller.mbas,181 :: 		next veces
0x027E	0x0822      	MOVF       _veces, 0
0x027F	0x3A04      	XORLW      4
0x0280	0x1903      	BTFSC      STATUS, 2
0x0281	0x2A84      	GOTO       L__main118
0x0282	0x0AA2      	INCF       _veces, 1
0x0283	0x2A65      	GOTO       L__main115
L__main118:
;Propeller.mbas,183 :: 		portd = 0 'Se apagan leds
0x0284	0x0188      	CLRF       PORTD
;Propeller.mbas,184 :: 		pause15
0x0285	0x30A3      	MOVLW      163
0x0286	0x00FC      	MOVWF      R12
0x0287	0x3055      	MOVLW      85
0x0288	0x00FD      	MOVWF      R13
L__main120:
0x0289	0x0BFD      	DECFSZ     R13, 1
0x028A	0x2A89      	GOTO       L__main120
0x028B	0x0BFC      	DECFSZ     R12, 1
0x028C	0x2A89      	GOTO       L__main120
;Propeller.mbas,186 :: 		next repet
0x028D	0x0823      	MOVF       _repet, 0
0x028E	0x3A50      	XORLW      80
0x028F	0x1903      	BTFSC      STATUS, 2
0x0290	0x2A93      	GOTO       L__main85
0x0291	0x0AA3      	INCF       _repet, 1
0x0292	0x29B8      	GOTO       L__main82
L__main85:
;Propeller.mbas,188 :: 		pausec    'Pause entre palabra y palabra
0x0293	0x300D      	MOVLW      13
0x0294	0x00FB      	MOVWF      R11
0x0295	0x30AF      	MOVLW      175
0x0296	0x00FC      	MOVWF      R12
0x0297	0x30B6      	MOVLW      182
0x0298	0x00FD      	MOVWF      R13
L__main121:
0x0299	0x0BFD      	DECFSZ     R13, 1
0x029A	0x2A99      	GOTO       L__main121
0x029B	0x0BFC      	DECFSZ     R12, 1
0x029C	0x2A99      	GOTO       L__main121
0x029D	0x0BFB      	DECFSZ     R11, 1
0x029E	0x2A99      	GOTO       L__main121
0x029F	0x0000      	NOP
;Propeller.mbas,190 :: 		for repet = 0 to 80
0x02A0	0x01A3      	CLRF       _repet
L__main123:
;Propeller.mbas,191 :: 		for veces = 0 to 4
0x02A1	0x01A2      	CLRF       _veces
L__main128:
;Propeller.mbas,192 :: 		portd = a [veces]      'Se visualiza la letra A "[veces]" indica la posición de la letra (cada letra tiene 5 posiciones)
0x02A2	0x0822      	MOVF       _veces, 0
0x02A3	0x3EA1      	ADDLW      _a
0x02A4	0x00F0      	MOVWF      R0
0x02A5	0x3004      	MOVLW      hi_addr(_a)
0x02A6	0x1803      	BTFSC      STATUS, 0
0x02A7	0x3E01      	ADDLW      1
0x02A8	0x00F1      	MOVWF      R0+1
0x02A9	0x0870      	MOVF       R0, 0
0x02AA	0x00A0      	MOVWF      ___DoICPAddr
0x02AB	0x0871      	MOVF       R0+1, 0
0x02AC	0x00A1      	MOVWF      ___DoICPAddr+1
0x02AD	0x2003      	CALL       _____DoICP
0x02AE	0x118A      	BCF        PCLATH, 3
0x02AF	0x120A      	BCF        PCLATH, 4
0x02B0	0x0088      	MOVWF      PORTD
;Propeller.mbas,193 :: 		pause
0x02B1	0x300D      	MOVLW      13
0x02B2	0x00FC      	MOVWF      R12
0x02B3	0x30FB      	MOVLW      251
0x02B4	0x00FD      	MOVWF      R13
L__main132:
0x02B5	0x0BFD      	DECFSZ     R13, 1
0x02B6	0x2AB5      	GOTO       L__main132
0x02B7	0x0BFC      	DECFSZ     R12, 1
0x02B8	0x2AB5      	GOTO       L__main132
0x02B9	0x0000      	NOP
0x02BA	0x0000      	NOP
;Propeller.mbas,194 :: 		next veces
0x02BB	0x0822      	MOVF       _veces, 0
0x02BC	0x3A04      	XORLW      4
0x02BD	0x1903      	BTFSC      STATUS, 2
0x02BE	0x2AC1      	GOTO       L__main131
0x02BF	0x0AA2      	INCF       _veces, 1
0x02C0	0x2AA2      	GOTO       L__main128
L__main131:
;Propeller.mbas,196 :: 		portd = 0 'Se apagan leds
0x02C1	0x0188      	CLRF       PORTD
;Propeller.mbas,197 :: 		pause1
0x02C2	0x3014      	MOVLW      20
0x02C3	0x00FC      	MOVWF      R12
0x02C4	0x3079      	MOVLW      121
0x02C5	0x00FD      	MOVWF      R13
L__main133:
0x02C6	0x0BFD      	DECFSZ     R13, 1
0x02C7	0x2AC6      	GOTO       L__main133
0x02C8	0x0BFC      	DECFSZ     R12, 1
0x02C9	0x2AC6      	GOTO       L__main133
0x02CA	0x0000      	NOP
0x02CB	0x0000      	NOP
;Propeller.mbas,199 :: 		for veces = 0 to 4
0x02CC	0x01A2      	CLRF       _veces
L__main135:
;Propeller.mbas,200 :: 		portd = nn [veces]   'Se visualiza la letra N "[veces]" indica la posición de la letra (cada letra tiene 5 posiciones)
0x02CD	0x0822      	MOVF       _veces, 0
0x02CE	0x3E79      	ADDLW      _nn
0x02CF	0x00F0      	MOVWF      R0
0x02D0	0x3004      	MOVLW      hi_addr(_nn)
0x02D1	0x1803      	BTFSC      STATUS, 0
0x02D2	0x3E01      	ADDLW      1
0x02D3	0x00F1      	MOVWF      R0+1
0x02D4	0x0870      	MOVF       R0, 0
0x02D5	0x00A0      	MOVWF      ___DoICPAddr
0x02D6	0x0871      	MOVF       R0+1, 0
0x02D7	0x00A1      	MOVWF      ___DoICPAddr+1
0x02D8	0x2003      	CALL       _____DoICP
0x02D9	0x118A      	BCF        PCLATH, 3
0x02DA	0x120A      	BCF        PCLATH, 4
0x02DB	0x0088      	MOVWF      PORTD
;Propeller.mbas,201 :: 		pause
0x02DC	0x300D      	MOVLW      13
0x02DD	0x00FC      	MOVWF      R12
0x02DE	0x30FB      	MOVLW      251
0x02DF	0x00FD      	MOVWF      R13
L__main139:
0x02E0	0x0BFD      	DECFSZ     R13, 1
0x02E1	0x2AE0      	GOTO       L__main139
0x02E2	0x0BFC      	DECFSZ     R12, 1
0x02E3	0x2AE0      	GOTO       L__main139
0x02E4	0x0000      	NOP
0x02E5	0x0000      	NOP
;Propeller.mbas,202 :: 		next veces
0x02E6	0x0822      	MOVF       _veces, 0
0x02E7	0x3A04      	XORLW      4
0x02E8	0x1903      	BTFSC      STATUS, 2
0x02E9	0x2AEC      	GOTO       L__main138
0x02EA	0x0AA2      	INCF       _veces, 1
0x02EB	0x2ACD      	GOTO       L__main135
L__main138:
;Propeller.mbas,204 :: 		portd = 0 'Se apagan leds
0x02EC	0x0188      	CLRF       PORTD
;Propeller.mbas,205 :: 		pause1
0x02ED	0x3014      	MOVLW      20
0x02EE	0x00FC      	MOVWF      R12
0x02EF	0x3079      	MOVLW      121
0x02F0	0x00FD      	MOVWF      R13
L__main140:
0x02F1	0x0BFD      	DECFSZ     R13, 1
0x02F2	0x2AF1      	GOTO       L__main140
0x02F3	0x0BFC      	DECFSZ     R12, 1
0x02F4	0x2AF1      	GOTO       L__main140
0x02F5	0x0000      	NOP
0x02F6	0x0000      	NOP
;Propeller.mbas,207 :: 		for veces = 0 to 4
0x02F7	0x01A2      	CLRF       _veces
L__main142:
;Propeller.mbas,208 :: 		portd = o [veces]    'Se visualiza la letra O "[veces]" indica la posición de la letra (cada letra tiene 5 posiciones)
0x02F8	0x0822      	MOVF       _veces, 0
0x02F9	0x3E97      	ADDLW      _o
0x02FA	0x00F0      	MOVWF      R0
0x02FB	0x3004      	MOVLW      hi_addr(_o)
0x02FC	0x1803      	BTFSC      STATUS, 0
0x02FD	0x3E01      	ADDLW      1
0x02FE	0x00F1      	MOVWF      R0+1
0x02FF	0x0870      	MOVF       R0, 0
0x0300	0x00A0      	MOVWF      ___DoICPAddr
0x0301	0x0871      	MOVF       R0+1, 0
0x0302	0x00A1      	MOVWF      ___DoICPAddr+1
0x0303	0x2003      	CALL       _____DoICP
0x0304	0x118A      	BCF        PCLATH, 3
0x0305	0x120A      	BCF        PCLATH, 4
0x0306	0x0088      	MOVWF      PORTD
;Propeller.mbas,209 :: 		pause
0x0307	0x300D      	MOVLW      13
0x0308	0x00FC      	MOVWF      R12
0x0309	0x30FB      	MOVLW      251
0x030A	0x00FD      	MOVWF      R13
L__main146:
0x030B	0x0BFD      	DECFSZ     R13, 1
0x030C	0x2B0B      	GOTO       L__main146
0x030D	0x0BFC      	DECFSZ     R12, 1
0x030E	0x2B0B      	GOTO       L__main146
0x030F	0x0000      	NOP
0x0310	0x0000      	NOP
;Propeller.mbas,210 :: 		next veces
0x0311	0x0822      	MOVF       _veces, 0
0x0312	0x3A04      	XORLW      4
0x0313	0x1903      	BTFSC      STATUS, 2
0x0314	0x2B17      	GOTO       L__main145
0x0315	0x0AA2      	INCF       _veces, 1
0x0316	0x2AF8      	GOTO       L__main142
L__main145:
;Propeller.mbas,212 :: 		portd = 0 'Se apagan leds
0x0317	0x0188      	CLRF       PORTD
;Propeller.mbas,213 :: 		pause15
0x0318	0x30A3      	MOVLW      163
0x0319	0x00FC      	MOVWF      R12
0x031A	0x3055      	MOVLW      85
0x031B	0x00FD      	MOVWF      R13
L__main147:
0x031C	0x0BFD      	DECFSZ     R13, 1
0x031D	0x2B1C      	GOTO       L__main147
0x031E	0x0BFC      	DECFSZ     R12, 1
0x031F	0x2B1C      	GOTO       L__main147
;Propeller.mbas,215 :: 		next repet
0x0320	0x0823      	MOVF       _repet, 0
0x0321	0x3A50      	XORLW      80
0x0322	0x1903      	BTFSC      STATUS, 2
0x0323	0x2B26      	GOTO       L__main126
0x0324	0x0AA3      	INCF       _repet, 1
0x0325	0x2AA1      	GOTO       L__main123
L__main126:
;Propeller.mbas,217 :: 		pausec    'Pause entre palabra y palabra
0x0326	0x300D      	MOVLW      13
0x0327	0x00FB      	MOVWF      R11
0x0328	0x30AF      	MOVLW      175
0x0329	0x00FC      	MOVWF      R12
0x032A	0x30B6      	MOVLW      182
0x032B	0x00FD      	MOVWF      R13
L__main148:
0x032C	0x0BFD      	DECFSZ     R13, 1
0x032D	0x2B2C      	GOTO       L__main148
0x032E	0x0BFC      	DECFSZ     R12, 1
0x032F	0x2B2C      	GOTO       L__main148
0x0330	0x0BFB      	DECFSZ     R11, 1
0x0331	0x2B2C      	GOTO       L__main148
0x0332	0x0000      	NOP
;Propeller.mbas,219 :: 		for repet = 0 to 80
0x0333	0x01A3      	CLRF       _repet
L__main150:
;Propeller.mbas,220 :: 		for veces = 0 to 4
0x0334	0x01A2      	CLRF       _veces
L__main155:
;Propeller.mbas,221 :: 		portd = n [veces]      'Se visualiza la letra N "[veces]" indica la posición de la letra (cada letra tiene 5 posiciones)
0x0335	0x0822      	MOVF       _veces, 0
0x0336	0x3E88      	ADDLW      _n
0x0337	0x00F0      	MOVWF      R0
0x0338	0x3004      	MOVLW      hi_addr(_n)
0x0339	0x1803      	BTFSC      STATUS, 0
0x033A	0x3E01      	ADDLW      1
0x033B	0x00F1      	MOVWF      R0+1
0x033C	0x0870      	MOVF       R0, 0
0x033D	0x00A0      	MOVWF      ___DoICPAddr
0x033E	0x0871      	MOVF       R0+1, 0
0x033F	0x00A1      	MOVWF      ___DoICPAddr+1
0x0340	0x2003      	CALL       _____DoICP
0x0341	0x118A      	BCF        PCLATH, 3
0x0342	0x120A      	BCF        PCLATH, 4
0x0343	0x0088      	MOVWF      PORTD
;Propeller.mbas,222 :: 		pause
0x0344	0x300D      	MOVLW      13
0x0345	0x00FC      	MOVWF      R12
0x0346	0x30FB      	MOVLW      251
0x0347	0x00FD      	MOVWF      R13
L__main159:
0x0348	0x0BFD      	DECFSZ     R13, 1
0x0349	0x2B48      	GOTO       L__main159
0x034A	0x0BFC      	DECFSZ     R12, 1
0x034B	0x2B48      	GOTO       L__main159
0x034C	0x0000      	NOP
0x034D	0x0000      	NOP
;Propeller.mbas,223 :: 		next veces
0x034E	0x0822      	MOVF       _veces, 0
0x034F	0x3A04      	XORLW      4
0x0350	0x1903      	BTFSC      STATUS, 2
0x0351	0x2B54      	GOTO       L__main158
0x0352	0x0AA2      	INCF       _veces, 1
0x0353	0x2B35      	GOTO       L__main155
L__main158:
;Propeller.mbas,225 :: 		portd = 0 'Se apagan leds
0x0354	0x0188      	CLRF       PORTD
;Propeller.mbas,226 :: 		pause1
0x0355	0x3014      	MOVLW      20
0x0356	0x00FC      	MOVWF      R12
0x0357	0x3079      	MOVLW      121
0x0358	0x00FD      	MOVWF      R13
L__main160:
0x0359	0x0BFD      	DECFSZ     R13, 1
0x035A	0x2B59      	GOTO       L__main160
0x035B	0x0BFC      	DECFSZ     R12, 1
0x035C	0x2B59      	GOTO       L__main160
0x035D	0x0000      	NOP
0x035E	0x0000      	NOP
;Propeller.mbas,228 :: 		for veces = 0 to 4
0x035F	0x01A2      	CLRF       _veces
L__main162:
;Propeller.mbas,229 :: 		portd = u [veces]    ''Se visualiza la letra U "[veces]" indica la posición de la letra (cada letra tiene 5 posiciones)
0x0360	0x0822      	MOVF       _veces, 0
0x0361	0x3EB0      	ADDLW      _u
0x0362	0x00F0      	MOVWF      R0
0x0363	0x3004      	MOVLW      hi_addr(_u)
0x0364	0x1803      	BTFSC      STATUS, 0
0x0365	0x3E01      	ADDLW      1
0x0366	0x00F1      	MOVWF      R0+1
0x0367	0x0870      	MOVF       R0, 0
0x0368	0x00A0      	MOVWF      ___DoICPAddr
0x0369	0x0871      	MOVF       R0+1, 0
0x036A	0x00A1      	MOVWF      ___DoICPAddr+1
0x036B	0x2003      	CALL       _____DoICP
0x036C	0x118A      	BCF        PCLATH, 3
0x036D	0x120A      	BCF        PCLATH, 4
0x036E	0x0088      	MOVWF      PORTD
;Propeller.mbas,230 :: 		pause
0x036F	0x300D      	MOVLW      13
0x0370	0x00FC      	MOVWF      R12
0x0371	0x30FB      	MOVLW      251
0x0372	0x00FD      	MOVWF      R13
L__main166:
0x0373	0x0BFD      	DECFSZ     R13, 1
0x0374	0x2B73      	GOTO       L__main166
0x0375	0x0BFC      	DECFSZ     R12, 1
0x0376	0x2B73      	GOTO       L__main166
0x0377	0x0000      	NOP
0x0378	0x0000      	NOP
;Propeller.mbas,231 :: 		next veces
0x0379	0x0822      	MOVF       _veces, 0
0x037A	0x3A04      	XORLW      4
0x037B	0x1903      	BTFSC      STATUS, 2
0x037C	0x2B7F      	GOTO       L__main165
0x037D	0x0AA2      	INCF       _veces, 1
0x037E	0x2B60      	GOTO       L__main162
L__main165:
;Propeller.mbas,233 :: 		portd = 0 'Se apagan leds
0x037F	0x0188      	CLRF       PORTD
;Propeller.mbas,234 :: 		pause1
0x0380	0x3014      	MOVLW      20
0x0381	0x00FC      	MOVWF      R12
0x0382	0x3079      	MOVLW      121
0x0383	0x00FD      	MOVWF      R13
L__main167:
0x0384	0x0BFD      	DECFSZ     R13, 1
0x0385	0x2B84      	GOTO       L__main167
0x0386	0x0BFC      	DECFSZ     R12, 1
0x0387	0x2B84      	GOTO       L__main167
0x0388	0x0000      	NOP
0x0389	0x0000      	NOP
;Propeller.mbas,236 :: 		for veces = 0 to 4
0x038A	0x01A2      	CLRF       _veces
L__main169:
;Propeller.mbas,237 :: 		portd = ee [veces]   ''Se visualiza la letra E "[veces]" indica la posición de la letra (cada letra tiene 5 posiciones)
0x038B	0x0822      	MOVF       _veces, 0
0x038C	0x3EAB      	ADDLW      _ee
0x038D	0x00F0      	MOVWF      R0
0x038E	0x3004      	MOVLW      hi_addr(_ee)
0x038F	0x1803      	BTFSC      STATUS, 0
0x0390	0x3E01      	ADDLW      1
0x0391	0x00F1      	MOVWF      R0+1
0x0392	0x0870      	MOVF       R0, 0
0x0393	0x00A0      	MOVWF      ___DoICPAddr
0x0394	0x0871      	MOVF       R0+1, 0
0x0395	0x00A1      	MOVWF      ___DoICPAddr+1
0x0396	0x2003      	CALL       _____DoICP
0x0397	0x118A      	BCF        PCLATH, 3
0x0398	0x120A      	BCF        PCLATH, 4
0x0399	0x0088      	MOVWF      PORTD
;Propeller.mbas,238 :: 		pause
0x039A	0x300D      	MOVLW      13
0x039B	0x00FC      	MOVWF      R12
0x039C	0x30FB      	MOVLW      251
0x039D	0x00FD      	MOVWF      R13
L__main173:
0x039E	0x0BFD      	DECFSZ     R13, 1
0x039F	0x2B9E      	GOTO       L__main173
0x03A0	0x0BFC      	DECFSZ     R12, 1
0x03A1	0x2B9E      	GOTO       L__main173
0x03A2	0x0000      	NOP
0x03A3	0x0000      	NOP
;Propeller.mbas,239 :: 		next veces
0x03A4	0x0822      	MOVF       _veces, 0
0x03A5	0x3A04      	XORLW      4
0x03A6	0x1903      	BTFSC      STATUS, 2
0x03A7	0x2BAA      	GOTO       L__main172
0x03A8	0x0AA2      	INCF       _veces, 1
0x03A9	0x2B8B      	GOTO       L__main169
L__main172:
;Propeller.mbas,241 :: 		portd = 0 'Se apagan leds
0x03AA	0x0188      	CLRF       PORTD
;Propeller.mbas,242 :: 		pause1
0x03AB	0x3014      	MOVLW      20
0x03AC	0x00FC      	MOVWF      R12
0x03AD	0x3079      	MOVLW      121
0x03AE	0x00FD      	MOVWF      R13
L__main174:
0x03AF	0x0BFD      	DECFSZ     R13, 1
0x03B0	0x2BAF      	GOTO       L__main174
0x03B1	0x0BFC      	DECFSZ     R12, 1
0x03B2	0x2BAF      	GOTO       L__main174
0x03B3	0x0000      	NOP
0x03B4	0x0000      	NOP
;Propeller.mbas,244 :: 		for veces = 0 to 4
0x03B5	0x01A2      	CLRF       _veces
L__main176:
;Propeller.mbas,245 :: 		portd = v [veces]    'Se visualiza la letra V "[veces]" indica la posición de la letra (cada letra tiene 5 posiciones)
0x03B6	0x0822      	MOVF       _veces, 0
0x03B7	0x3E83      	ADDLW      _v
0x03B8	0x00F0      	MOVWF      R0
0x03B9	0x3004      	MOVLW      hi_addr(_v)
0x03BA	0x1803      	BTFSC      STATUS, 0
0x03BB	0x3E01      	ADDLW      1
0x03BC	0x00F1      	MOVWF      R0+1
0x03BD	0x0870      	MOVF       R0, 0
0x03BE	0x00A0      	MOVWF      ___DoICPAddr
0x03BF	0x0871      	MOVF       R0+1, 0
0x03C0	0x00A1      	MOVWF      ___DoICPAddr+1
0x03C1	0x2003      	CALL       _____DoICP
0x03C2	0x118A      	BCF        PCLATH, 3
0x03C3	0x120A      	BCF        PCLATH, 4
0x03C4	0x0088      	MOVWF      PORTD
;Propeller.mbas,246 :: 		pause
0x03C5	0x300D      	MOVLW      13
0x03C6	0x00FC      	MOVWF      R12
0x03C7	0x30FB      	MOVLW      251
0x03C8	0x00FD      	MOVWF      R13
L__main180:
0x03C9	0x0BFD      	DECFSZ     R13, 1
0x03CA	0x2BC9      	GOTO       L__main180
0x03CB	0x0BFC      	DECFSZ     R12, 1
0x03CC	0x2BC9      	GOTO       L__main180
0x03CD	0x0000      	NOP
0x03CE	0x0000      	NOP
;Propeller.mbas,247 :: 		next veces
0x03CF	0x0822      	MOVF       _veces, 0
0x03D0	0x3A04      	XORLW      4
0x03D1	0x1903      	BTFSC      STATUS, 2
0x03D2	0x2BD5      	GOTO       L__main179
0x03D3	0x0AA2      	INCF       _veces, 1
0x03D4	0x2BB6      	GOTO       L__main176
L__main179:
;Propeller.mbas,249 :: 		portd = 0 'Se apagan leds
0x03D5	0x0188      	CLRF       PORTD
;Propeller.mbas,250 :: 		pause1
0x03D6	0x3014      	MOVLW      20
0x03D7	0x00FC      	MOVWF      R12
0x03D8	0x3079      	MOVLW      121
0x03D9	0x00FD      	MOVWF      R13
L__main181:
0x03DA	0x0BFD      	DECFSZ     R13, 1
0x03DB	0x2BDA      	GOTO       L__main181
0x03DC	0x0BFC      	DECFSZ     R12, 1
0x03DD	0x2BDA      	GOTO       L__main181
0x03DE	0x0000      	NOP
0x03DF	0x0000      	NOP
;Propeller.mbas,252 :: 		for veces = 0 to 4
0x03E0	0x01A2      	CLRF       _veces
L__main183:
;Propeller.mbas,253 :: 		portd = o [veces]    'Se visualiza la letra O "[veces]" indica la posición de la letra (cada letra tiene 5 posiciones)
0x03E1	0x0822      	MOVF       _veces, 0
0x03E2	0x3E97      	ADDLW      _o
0x03E3	0x00F0      	MOVWF      R0
0x03E4	0x3004      	MOVLW      hi_addr(_o)
0x03E5	0x1803      	BTFSC      STATUS, 0
0x03E6	0x3E01      	ADDLW      1
0x03E7	0x00F1      	MOVWF      R0+1
0x03E8	0x0870      	MOVF       R0, 0
0x03E9	0x00A0      	MOVWF      ___DoICPAddr
0x03EA	0x0871      	MOVF       R0+1, 0
0x03EB	0x00A1      	MOVWF      ___DoICPAddr+1
0x03EC	0x2003      	CALL       _____DoICP
0x03ED	0x118A      	BCF        PCLATH, 3
0x03EE	0x120A      	BCF        PCLATH, 4
0x03EF	0x0088      	MOVWF      PORTD
;Propeller.mbas,254 :: 		pause
0x03F0	0x300D      	MOVLW      13
0x03F1	0x00FC      	MOVWF      R12
0x03F2	0x30FB      	MOVLW      251
0x03F3	0x00FD      	MOVWF      R13
L__main187:
0x03F4	0x0BFD      	DECFSZ     R13, 1
0x03F5	0x2BF4      	GOTO       L__main187
0x03F6	0x0BFC      	DECFSZ     R12, 1
0x03F7	0x2BF4      	GOTO       L__main187
0x03F8	0x0000      	NOP
0x03F9	0x0000      	NOP
;Propeller.mbas,255 :: 		next veces
0x03FA	0x0822      	MOVF       _veces, 0
0x03FB	0x3A04      	XORLW      4
0x03FC	0x1903      	BTFSC      STATUS, 2
0x03FD	0x2C00      	GOTO       L__main186
0x03FE	0x0AA2      	INCF       _veces, 1
0x03FF	0x2BE1      	GOTO       L__main183
L__main186:
;Propeller.mbas,257 :: 		portd = 0 'Se apagan leds
0x0400	0x0188      	CLRF       PORTD
;Propeller.mbas,258 :: 		pause15
0x0401	0x30A3      	MOVLW      163
0x0402	0x00FC      	MOVWF      R12
0x0403	0x3055      	MOVLW      85
0x0404	0x00FD      	MOVWF      R13
L__main188:
0x0405	0x0BFD      	DECFSZ     R13, 1
0x0406	0x2C05      	GOTO       L__main188
0x0407	0x0BFC      	DECFSZ     R12, 1
0x0408	0x2C05      	GOTO       L__main188
;Propeller.mbas,260 :: 		next repet
0x0409	0x0823      	MOVF       _repet, 0
0x040A	0x3A50      	XORLW      80
0x040B	0x1903      	BTFSC      STATUS, 2
0x040C	0x2C0F      	GOTO       L__main153
0x040D	0x0AA3      	INCF       _repet, 1
0x040E	0x2B34      	GOTO       L__main150
L__main153:
;Propeller.mbas,262 :: 		pausec    'Pause entre palabra y palabra
0x040F	0x300D      	MOVLW      13
0x0410	0x00FB      	MOVWF      R11
0x0411	0x30AF      	MOVLW      175
0x0412	0x00FC      	MOVWF      R12
0x0413	0x30B6      	MOVLW      182
0x0414	0x00FD      	MOVWF      R13
L__main189:
0x0415	0x0BFD      	DECFSZ     R13, 1
0x0416	0x2C15      	GOTO       L__main189
0x0417	0x0BFC      	DECFSZ     R12, 1
0x0418	0x2C15      	GOTO       L__main189
0x0419	0x0BFB      	DECFSZ     R11, 1
0x041A	0x2C15      	GOTO       L__main189
0x041B	0x0000      	NOP
;Propeller.mbas,266 :: 		portd = 0  'Se apagan leds
0x041C	0x0188      	CLRF       PORTD
;Propeller.mbas,267 :: 		pausec  'Pause entre palabra y palabra
0x041D	0x300D      	MOVLW      13
0x041E	0x00FB      	MOVWF      R11
0x041F	0x30AF      	MOVLW      175
0x0420	0x00FC      	MOVWF      R12
0x0421	0x30B6      	MOVLW      182
0x0422	0x00FD      	MOVWF      R13
L__main190:
0x0423	0x0BFD      	DECFSZ     R13, 1
0x0424	0x2C23      	GOTO       L__main190
0x0425	0x0BFC      	DECFSZ     R12, 1
0x0426	0x2C23      	GOTO       L__main190
0x0427	0x0BFB      	DECFSZ     R11, 1
0x0428	0x2C23      	GOTO       L__main190
0x0429	0x0000      	NOP
;Propeller.mbas,270 :: 		for repet = 0 to 255
0x042A	0x01A3      	CLRF       _repet
L__main192:
;Propeller.mbas,271 :: 		for veces = 0 to 4
0x042B	0x01A2      	CLRF       _veces
L__main197:
;Propeller.mbas,272 :: 		portd = flecha[veces]  'Se visualiza la figura flecha, "[veces]" indica el posición del led a encender de la figura (tiene 5 posiciones)
0x042C	0x0822      	MOVF       _veces, 0
0x042D	0x3E7E      	ADDLW      _flecha
0x042E	0x00F0      	MOVWF      R0
0x042F	0x3004      	MOVLW      hi_addr(_flecha)
0x0430	0x1803      	BTFSC      STATUS, 0
0x0431	0x3E01      	ADDLW      1
0x0432	0x00F1      	MOVWF      R0+1
0x0433	0x0870      	MOVF       R0, 0
0x0434	0x00A0      	MOVWF      ___DoICPAddr
0x0435	0x0871      	MOVF       R0+1, 0
0x0436	0x00A1      	MOVWF      ___DoICPAddr+1
0x0437	0x2003      	CALL       _____DoICP
0x0438	0x118A      	BCF        PCLATH, 3
0x0439	0x120A      	BCF        PCLATH, 4
0x043A	0x0088      	MOVWF      PORTD
;Propeller.mbas,273 :: 		pause
0x043B	0x300D      	MOVLW      13
0x043C	0x00FC      	MOVWF      R12
0x043D	0x30FB      	MOVLW      251
0x043E	0x00FD      	MOVWF      R13
L__main201:
0x043F	0x0BFD      	DECFSZ     R13, 1
0x0440	0x2C3F      	GOTO       L__main201
0x0441	0x0BFC      	DECFSZ     R12, 1
0x0442	0x2C3F      	GOTO       L__main201
0x0443	0x0000      	NOP
0x0444	0x0000      	NOP
;Propeller.mbas,274 :: 		next veces
0x0445	0x0822      	MOVF       _veces, 0
0x0446	0x3A04      	XORLW      4
0x0447	0x1903      	BTFSC      STATUS, 2
0x0448	0x2C4B      	GOTO       L__main200
0x0449	0x0AA2      	INCF       _veces, 1
0x044A	0x2C2C      	GOTO       L__main197
L__main200:
;Propeller.mbas,275 :: 		portd = 0 'Se apagan leds
0x044B	0x0188      	CLRF       PORTD
;Propeller.mbas,276 :: 		pause15
0x044C	0x30A3      	MOVLW      163
0x044D	0x00FC      	MOVWF      R12
0x044E	0x3055      	MOVLW      85
0x044F	0x00FD      	MOVWF      R13
L__main202:
0x0450	0x0BFD      	DECFSZ     R13, 1
0x0451	0x2C50      	GOTO       L__main202
0x0452	0x0BFC      	DECFSZ     R12, 1
0x0453	0x2C50      	GOTO       L__main202
;Propeller.mbas,277 :: 		next repet
0x0454	0x0823      	MOVF       _repet, 0
0x0455	0x3AFF      	XORLW      255
0x0456	0x1903      	BTFSC      STATUS, 2
0x0457	0x2C5A      	GOTO       L__main195
0x0458	0x0AA3      	INCF       _repet, 1
0x0459	0x2C2B      	GOTO       L__main192
L__main195:
;Propeller.mbas,278 :: 		portd = 0
0x045A	0x0188      	CLRF       PORTD
;Propeller.mbas,279 :: 		pausec
0x045B	0x300D      	MOVLW      13
0x045C	0x00FB      	MOVWF      R11
0x045D	0x30AF      	MOVLW      175
0x045E	0x00FC      	MOVWF      R12
0x045F	0x30B6      	MOVLW      182
0x0460	0x00FD      	MOVWF      R13
L__main203:
0x0461	0x0BFD      	DECFSZ     R13, 1
0x0462	0x2C61      	GOTO       L__main203
0x0463	0x0BFC      	DECFSZ     R12, 1
0x0464	0x2C61      	GOTO       L__main203
0x0465	0x0BFB      	DECFSZ     R11, 1
0x0466	0x2C61      	GOTO       L__main203
0x0467	0x0000      	NOP
;Propeller.mbas,280 :: 		wend
0x0468	0x2813      	GOTO       L__main2
L_end_main:
0x0469	0x2C69      	GOTO       $+0
; end of _main
;Propeller.mbas,39 :: _zz
0x046A	0x34C1 ;_zz+0
0x046B	0x34A1 ;_zz+1
0x046C	0x3491 ;_zz+2
0x046D	0x3489 ;_zz+3
0x046E	0x3487 ;_zz+4
; end of _zz
;Propeller.mbas,21 :: _i
0x046F	0x3481 ;_i+0
0x0470	0x3481 ;_i+1
0x0471	0x34FF ;_i+2
0x0472	0x3481 ;_i+3
0x0473	0x3481 ;_i+4
; end of _i
;Propeller.mbas,18 :: _ff
0x0474	0x34FF ;_ff+0
0x0475	0x3409 ;_ff+1
0x0476	0x3409 ;_ff+2
0x0477	0x3409 ;_ff+3
0x0478	0x3409 ;_ff+4
; end of _ff
;Propeller.mbas,27 :: _nn
0x0479	0x34FE ;_nn+0
0x047A	0x340C ;_nn+1
0x047B	0x3431 ;_nn+2
0x047C	0x34E1 ;_nn+3
0x047D	0x34FE ;_nn+4
; end of _nn
;Propeller.mbas,41 :: _flecha
0x047E	0x3404 ;_flecha+0
0x047F	0x3402 ;_flecha+1
0x0480	0x34FF ;_flecha+2
0x0481	0x3402 ;_flecha+3
0x0482	0x3404 ;_flecha+4
; end of _flecha
;Propeller.mbas,35 :: _v
0x0483	0x343F ;_v+0
0x0484	0x3440 ;_v+1
0x0485	0x3480 ;_v+2
0x0486	0x3440 ;_v+3
0x0487	0x343F ;_v+4
; end of _v
;Propeller.mbas,26 :: _n
0x0488	0x34FF ;_n+0
0x0489	0x3406 ;_n+1
0x048A	0x3418 ;_n+2
0x048B	0x34E0 ;_n+3
0x048C	0x34FF ;_n+4
; end of _n
;Propeller.mbas,32 :: _ss
0x048D	0x348F ;_ss+0
0x048E	0x3489 ;_ss+1
0x048F	0x3489 ;_ss+2
0x0490	0x3489 ;_ss+3
0x0491	0x34F9 ;_ss+4
; end of _ss
;Propeller.mbas,24 :: _l
0x0492	0x34FF ;_l+0
0x0493	0x3480 ;_l+1
0x0494	0x3480 ;_l+2
0x0495	0x3480 ;_l+3
0x0496	0x3480 ;_l+4
; end of _l
;Propeller.mbas,28 :: _o
0x0497	0x34FF ;_o+0
0x0498	0x3481 ;_o+1
0x0499	0x3481 ;_o+2
0x049A	0x3481 ;_o+3
0x049B	0x34FF ;_o+4
; end of _o
;Propeller.mbas,20 :: _h
0x049C	0x34FF ;_h+0
0x049D	0x3410 ;_h+1
0x049E	0x3410 ;_h+2
0x049F	0x3410 ;_h+3
0x04A0	0x34FF ;_h+4
; end of _h
;Propeller.mbas,13 :: _a
0x04A1	0x34FF ;_a+0
0x04A2	0x3409 ;_a+1
0x04A3	0x3409 ;_a+2
0x04A4	0x3409 ;_a+3
0x04A5	0x34FF ;_a+4
; end of _a
;Propeller.mbas,33 :: _t
0x04A6	0x3401 ;_t+0
0x04A7	0x3401 ;_t+1
0x04A8	0x34FF ;_t+2
0x04A9	0x3401 ;_t+3
0x04AA	0x3401 ;_t+4
; end of _t
;Propeller.mbas,17 :: _ee
0x04AB	0x34FF ;_ee+0
0x04AC	0x3491 ;_ee+1
0x04AD	0x3491 ;_ee+2
0x04AE	0x3491 ;_ee+3
0x04AF	0x3481 ;_ee+4
; end of _ee
;Propeller.mbas,34 :: _u
0x04B0	0x34FF ;_u+0
0x04B1	0x3480 ;_u+1
0x04B2	0x3480 ;_u+2
0x04B3	0x3480 ;_u+3
0x04B4	0x34FF ;_u+4
; end of _u
Symbol List:
//** Routines locations **
//ADDRESS    SIZE    PROCEDURE
//----------------------------------------------
0x0003       [7]    _____DoICP
0x000A    [1120]    _main
//** Variables locations ** 
//ADDRESS    SIZE    VARIABLE
//----------------------------------------------
0x0002       [1]    PCL
0x0008       [1]    PORTD
0x000A       [1]    PCLATH
0x0020       [2]    ___DoICPAddr
0x0022       [1]    _veces
0x0023       [1]    _repet
0x0070       [1]    R0
0x0071       [1]    R1
0x0072       [1]    R2
0x0073       [1]    R3
0x0074       [1]    R4
0x0075       [1]    R5
0x0076       [1]    R6
0x0077       [1]    R7
0x0078       [1]    R8
0x0079       [1]    R9
0x007A       [1]    R10
0x007B       [1]    R11
0x007C       [1]    R12
0x007D       [1]    R13
0x007E       [1]    R14
0x007F       [1]    R15
0x0086       [1]    TRISB
0x0088       [1]    TRISD
0x0189       [1]    ANSELH
//** Constants locations ** 
//ADDRESS    SIZE    CONSTANT
//----------------------------------------------
0x046A       [5]    _zz
0x046F       [5]    _i
0x0474       [5]    _ff
0x0479       [5]    _nn
0x047E       [5]    _flecha
0x0483       [5]    _v
0x0488       [5]    _n
0x048D       [5]    _ss
0x0492       [5]    _l
0x0497       [5]    _o
0x049C       [5]    _h
0x04A1       [5]    _a
0x04A6       [5]    _t
0x04AB       [5]    _ee
0x04B0       [5]    _u
